<?xml version="1.0" encoding="UTF-8"?><TestSessionContainer xmlns="http://www.codecover.org/xml/testsession-container" Date="1558328389943" TestSessionContainerId="5012d356-90d2-4060-8f93-83edf0a051ff" version="1.0">
<SrcFileList>
<SrcFile Content="package org.codecover.simplejavaapp;&#10;&#10;import org.codecover.simplejavaapp.controller.AppController;&#10;&#10;/**&#10; * @author Markus Wittlinger&#10; * @version 1.0 ($Id$)&#10; */&#10;public class SimpleJavaApp {&#10;    final static boolean thisIsAMac = System.getProperty(&quot;mrj.version&quot;) != null;&#10;&#10;    /**&#10;     * @param args&#10;     */&#10;    public static void main(String[] args) {&#10;        if (thisIsAMac) {&#10;            System.setProperty(&quot;apple.laf.useScreenMenuBar&quot;, &quot;true&quot;);&#10;        }&#10;        &#10;        AppController.initialize();&#10;    }&#10;}&#10;" Filename="SimpleJavaApp.java" Intrnl_Id="1"/>
<SrcFile Content="package org.codecover.simplejavaapp.controller;&#10;&#10;import java.io.File;&#10;import java.io.IOException;&#10;&#10;import javax.swing.JOptionPane;&#10;import javax.xml.parsers.ParserConfigurationException;&#10;import javax.xml.transform.TransformerException;&#10;&#10;import org.codecover.simplejavaapp.model.AppModel;&#10;import org.codecover.simplejavaapp.model.Book;&#10;import org.codecover.simplejavaapp.view.AppView;&#10;import org.codecover.simplejavaapp.view.AppView.ViewListener;&#10;import org.xml.sax.SAXException;&#10;&#10;/**&#10; * @author Markus Wittlinger&#10; * @version 1.0 ($Id$)&#10; */&#10;public class AppController {&#10;    private static final AppModel model = AppModel.getInstance();&#10;&#10;    private static final AppView view = AppView.getInstance();&#10;&#10;    private static AppController instance;&#10;&#10;    /**&#10;     * Singleton-Pattern method to get the instance of {@link AppController}.&#10;     * &#10;     * @return the instance of the {@link AppController}&#10;     */&#10;    public static AppController getInstance() {&#10;        if (instance == null) {&#10;            instance = new AppController();&#10;        }&#10;&#10;        return instance;&#10;    }&#10;&#10;    private AppController() {&#10;        view.addViewListener(new AppViewListener());&#10;    }&#10;&#10;    /**&#10;     * Opens the application in its initial state.&#10;     */&#10;    public static void initialize() {&#10;        AppController appController = AppController.getInstance();&#10;&#10;        appController.onOpenNewWindow();&#10;    }&#10;&#10;    private void onOpenNewWindow() {&#10;        String fileId = model.newFile();&#10;&#10;        view.openWindow(fileId);&#10;    }&#10;&#10;    private void onNewBook(String fileId) {&#10;        Book book = new Book();&#10;&#10;        model.addBookToFile(fileId, book);&#10;    }&#10;&#10;    private boolean onCloseWindow(String fileId) {&#10;        if (model.isFileModified(fileId)) {&#10;            int result = view.showConfirmationDialog(&#10;                    &quot;The file has modifications. Save before proceeding?&quot;,&#10;                    fileId);&#10;&#10;            switch (result) {&#10;                case JOptionPane.YES_OPTION:&#10;                    if (!onSave(fileId)) {&#10;                        /* Saving was aborted or failed, so we don't proceed */&#10;                        return false;&#10;                    }&#10;                    break;&#10;                case JOptionPane.NO_OPTION:&#10;                    break;&#10;                case JOptionPane.CANCEL_OPTION:&#10;                    /* Saving was aborted or failed, so we don't proceed */&#10;                    return false;&#10;            }&#10;        }&#10;&#10;        view.closeWindow(fileId);&#10;        model.closeFile(fileId, true);&#10;        return true;&#10;    }&#10;&#10;    private void onDelete(String fileId, String[] bookIds) {&#10;        if(bookIds.length == 0) {&#10;            return;&#10;        }&#10;        &#10;        int result = view.showConfirmationDialog(&#10;                &quot;Are you sure you want to delete these books?&quot;, fileId);&#10;        switch (result) {&#10;            case JOptionPane.YES_OPTION:&#10;                for (String bookId : bookIds) {&#10;                    model.removeBookFromFile(fileId, bookId);&#10;                }&#10;                break;&#10;            case JOptionPane.NO_OPTION:&#10;            case JOptionPane.CANCEL_OPTION:&#10;        }&#10;    }&#10;&#10;    private void onOpen(String fileId) {&#10;        if (model.isFileModified(fileId)) {&#10;            int result = view.showConfirmationDialog(&#10;                    &quot;The file has modifications. Save before proceeding?&quot;,&#10;                    fileId);&#10;&#10;            switch (result) {&#10;                case JOptionPane.YES_OPTION:&#10;                    if (!onSave(fileId)) {&#10;                        /* Saving was aborted or failed, so we don't proceed */&#10;                        return;&#10;                    }&#10;                    break;&#10;                case JOptionPane.NO_OPTION:&#10;                    break;&#10;                case JOptionPane.CANCEL_OPTION:&#10;                    /* Saving was aborted or failed, so we don't proceed */&#10;                    return;&#10;            }&#10;        }&#10;&#10;        String path = view.showOpenDialog(fileId);&#10;&#10;        if (path == null) {&#10;            return;&#10;        }&#10;&#10;        try {&#10;            String newFileId = model.loadFile(new File(path));&#10;&#10;            view.openFileInWindow(fileId, newFileId);&#10;            model.closeFile(fileId, true);&#10;        } catch (ParserConfigurationException e) {&#10;            view.showErrorDialog(&quot;Error loading file&quot;, fileId);&#10;        } catch (SAXException e) {&#10;            view.showErrorDialog(&quot;Error loading file&quot;, fileId);&#10;        } catch (IOException e) {&#10;            view.showErrorDialog(&quot;Error loading file&quot;, fileId);&#10;        }&#10;    }&#10;&#10;    private void onQuit(String fileId, String[] allFileIds) {&#10;        for (String id : allFileIds) {&#10;            if (!onCloseWindow(id)) {&#10;                return;&#10;            }&#10;        }&#10;&#10;        /* All windows were closed so we can exit the application. */&#10;        System.exit(0);&#10;    }&#10;&#10;    private boolean onSave(String fileId) {&#10;        String path = model.getPathOfFile(fileId);&#10;&#10;        if (path == null) {&#10;            return onSaveAs(fileId);&#10;        } else {&#10;            save(fileId, new File(path));&#10;            return true;&#10;        }&#10;    }&#10;&#10;    private boolean onSaveAs(String fileId) {&#10;        String path = view.showSaveAsDialog(fileId);&#10;&#10;        if (path == null) {&#10;            return false;&#10;        } else {&#10;            save(fileId, new File(path));&#10;            return true;&#10;        }&#10;    }&#10;&#10;    private void save(String fileId, File file) {&#10;        try {&#10;            model.saveFile(fileId, file);&#10;        } catch (ParserConfigurationException e) {&#10;            view.showErrorDialog(&quot;Error saving file&quot;, fileId);&#10;        } catch (TransformerException e) {&#10;            view.showErrorDialog(&quot;Error saving file&quot;, fileId);&#10;        } catch (IOException e) {&#10;            view.showErrorDialog(&quot;Error saving file&quot;, fileId);&#10;        }&#10;    }&#10;&#10;    private final class AppViewListener implements ViewListener {&#10;&#10;        /**&#10;         * (non-Javadoc)&#10;         * &#10;         * @see org.codecover.simplejavaapp.view.AppView.ViewListener#update(org.codecover.simplejavaapp.view.AppView.ViewListener.ViewEvent,&#10;         *      java.lang.String, java.lang.Object)&#10;         */&#10;        public void update(ViewEvent viewEvent, String fileId, Object args) {&#10;            switch (viewEvent) {&#10;                case EVENT_CLOSE_WINDOW:&#10;                    onCloseWindow(fileId);&#10;                    break;&#10;                case EVENT_DELETE:&#10;                    onDelete(fileId, (String[]) args);&#10;                    break;&#10;                case EVENT_NEW_BOOK:&#10;                    onNewBook(fileId);&#10;                    break;&#10;                case EVENT_NEW_WINDOW:&#10;                    onOpenNewWindow();&#10;                    break;&#10;                case EVENT_OPEN:&#10;                    onOpen(fileId);&#10;                    break;&#10;                case EVENT_QUIT:&#10;                    onQuit(fileId, (String[]) args);&#10;                    break;&#10;                case EVENT_SAVE:&#10;                    onSave(fileId);&#10;                    break;&#10;                case EVENT_SAVE_AS:&#10;                    onSaveAs(fileId);&#10;                    break;&#10;            }&#10;        }&#10;    }&#10;}&#10;" Filename="AppController.java" Intrnl_Id="2"/>
<SrcFile Content="package org.codecover.simplejavaapp.model;&#10;&#10;import java.io.File;&#10;import java.io.FileOutputStream;&#10;import java.io.IOException;&#10;import java.util.Collection;&#10;import java.util.Comparator;&#10;import java.util.Iterator;&#10;import java.util.LinkedList;&#10;import java.util.List;&#10;import java.util.Map;&#10;import java.util.TreeMap;&#10;import java.util.UUID;&#10;&#10;import javax.xml.parsers.DocumentBuilder;&#10;import javax.xml.parsers.DocumentBuilderFactory;&#10;import javax.xml.parsers.ParserConfigurationException;&#10;import javax.xml.transform.OutputKeys;&#10;import javax.xml.transform.Transformer;&#10;import javax.xml.transform.TransformerException;&#10;import javax.xml.transform.TransformerFactory;&#10;import javax.xml.transform.dom.DOMSource;&#10;import javax.xml.transform.stream.StreamResult;&#10;&#10;import org.codecover.simplejavaapp.model.AppModel.AppModelModifyListener;&#10;import org.codecover.simplejavaapp.model.Book.BookModifyListener;&#10;import org.w3c.dom.Document;&#10;import org.w3c.dom.Element;&#10;import org.w3c.dom.Node;&#10;import org.w3c.dom.NodeList;&#10;import org.xml.sax.SAXException;&#10;&#10;/**&#10; * @author Markus Wittlinger&#10; * @version 1.0 ($Id$)&#10; */&#10;public class AppFile {&#10;    private final String id;&#10;&#10;    private final Map&lt;String, Book&gt; books;&#10;&#10;    private final BookListener bookListener;&#10;&#10;    private final List&lt;AppModelModifyListener&gt; modifyListener;&#10;&#10;    private boolean modified = false;&#10;&#10;    private String path;&#10;&#10;    /**&#10;     * Constructor.&#10;     */&#10;    private AppFile() {&#10;        this.id = UUID.randomUUID().toString();&#10;        this.bookListener = new BookListener();&#10;        this.books = new TreeMap&lt;String, Book&gt;(new Comparator&lt;String&gt;() {&#10;            public int compare(String o1, String o2) {&#10;                return o1.compareTo(o2);&#10;            }&#10;        });&#10;        this.modifyListener = new LinkedList&lt;AppModelModifyListener&gt;();&#10;    }&#10;&#10;    /**&#10;     * Creates and returns a new {@link AppFile}.&#10;     * &#10;     * @return the new {@link AppFile}.&#10;     */&#10;    static AppFile newFile() {&#10;        return new AppFile();&#10;    }&#10;&#10;    /**&#10;     * Gets all {@link Book Books} contained in this {@link AppFile}.&#10;     * &#10;     * @return the {@link Collection} of books.&#10;     */&#10;    List&lt;Book&gt; getBooks() {&#10;        return new LinkedList&lt;Book&gt;(this.books.values());&#10;    }&#10;&#10;    /**&#10;     * Gets the {@link Book} with the given id.&#10;     * &#10;     * @param id&#10;     *            the given id.&#10;     * @return the {@link Book} with the given id, or &lt;code&gt;null&lt;/code&gt;, if&#10;     *         no such book existed.&#10;     */&#10;    Book getBook(String id) {&#10;        return this.books.get(id);&#10;    }&#10;&#10;    /**&#10;     * Adds the given {@link Book} to this {@link AppFile}&#10;     * &#10;     * @param book&#10;     *            the given {@link Book}, that is to be added.&#10;     */&#10;    void addBook(Book book) {&#10;        this.books.put(book.getId(), book);&#10;        book.setBookModifyListener(this.bookListener);&#10;&#10;        setModified(true);&#10;    }&#10;&#10;    /**&#10;     * Removes the {@link Book} with the given id.&#10;     * &#10;     * @param bookId&#10;     *            the id of the book {@link Book}.&#10;     */&#10;    void removeBook(String bookId) {&#10;        this.books.remove(bookId);&#10;&#10;        setModified(true);&#10;    }&#10;&#10;    /**&#10;     * Gets the id of this {@link AppFile}.&#10;     * &#10;     * @return the id.&#10;     */&#10;    String getId() {&#10;        return this.id;&#10;    }&#10;&#10;    /**&#10;     * Gets the modified.&#10;     * &#10;     * @return the modified&#10;     */&#10;    boolean isModified() {&#10;        return this.modified;&#10;    }&#10;&#10;    /**&#10;     * Sets the modified.&#10;     * &#10;     * @param modified&#10;     *            the modified to set&#10;     */&#10;    void setModified(boolean modified) {&#10;        this.modified = modified;&#10;        notifyListeners();&#10;    }&#10;&#10;    /**&#10;     * Adds the given {@link AppModelModifyListener} to the list of listeners&#10;     * &#10;     * @param listener&#10;     *            the given {@link AppModelModifyListener}&#10;     */&#10;    void addAppModelModifyListener(AppModelModifyListener listener) {&#10;        this.modifyListener.add(listener);&#10;    }&#10;&#10;    /**&#10;     * Removes the given {@link AppModelModifyListener} from the list of&#10;     * listeners&#10;     * &#10;     * @param listener&#10;     *            the given {@link AppModelModifyListener}&#10;     */&#10;    void removeAppModelModifyListener(AppModelModifyListener listener) {&#10;        this.modifyListener.remove(listener);&#10;    }&#10;&#10;    private void notifyListeners() {&#10;        for (AppModelModifyListener listener : this.modifyListener) {&#10;            listener.appFileModified(getId(), isModified());&#10;        }&#10;    }&#10;&#10;    /**&#10;     * Sets the path.&#10;     * &#10;     * @param path&#10;     *            the path to set&#10;     */&#10;    private void setPath(String path) {&#10;        this.path = path;&#10;        notifyListeners();&#10;    }&#10;&#10;    /**&#10;     * Gets the path.&#10;     * &#10;     * @return the path&#10;     */&#10;    String getPath() {&#10;        return this.path;&#10;    }&#10;&#10;    /**&#10;     * Saves this {@link AppFile} as a XML file to the given location.&#10;     * &#10;     * @param file&#10;     *            the given location.&#10;     * @throws ParserConfigurationException&#10;     * @throws TransformerException&#10;     * @throws IOException&#10;     */&#10;    void saveAppFile(File file) throws ParserConfigurationException,&#10;            TransformerException, IOException {&#10;        Document xmlDoc = null;&#10;        DocumentBuilderFactory docBFac;&#10;        DocumentBuilder docBuild;&#10;&#10;        docBFac = DocumentBuilderFactory.newInstance();&#10;        docBFac.setNamespaceAware(true);&#10;        docBuild = docBFac.newDocumentBuilder();&#10;        xmlDoc = docBuild.newDocument();&#10;&#10;        if (xmlDoc != null) {&#10;            Element documentElement = xmlDoc.createElement(&quot;SimpleJavaApp&quot;);&#10;            xmlDoc.appendChild(documentElement);&#10;&#10;            Element bookListElement = xmlDoc.createElement(&quot;BookList&quot;);&#10;&#10;            for (Book book : getBooks()) {&#10;                bookListElement.appendChild(book.getXMLRepresentation(xmlDoc));&#10;            }&#10;&#10;            documentElement.appendChild(bookListElement);&#10;        }&#10;&#10;        FileOutputStream out = new FileOutputStream(file);&#10;        try {&#10;            DOMSource domSource = new DOMSource(xmlDoc);&#10;            StreamResult streamResult = new StreamResult(out);&#10;            TransformerFactory tf = TransformerFactory.newInstance();&#10;            Transformer serializer = tf.newTransformer();&#10;            serializer.setOutputProperty(OutputKeys.ENCODING, &quot;UTF-8&quot;);&#10;            serializer.setOutputProperty(OutputKeys.INDENT, &quot;yes&quot;);&#10;            serializer.transform(domSource, streamResult);&#10;            out.flush();&#10;&#10;            /*&#10;             * All saving operations were successful, so the AppFile can be set&#10;             * to 'not modified'.&#10;             */&#10;            this.setModified(false);&#10;            this.setPath(file.getAbsolutePath());&#10;        } finally {&#10;            out.close();&#10;        }&#10;    }&#10;&#10;    /**&#10;     * Loads an {@link AppFile} from the given location.&#10;     * &#10;     * @param file&#10;     *            the location of the persistently saved {@link AppFile}&#10;     * @return the read {@link AppFile}.&#10;     * @throws ParserConfigurationException&#10;     * @throws SAXException&#10;     * @throws IOException&#10;     */&#10;    static AppFile loadAppFile(File file) throws ParserConfigurationException,&#10;            SAXException, IOException {&#10;        AppFile appFile = AppFile.newFile();&#10;&#10;        DocumentBuilderFactory factory = DocumentBuilderFactory.newInstance();&#10;        factory.setNamespaceAware(true);&#10;        DocumentBuilder DocumentBuilder = factory.newDocumentBuilder();&#10;        Document xmlDoc = DocumentBuilder.parse(file);&#10;&#10;        Element element = xmlDoc.getDocumentElement();&#10;&#10;        NodeListIterable nodeListIterable = appFile.new NodeListIterable(&#10;                element.getElementsByTagName(&quot;BookList&quot;));&#10;        for (Node node : nodeListIterable) {&#10;            for (Node subNode : appFile.new NodeListIterable(((Element) node)&#10;                    .getElementsByTagName(&quot;Book&quot;))) {&#10;                appFile.addBook(Book.getBookFromXML((Element) subNode));&#10;            }&#10;        }&#10;&#10;        appFile.setModified(false);&#10;        appFile.setPath(file.getAbsolutePath());&#10;&#10;        return appFile;&#10;    }&#10;&#10;    private final class NodeListIterable implements Iterable&lt;Node&gt; {&#10;        private final List&lt;Node&gt; list;&#10;&#10;        /**&#10;         * Initializes this class with the {@link NodeList} it is supposed to&#10;         * encapsulate.&#10;         * &#10;         * @param nodeList&#10;         *            the {@link NodeList} to encapsulate.&#10;         */&#10;        public NodeListIterable(NodeList nodeList) {&#10;            this.list = new LinkedList&lt;Node&gt;();&#10;&#10;            for (int i = 0; i &lt; nodeList.getLength(); i++) {&#10;                this.list.add(nodeList.item(i));&#10;            }&#10;        }&#10;&#10;        /**&#10;         * (non-Javadoc)&#10;         * &#10;         * @see java.lang.Iterable#iterator()&#10;         */&#10;        public Iterator&lt;Node&gt; iterator() {&#10;            return this.list.iterator();&#10;        }&#10;    }&#10;&#10;    private final class BookListener implements BookModifyListener {&#10;&#10;        /**&#10;         * (non-Javadoc)&#10;         * &#10;         * @see org.codecover.simplejavaapp.model.Book.BookModifyListener#stateModified()&#10;         */&#10;        public void stateModified() {&#10;            AppFile.this.setModified(true);&#10;        }&#10;    }&#10;}&#10;" Filename="AppFile.java" Intrnl_Id="3"/>
<SrcFile Content="package org.codecover.simplejavaapp.model;&#10;&#10;import java.io.File;&#10;import java.io.IOException;&#10;import java.util.Collection;&#10;import java.util.HashMap;&#10;import java.util.List;&#10;import java.util.Map;&#10;&#10;import javax.xml.parsers.ParserConfigurationException;&#10;import javax.xml.transform.TransformerException;&#10;&#10;import org.xml.sax.SAXException;&#10;&#10;/**&#10; * @author Markus Wittlinger&#10; * @version 1.0 ($Id$)&#10; */&#10;public class AppModel {&#10;    private static AppModel instance;&#10;&#10;    private final Map&lt;String, AppFile&gt; appFiles;&#10;&#10;    /**&#10;     * Singleton-Pattern method to get the instance of {@link AppModel}.&#10;     * &#10;     * @return the instance of the {@link AppModel}&#10;     */&#10;    public static AppModel getInstance() {&#10;        if (instance == null) {&#10;            instance = new AppModel();&#10;        }&#10;&#10;        return instance;&#10;    }&#10;&#10;    private AppModel() {&#10;        this.appFiles = new HashMap&lt;String, AppFile&gt;();&#10;    }&#10;&#10;    /**&#10;     * Adds a new {@link AppFile} to the model and returns its id.&#10;     * &#10;     * @return the id of the {@link AppFile}.&#10;     */&#10;    public String newFile() {&#10;        AppFile appFile = AppFile.newFile();&#10;        putAppFile(appFile);&#10;&#10;        return appFile.getId();&#10;    }&#10;&#10;    /**&#10;     * Loads an {@link AppFile} from the given location.&#10;     * &#10;     * @param file&#10;     *            the location of the persistently saved {@link AppFile}&#10;     * @return the read {@link AppFile}.&#10;     * @throws ParserConfigurationException&#10;     * @throws SAXException&#10;     * @throws IOException&#10;     */&#10;    public String loadFile(File file) throws ParserConfigurationException,&#10;            SAXException, IOException {&#10;        if (file == null) {&#10;            throw new NullPointerException(&quot;file == null&quot;);&#10;        }&#10;&#10;        AppFile appFile = AppFile.loadAppFile(file);&#10;        putAppFile(appFile);&#10;&#10;        return appFile.getId();&#10;    }&#10;&#10;    /**&#10;     * Saves the {@link AppFile} with the given id as a XML file to the given&#10;     * location.&#10;     * &#10;     * @param fileId&#10;     *            the id of the {@link AppFile}&#10;     * @param file&#10;     *            the given location.&#10;     * @throws ParserConfigurationException&#10;     * @throws TransformerException&#10;     * @throws IOException&#10;     */&#10;    public void saveFile(String fileId, File file)&#10;            throws ParserConfigurationException, TransformerException,&#10;            IOException {&#10;        if (file == null) {&#10;            throw new NullPointerException(&quot;file == null&quot;);&#10;        }&#10;&#10;        AppFile appFile = getAppFile(fileId);&#10;&#10;        appFile.saveAppFile(file);&#10;    }&#10;&#10;    /**&#10;     * Closes the {@link AppFile} with the given id.&#10;     * &#10;     * @param fileId&#10;     *            the id of the {@link AppFile}.&#10;     * @param force&#10;     *            if this is set to true, the file is closed even with&#10;     *            modification&#10;     * @return true &amp;rarr; the {@link AppFile} was not modified and is now&#10;     *         closed. &lt;/br&gt; false &amp;rarr; the {@link AppFile} was modified and&#10;     *         is still open.&#10;     */&#10;    public boolean closeFile(String fileId, boolean force) {&#10;        if (isFileModified(fileId) &amp;&amp; !force) {&#10;            return false;&#10;        }&#10;&#10;        this.appFiles.remove(fileId);&#10;        return true;&#10;    }&#10;&#10;    /**&#10;     * @param appFile&#10;     */&#10;    private void putAppFile(AppFile appFile) {&#10;        this.appFiles.put(appFile.getId(), appFile);&#10;    }&#10;&#10;    /**&#10;     * Gets the {@link Book}s stored in the {@link AppFile} with the given id.&#10;     * &#10;     * @param fileId&#10;     *            the id of the {@link AppFile}.&#10;     * @return the {@link Collection} of {@link Book}s.&#10;     */&#10;    public List&lt;Book&gt; getBooksInFile(String fileId) {&#10;        AppFile appFile = getAppFile(fileId);&#10;&#10;        return appFile.getBooks();&#10;    }&#10;&#10;    /**&#10;     * Gets the {@link Book} stored in the {@link AppFile} with the given id.&#10;     * &#10;     * @param fileId&#10;     *            the id of the {@link AppFile}.&#10;     * @param bookId&#10;     *            the id of the {@link Book}.&#10;     * @return the {@link Book} with the given id, or &lt;code&gt;null&lt;/code&gt;, if&#10;     *         no such book existed.&#10;     */&#10;    public Book getBooksInFile(String fileId, String bookId) {&#10;        if (bookId == null) {&#10;            throw new NullPointerException(&quot;bookId == null&quot;);&#10;        }&#10;&#10;        AppFile appFile = getAppFile(fileId);&#10;&#10;        return appFile.getBook(bookId);&#10;    }&#10;&#10;    /**&#10;     * Adds the given {@link Book} to the {@link AppFile} with the given id.&#10;     * &#10;     * @param fileId&#10;     *            the id of the {@link AppFile}&#10;     * @param book&#10;     *            the {@link Book} to be added.&#10;     */&#10;    public void addBookToFile(String fileId, Book book) {&#10;        if (book == null) {&#10;            throw new NullPointerException(&quot;book == null&quot;);&#10;        }&#10;&#10;        AppFile appFile = getAppFile(fileId);&#10;&#10;        appFile.addBook(book);&#10;    }&#10;&#10;    /**&#10;     * Removes the {@link Book} with the given id from the {@link AppFile} with&#10;     * the given id.&#10;     * &#10;     * @param fileId&#10;     *            the id of the {@link AppFile}&#10;     * @param bookId&#10;     *            the id of the {@link Book}.&#10;     */&#10;    public void removeBookFromFile(String fileId, String bookId) {&#10;        if (bookId == null) {&#10;            throw new NullPointerException(&quot;bookId == null&quot;);&#10;        }&#10;&#10;        AppFile appFile = getAppFile(fileId);&#10;&#10;        appFile.removeBook(bookId);&#10;    }&#10;&#10;    /**&#10;     * Returns, whether or not the {@link AppFile} with the given id, is in it's&#10;     * modified state.&#10;     * &#10;     * @param fileId&#10;     *            the id of the {@link AppFile}.&#10;     * @return the modified state of the {@link AppFile}.&#10;     */&#10;    public boolean isFileModified(String fileId) {&#10;        AppFile appFile = getAppFile(fileId);&#10;&#10;        return appFile.isModified();&#10;    }&#10;&#10;    /**&#10;     * Gets the previously set path used to save the {@link AppFile}.&#10;     * &#10;     * @param fileId&#10;     *            the if of the {@link AppFile}&#10;     * @return the path or &lt;code&gt;null&lt;/code&gt;, if the {@link AppFile} was&#10;     *         never saved before.&#10;     */&#10;    public String getPathOfFile(String fileId) {&#10;        AppFile appFile = getAppFile(fileId);&#10;&#10;        return appFile.getPath();&#10;    }&#10;&#10;    /**&#10;     * Adds the given {@link AppModelModifyListener} to the {@link AppFile} with&#10;     * the given id.&#10;     * &#10;     * @param fileId&#10;     *            the id of the {@link AppFile}.&#10;     * @param listener&#10;     *            the given {@link AppModelModifyListener}&#10;     */&#10;    public void addAppModelModifyListenerToFile(String fileId,&#10;            AppModelModifyListener listener) {&#10;        if (listener == null) {&#10;            throw new NullPointerException(&quot;listener == null&quot;);&#10;        }&#10;&#10;        AppFile appFile = getAppFile(fileId);&#10;&#10;        appFile.addAppModelModifyListener(listener);&#10;    }&#10;&#10;    /**&#10;     * Removes the given {@link AppModelModifyListener} from the {@link AppFile}&#10;     * with the given id.&#10;     * &#10;     * @param fileId&#10;     *            the id of the {@link AppFile}.&#10;     * @param listener&#10;     *            the given {@link AppModelModifyListener}&#10;     */&#10;    public void removeAppModelModifyListener(String fileId,&#10;            AppModelModifyListener listener) {&#10;        if (listener == null) {&#10;            throw new NullPointerException(&quot;listener == null&quot;);&#10;        }&#10;&#10;        AppFile appFile = getAppFile(fileId);&#10;&#10;        appFile.removeAppModelModifyListener(listener);&#10;    }&#10;&#10;    /**&#10;     * Gets the {@link AppFile} with the given id and handles all exceptions&#10;     * &#10;     * @param fileId&#10;     *            the id of the {@link AppFile}&#10;     * @return the {@link AppFile};&#10;     */&#10;    private AppFile getAppFile(String fileId) {&#10;        if (fileId == null) {&#10;            throw new NullPointerException(&quot;fileId == null&quot;);&#10;        }&#10;&#10;        AppFile appFile = this.appFiles.get(fileId);&#10;&#10;        if (appFile == null) {&#10;            throw new IllegalArgumentException(&#10;                    &quot;No file with the given id in the model!&quot;);&#10;        }&#10;        return appFile;&#10;    }&#10;&#10;    /**&#10;     * @author Markus Wittlinger&#10;     * @version 1.0 ($Id$)&#10;     */&#10;    public interface AppModelModifyListener {&#10;        /**&#10;         * Notifies, that the modified state of the {@link AppFile} with the&#10;         * given id, has changed.&#10;         * &#10;         * @param fileId&#10;         *            the id of the {@link AppFile}.&#10;         * @param modified&#10;         *            the new modified state of {@link AppFile}.&#10;         */&#10;        public void appFileModified(String fileId, boolean modified);&#10;    }&#10;}&#10;" Filename="AppModel.java" Intrnl_Id="4"/>
<SrcFile Content="package org.codecover.simplejavaapp.model;&#10;&#10;import java.util.UUID;&#10;&#10;import org.w3c.dom.Document;&#10;import org.w3c.dom.Element;&#10;&#10;/**&#10; * A model class holding the data of a book. Also contains methods for&#10; * persistent storage.&#10; * &#10; * @author Markus Wittlinger&#10; * @version 1.0 ($Id$)&#10; */&#10;public class Book {&#10;    private static final String YEAR = &quot;year&quot;;&#10;&#10;    private static final String NAME = &quot;name&quot;;&#10;&#10;    private static final String ISBN = &quot;isbn&quot;;&#10;&#10;    private static final String ID = &quot;id&quot;;&#10;&#10;    private static final String AUTHOR = &quot;author&quot;;&#10;&#10;    private final String id;&#10;&#10;    private String name = &quot;name&quot;;&#10;&#10;    private String author = &quot;author&quot;;&#10;&#10;    private int year = 2007;&#10;&#10;    private String isbn = &quot;isbn&quot;;&#10;&#10;    private BookModifyListener listener;&#10;&#10;    /**&#10;     * Constructor, which creates a {@link Book} with the given id.&#10;     * &#10;     * @param id&#10;     *            the id of the {@link Book}&#10;     */&#10;    public Book(String id) {&#10;        this.id = id;&#10;    }&#10;&#10;    /**&#10;     * Constructor, which gives this {@link Book} a random id.&#10;     */&#10;    public Book() {&#10;        this(UUID.randomUUID().toString());&#10;    }&#10;&#10;    /**&#10;     * Gets the id.&#10;     * &#10;     * @return the id&#10;     */&#10;    public String getId() {&#10;        return this.id;&#10;    }&#10;&#10;    /**&#10;     * Gets the name.&#10;     * &#10;     * @return the name&#10;     */&#10;    public String getName() {&#10;        return this.name;&#10;    }&#10;&#10;    /**&#10;     * Gets the author.&#10;     * &#10;     * @return the author&#10;     */&#10;    public String getAuthor() {&#10;        return this.author;&#10;    }&#10;&#10;    /**&#10;     * Gets the year.&#10;     * &#10;     * @return the year&#10;     */&#10;    public int getYear() {&#10;        return this.year;&#10;    }&#10;&#10;    /**&#10;     * Gets the isbn.&#10;     * &#10;     * @return the isbn&#10;     */&#10;    public String getIsbn() {&#10;        return this.isbn;&#10;    }&#10;&#10;    /**&#10;     * Sets the name.&#10;     * &#10;     * @param name&#10;     *            the name to set&#10;     */&#10;    public void setName(String name) {&#10;        this.name = name;&#10;        notifiyChange();&#10;    }&#10;&#10;    /**&#10;     * Sets the author.&#10;     * &#10;     * @param author&#10;     *            the author to set&#10;     */&#10;    public void setAuthor(String author) {&#10;        this.author = author;&#10;        notifiyChange();&#10;    }&#10;&#10;    /**&#10;     * Sets the year.&#10;     * &#10;     * @param year&#10;     *            the year to set&#10;     */&#10;    public void setYear(int year) {&#10;        this.year = year;&#10;        notifiyChange();&#10;    }&#10;&#10;    /**&#10;     * Sets the isbn.&#10;     * &#10;     * @param isbn&#10;     *            the isbn to set&#10;     */&#10;    public void setIsbn(String isbn) {&#10;        this.isbn = isbn;&#10;        notifiyChange();&#10;    }&#10;&#10;    private void notifiyChange() {&#10;        if (this.listener == null) {&#10;            return;&#10;        }&#10;&#10;        this.listener.stateModified();&#10;    }&#10;&#10;    /**&#10;     * Sets the {@link BookModifyListener}, that is notified, when a change&#10;     * occurs.&#10;     * &#10;     * @param listener&#10;     *            the {@link BookModifyListener}&#10;     */&#10;    public void setBookModifyListener(BookModifyListener listener) {&#10;        this.listener = listener;&#10;    }&#10;&#10;    /**&#10;     * Return a DOM {@link Element}, which holds all the data of this instance&#10;     * of {@link Book}.&#10;     * &#10;     * @param xmlDoc&#10;     *            the document, in which the {@link Element} is to be created.&#10;     * @return the created {@link Element}.&#10;     */&#10;    public Element getXMLRepresentation(Document xmlDoc) {&#10;        if (xmlDoc == null) {&#10;            throw new NullPointerException(&quot;xmlDoc == null&quot;);&#10;        }&#10;&#10;        Element bookElement = xmlDoc.createElement(&quot;Book&quot;);&#10;&#10;        bookElement.setAttribute(AUTHOR, getAuthor());&#10;        bookElement.setAttribute(ID, getId());&#10;        bookElement.setAttribute(ISBN, getIsbn());&#10;        bookElement.setAttribute(NAME, getName());&#10;        bookElement.setAttribute(YEAR, Integer.toString(getYear()));&#10;&#10;        return bookElement;&#10;    }&#10;&#10;    /**&#10;     * Gets the book, that is contained this the given DOM {@link Element}&#10;     * &#10;     * @param element&#10;     *            the DOM {@link Element} holding the data.&#10;     * @return the extracted {@link Book}&#10;     */&#10;    public static Book getBookFromXML(Element element) {&#10;        String author = element.getAttribute(AUTHOR);&#10;        String id = element.getAttribute(ID);&#10;        String isbn = element.getAttribute(ISBN);&#10;        String name = element.getAttribute(NAME);&#10;        String year = element.getAttribute(YEAR);&#10;&#10;        Book book = new Book(id);&#10;&#10;        book.setAuthor(author);&#10;        book.setIsbn(isbn);&#10;        book.setName(name);&#10;        book.setYear(Integer.parseInt(year));&#10;&#10;        return book;&#10;    }&#10;&#10;    /**&#10;     * A listener to monitor changes in the {@link Book}.&#10;     * &#10;     * @author Markus Wittlinger&#10;     * @version 1.0 ($Id$)&#10;     */&#10;    public interface BookModifyListener {&#10;        /**&#10;         * Is called every time a property of the book is changed.&#10;         */&#10;        public void stateModified();&#10;    }&#10;}&#10;" Filename="Book.java" Intrnl_Id="5"/>
<SrcFile Content="package org.codecover.simplejavaapp.view;&#10;&#10;import java.util.HashMap;&#10;import java.util.LinkedList;&#10;import java.util.List;&#10;import java.util.Map;&#10;import java.util.Set;&#10;&#10;import javax.swing.JFileChooser;&#10;import javax.swing.JOptionPane;&#10;&#10;import org.codecover.simplejavaapp.controller.AppController;&#10;import org.codecover.simplejavaapp.model.AppFile;&#10;import org.codecover.simplejavaapp.model.AppModel;&#10;import org.codecover.simplejavaapp.view.AppView.ViewListener.ViewEvent;&#10;&#10;/**&#10; * @author Markus Wittlinger&#10; * @version 1.0 ($Id$)&#10; */&#10;public class AppView {&#10;    private static final AppModel model = AppModel.getInstance();&#10;&#10;    private static AppView instance;&#10;&#10;    private final List&lt;ViewListener&gt; listeners;&#10;&#10;    private final Map&lt;String, FrameMain&gt; windowList;&#10;&#10;    /**&#10;     * Singleton-Pattern method to get the instance of {@link AppView}.&#10;     * &#10;     * @return the instance of the {@link AppView}&#10;     */&#10;    public static AppView getInstance() {&#10;        if (instance == null) {&#10;            instance = new AppView();&#10;        }&#10;&#10;        return instance;&#10;    }&#10;&#10;    private AppView() {&#10;        this.windowList = new HashMap&lt;String, FrameMain&gt;();&#10;        this.listeners = new LinkedList&lt;ViewListener&gt;();&#10;    }&#10;&#10;    void notifyViewListener(ViewEvent viewEvent, String fileId, Object args) {&#10;        for (ViewListener listener : this.listeners) {&#10;            listener.update(viewEvent, fileId, args);&#10;        }&#10;    }&#10;&#10;    /**&#10;     * Adds the given {@link ViewListener} to the list of listeners.&#10;     * &#10;     * @param listener&#10;     *            the given {@link ViewListener}&#10;     */&#10;    public void addViewListener(ViewListener listener) {&#10;        this.listeners.add(listener);&#10;    }&#10;&#10;    /**&#10;     * Removes the given {@link ViewListener} from the list of listeners.&#10;     * &#10;     * @param listener&#10;     *            the given {@link ViewListener}&#10;     */&#10;    public void removeViewListener(ViewListener listener) {&#10;        this.listeners.remove(listener);&#10;    }&#10;&#10;    /**&#10;     * Opens a new window with the {@link AppFile}, as denoted by the given id,&#10;     * as its content.&#10;     * &#10;     * @param fileId&#10;     *            the id of the {@link AppFile}.&#10;     */&#10;    public void openWindow(String fileId) {&#10;        FrameMain frameMain = new FrameMain(model.getPathOfFile(fileId), fileId);&#10;&#10;        this.windowList.put(fileId, frameMain);&#10;        frameMain.setVisible(true);&#10;    }&#10;&#10;    /**&#10;     * Opens a file with the given id in the window currently still displaying&#10;     * another file.&#10;     * &#10;     * @param oldFileId&#10;     *            the id of the currently displayed file.&#10;     * @param newFileId&#10;     *            the id of the to be displayed file.&#10;     */&#10;    public void openFileInWindow(String oldFileId, String newFileId) {&#10;        FrameMain frameMain = getWindowFromId(oldFileId);&#10;&#10;        this.windowList.remove(oldFileId);&#10;&#10;        this.windowList.put(newFileId, frameMain);&#10;&#10;        frameMain.setFileId(newFileId);&#10;    }&#10;&#10;    /**&#10;     * Closes the window displaying the file with the given id.&#10;     * &#10;     * @param fileId&#10;     *            the id of the displayed file.&#10;     */&#10;    public void closeWindow(String fileId) {&#10;        FrameMain frameMain = getWindowFromId(fileId);&#10;&#10;        this.windowList.remove(fileId);&#10;&#10;        frameMain.setVisible(false);&#10;        frameMain.dispose();&#10;    }&#10;&#10;    /**&#10;     * Displays the given error message.&#10;     * &#10;     * @param message&#10;     *            the error message.&#10;     * @param fileId&#10;     *            the id of the currently displayed file.&#10;     */&#10;    public void showErrorDialog(String message, String fileId) {&#10;        JOptionPane.showMessageDialog(getWindowFromId(fileId), message,&#10;                &quot;Error&quot;, JOptionPane.ERROR_MESSAGE);&#10;    }&#10;&#10;    /**&#10;     * Displays the given error message.&#10;     * &#10;     * @param message&#10;     *            the error message.&#10;     * @param fileId&#10;     *            the id of the currently displayed file.&#10;     * @return the result&#10;     */&#10;    public int showConfirmationDialog(String message, String fileId) {&#10;        return JOptionPane.showConfirmDialog(getWindowFromId(fileId), message,&#10;                &quot;Please Confirm&quot;, JOptionPane.YES_NO_CANCEL_OPTION);&#10;    }&#10;&#10;    /**&#10;     * Shows a save asâ€¦ dialog.&#10;     * &#10;     * @param fileId&#10;     *            the id of the currently displayed file.&#10;     * @return the path of the file, or &lt;code&gt;null&lt;/code&gt; if the action was&#10;     *         canceled.&#10;     */&#10;    public String showSaveAsDialog(String fileId) {&#10;        JFileChooser chooser = new JFileChooser();&#10;        chooser.setDialogType(JFileChooser.SAVE_DIALOG);&#10;        chooser.setDialogTitle(&quot;Save Asâ€¦&quot;);&#10;        chooser.setFileSelectionMode(JFileChooser.FILES_ONLY);&#10;&#10;        if (chooser.showSaveDialog(getWindowFromId(fileId)) == JFileChooser.APPROVE_OPTION) {&#10;            return chooser.getSelectedFile().getAbsolutePath();&#10;        }&#10;&#10;        return null;&#10;    }&#10;&#10;    /**&#10;     * Shows a open dialog.&#10;     * &#10;     * @param fileId&#10;     *            the id of the currently displayed file.&#10;     * @return the path of the file, or &lt;code&gt;null&lt;/code&gt; if the action was&#10;     *         canceled.&#10;     */&#10;    public String showOpenDialog(String fileId) {&#10;        JFileChooser chooser = new JFileChooser();&#10;        chooser.setDialogType(JFileChooser.OPEN_DIALOG);&#10;        chooser.setDialogTitle(&quot;Open&quot;);&#10;        chooser.setFileSelectionMode(JFileChooser.FILES_ONLY);&#10;&#10;        if (chooser.showOpenDialog(getWindowFromId(fileId)) == JFileChooser.APPROVE_OPTION) {&#10;            return chooser.getSelectedFile().getAbsolutePath();&#10;        }&#10;&#10;        return null;&#10;    }&#10;&#10;    private FrameMain getWindowFromId(String fileId) {&#10;        return this.windowList.get(fileId);&#10;    }&#10;&#10;    String[] getAllFileIds() {&#10;        Set&lt;String&gt; idSet = this.windowList.keySet();&#10;        String[] ids = new String[idSet.size()];&#10;        idSet.toArray(ids);&#10;&#10;        return ids;&#10;    }&#10;&#10;    /**&#10;     * A listener to notify the {@link AppController} of any events, that are&#10;     * relevant to it.&#10;     * &#10;     * @author Markus Wittlinger&#10;     * @version 1.0 ($Id$)&#10;     */&#10;    public interface ViewListener {&#10;        /**&#10;         * An enum denoting the events the AppView can send.&#10;         * &#10;         * @author Markus Wittlinger&#10;         * @version 1.0 ($Id$)&#10;         */&#10;        enum ViewEvent {&#10;            /**&#10;             * EVENT_NEW_WINDOW&#10;             */&#10;            EVENT_NEW_WINDOW,&#10;            /**&#10;             * EVENT_NEW_BOOK&#10;             */&#10;            EVENT_NEW_BOOK,&#10;            /**&#10;             * EVENT_OPEN (args contains the ids of the selected books as a&#10;             * String array)&#10;             */&#10;            EVENT_OPEN,&#10;            /**&#10;             * EVENT_CLOSE_WINDOW&#10;             */&#10;            EVENT_CLOSE_WINDOW,&#10;            /**&#10;             * EVENT_SAVE&#10;             */&#10;            EVENT_SAVE,&#10;            /**&#10;             * EVENT_SAVE_AS&#10;             */&#10;            EVENT_SAVE_AS,&#10;            /**&#10;             * EVENT_DELETE&#10;             */&#10;            EVENT_DELETE,&#10;            /**&#10;             * EVENT_QUIT (args contains the ids of the open files as a String&#10;             * array)&#10;             */&#10;            EVENT_QUIT;&#10;        }&#10;&#10;        /**&#10;         * Is called, when an event occurs.&#10;         * &#10;         * @param viewEvent&#10;         *            the type of event&#10;         * @param fileId&#10;         *            the id of the file and windows the event occurred in.&#10;         * @param args&#10;         *            the additional arguments, that are passed.&#10;         */&#10;        public void update(ViewEvent viewEvent, String fileId, Object args);&#10;    }&#10;}&#10;" Filename="AppView.java" Intrnl_Id="6"/>
<SrcFile Content="package org.codecover.simplejavaapp.view;&#10;&#10;import java.awt.BorderLayout;&#10;import java.awt.Color;&#10;import java.awt.event.ActionEvent;&#10;import java.awt.event.InputEvent;&#10;import java.awt.event.KeyEvent;&#10;import java.awt.event.WindowAdapter;&#10;import java.awt.event.WindowEvent;&#10;import java.util.List;&#10;&#10;import javax.swing.AbstractAction;&#10;import javax.swing.Action;&#10;import javax.swing.ImageIcon;&#10;import javax.swing.JButton;&#10;import javax.swing.JFrame;&#10;import javax.swing.JMenu;&#10;import javax.swing.JMenuBar;&#10;import javax.swing.JMenuItem;&#10;import javax.swing.JScrollPane;&#10;import javax.swing.JTable;&#10;import javax.swing.JToolBar;&#10;import javax.swing.KeyStroke;&#10;import javax.swing.table.AbstractTableModel;&#10;&#10;import org.codecover.simplejavaapp.model.AppModel;&#10;import org.codecover.simplejavaapp.model.Book;&#10;import org.codecover.simplejavaapp.model.AppModel.AppModelModifyListener;&#10;&#10;/**&#10; * @author Markus Wittlinger&#10; * @version 1.0 ($Id$)&#10; */&#10;@SuppressWarnings(&quot;serial&quot;)&#10;public class FrameMain extends JFrame {&#10;    private final String[] colNames = new String[] {&quot;Author&quot;,&#10;                                                    &quot;Name&quot;,&#10;                                                    &quot;Year&quot;,&#10;                                                    &quot;ISBN&quot;};&#10;&#10;    private static final AppModel model = AppModel.getInstance();&#10;&#10;    private static final AppView view = AppView.getInstance();&#10;&#10;    private String fileId;&#10;&#10;    private JTable table;&#10;&#10;    private final AppAction newWindowAction = new AppAction(&quot;New Window&quot;, null,&#10;            &quot;Creates a new file and opens it in a new window.&quot;, KeyStroke&#10;                    .getKeyStroke('N', InputEvent.META_DOWN_MASK)) {&#10;&#10;        /**&#10;         * (non-Javadoc)&#10;         * &#10;         * @see java.awt.event.ActionListener#actionPerformed(java.awt.event.ActionEvent)&#10;         */&#10;        public void actionPerformed(ActionEvent e) {&#10;            view.notifyViewListener(&#10;                    AppView.ViewListener.ViewEvent.EVENT_NEW_WINDOW,&#10;                    FrameMain.this.fileId, null);&#10;        }&#10;    };&#10;&#10;    private final AppAction newBookAction = new AppAction(&quot;New Book&quot;,&#10;            new ImageIcon(&quot;icons/new.png&quot;), &quot;Creates a new book.&quot;, KeyStroke&#10;                    .getKeyStroke('N', InputEvent.META_DOWN_MASK&#10;                            | InputEvent.SHIFT_DOWN_MASK)) {&#10;&#10;        public void actionPerformed(ActionEvent e) {&#10;            view.notifyViewListener(&#10;                    AppView.ViewListener.ViewEvent.EVENT_NEW_BOOK,&#10;                    FrameMain.this.fileId, null);&#10;        }&#10;    };&#10;&#10;    private final AppAction closeWindowAction = new AppAction(&quot;Close Window&quot;,&#10;            null, &quot;Closes the window.&quot;, KeyStroke.getKeyStroke('W',&#10;                    InputEvent.META_DOWN_MASK)) {&#10;&#10;        public void actionPerformed(ActionEvent e) {&#10;            view.notifyViewListener(&#10;                    AppView.ViewListener.ViewEvent.EVENT_CLOSE_WINDOW,&#10;                    FrameMain.this.fileId, null);&#10;        }&#10;    };&#10;&#10;    private final AppAction deleteAction = new AppAction(&quot;Delete&quot;,&#10;            new ImageIcon(&quot;icons/delete.png&quot;), &quot;Deletes the selected element.&quot;,&#10;            KeyStroke.getKeyStroke(KeyEvent.VK_DELETE, 0)) {&#10;&#10;        public void actionPerformed(ActionEvent e) {&#10;            view.notifyViewListener(&#10;                    AppView.ViewListener.ViewEvent.EVENT_DELETE,&#10;                    FrameMain.this.fileId, FrameMain.this.getSelectedBooks());&#10;        }&#10;    };&#10;&#10;    private final AppAction openAction = new AppAction(&quot;Openâ€¦&quot;, null,&#10;            &quot;Opens a previosly saved file.&quot;, KeyStroke.getKeyStroke('O',&#10;                    InputEvent.META_DOWN_MASK)) {&#10;&#10;        public void actionPerformed(ActionEvent e) {&#10;            view.notifyViewListener(AppView.ViewListener.ViewEvent.EVENT_OPEN,&#10;                    FrameMain.this.fileId, null);&#10;        }&#10;    };&#10;&#10;    private final AppAction quitAction = new AppAction(&quot;Quit&quot;, null,&#10;            &quot;Closes the application&quot;, KeyStroke.getKeyStroke('Q',&#10;                    InputEvent.META_DOWN_MASK)) {&#10;&#10;        public void actionPerformed(ActionEvent e) {&#10;            view.notifyViewListener(AppView.ViewListener.ViewEvent.EVENT_QUIT,&#10;                    FrameMain.this.fileId, FrameMain.view.getAllFileIds());&#10;        }&#10;    };&#10;&#10;    private final AppAction saveAction = new AppAction(&quot;Save&quot;, new ImageIcon(&#10;            &quot;icons/save.png&quot;), &quot;Saves the current file.&quot;, KeyStroke&#10;            .getKeyStroke('S', InputEvent.META_DOWN_MASK)) {&#10;&#10;        public void actionPerformed(ActionEvent e) {&#10;            view.notifyViewListener(AppView.ViewListener.ViewEvent.EVENT_SAVE,&#10;                    FrameMain.this.fileId, null);&#10;        }&#10;    };&#10;&#10;    private final AppAction saveAsAction = new AppAction(&quot;Save Asâ€¦&quot;,&#10;            new ImageIcon(&quot;icons/save.png&quot;),&#10;            &quot;Saves the current file to the specified location.&quot;, KeyStroke&#10;                    .getKeyStroke('S', InputEvent.META_DOWN_MASK&#10;                            | InputEvent.SHIFT_DOWN_MASK)) {&#10;&#10;        public void actionPerformed(ActionEvent e) {&#10;            view.notifyViewListener(&#10;                    AppView.ViewListener.ViewEvent.EVENT_SAVE_AS,&#10;                    FrameMain.this.fileId, null);&#10;        }&#10;    };&#10;&#10;    final AppModelModifyListener appModelModifyListener = new AppModelModifyListener() {&#10;        public void appFileModified(String fileId, boolean modified) {&#10;            FrameMain.this.updateTitle(modified);&#10;            FrameMain.this.table.setModel(new BookTableModel());&#10;        }&#10;    };&#10;&#10;    FrameMain(String title, String fileId) {&#10;        super(title == null ? &quot;Untitled&quot; : title);&#10;        this.setDefaultCloseOperation(DO_NOTHING_ON_CLOSE);&#10;        this.addWindowListener(new WindowAdapter() {&#10;            @Override&#10;            public void windowClosing(WindowEvent e) {&#10;                FrameMain.view.notifyViewListener(&#10;                        AppView.ViewListener.ViewEvent.EVENT_CLOSE_WINDOW,&#10;                        FrameMain.this.fileId, null);&#10;            }&#10;        });&#10;        this.fileId = fileId;&#10;&#10;        this.setSize(600, 500);&#10;        this.setLocationRelativeTo(null);&#10;&#10;        initComponents();&#10;    }&#10;&#10;    private final void initComponents() {&#10;        this.setLayout(new BorderLayout());&#10;&#10;        createToolbar();&#10;        createMenuBar();&#10;&#10;        this.table = new JTable(new BookTableModel());&#10;        this.table.setShowGrid(true);&#10;        this.table.setGridColor(Color.LIGHT_GRAY);&#10;        JScrollPane scrollPane = new JScrollPane(this.table);&#10;&#10;        this.add(scrollPane, BorderLayout.CENTER);&#10;&#10;&#10;        model.addAppModelModifyListenerToFile(this.fileId,&#10;                this.appModelModifyListener);&#10;    }&#10;&#10;    private final void createToolbar() {&#10;        JToolBar toolBar = new JToolBar(&quot;Toolbar&quot;);&#10;        toolBar.setFloatable(false);&#10;        toolBar.setRollover(true);&#10;        this.add(toolBar, BorderLayout.NORTH);&#10;&#10;        final JButton newWindowButton = new JButton(this.newBookAction);&#10;        newWindowButton.setText(&quot;&quot;);&#10;        toolBar.add(newWindowButton);&#10;&#10;        final JButton savebutton = new JButton(this.saveAction);&#10;        savebutton.setText(&quot;&quot;);&#10;        toolBar.add(savebutton);&#10;&#10;        toolBar.addSeparator();&#10;&#10;        final JButton deleteButton = new JButton(this.deleteAction);&#10;        deleteButton.setText(&quot;&quot;);&#10;        toolBar.add(deleteButton);&#10;    }&#10;&#10;    private final void createMenuBar() {&#10;        JMenuBar menuBar = new JMenuBar();&#10;        this.setJMenuBar(menuBar);&#10;&#10;        JMenu fileMenu = new JMenu(&quot;File&quot;);&#10;        menuBar.add(fileMenu);&#10;        fileMenu.add(new JMenuItem(this.newWindowAction));&#10;&#10;        final JMenuItem newBookItem = new JMenuItem(this.newBookAction);&#10;        newBookItem.setIcon(null);&#10;        fileMenu.add(newBookItem);&#10;&#10;        fileMenu.add(new JMenuItem(this.openAction));&#10;        fileMenu.add(new JMenuItem(this.closeWindowAction));&#10;        fileMenu.addSeparator();&#10;&#10;        final JMenuItem saveItem = new JMenuItem(this.saveAction);&#10;        saveItem.setIcon(null);&#10;        fileMenu.add(saveItem);&#10;&#10;        final JMenuItem saveAsItem = new JMenuItem(this.saveAsAction);&#10;        saveAsItem.setIcon(null);&#10;        fileMenu.add(saveAsItem);&#10;&#10;        fileMenu.addSeparator();&#10;        fileMenu.add(new JMenuItem(this.quitAction));&#10;&#10;        JMenu editMenu = new JMenu(&quot;Edit&quot;);&#10;        menuBar.add(editMenu);&#10;&#10;        final JMenuItem deleteItem = new JMenuItem(this.deleteAction);&#10;        deleteItem.setIcon(null);&#10;        editMenu.add(deleteItem);&#10;    }&#10;&#10;    private List&lt;Book&gt; getBookList() {&#10;        return model.getBooksInFile(FrameMain.this.fileId);&#10;    }&#10;&#10;    private String[] getSelectedBooks() {&#10;        List&lt;Book&gt; bookList = getBookList();&#10;        int[] indices = this.table.getSelectedRows();&#10;        String[] bookIds = new String[indices.length];&#10;        for (int i = 0; i &lt; indices.length; i++) {&#10;            bookIds[i] = bookList.get(indices[i]).getId();&#10;        }&#10;&#10;        return bookIds;&#10;    }&#10;&#10;    private void updateTitle(boolean modified) {&#10;        String title = (model.getPathOfFile(this.fileId) == null ? &quot;Untitled&quot;&#10;                : model.getPathOfFile(this.fileId));&#10;&#10;        if (modified) {&#10;            title += &quot;*&quot;;&#10;        }&#10;&#10;        setTitle(title);&#10;    }&#10;&#10;    /**&#10;     * Sets the file id.&#10;     * &#10;     * @param fileId&#10;     *            the given file id.&#10;     */&#10;    public void setFileId(String fileId) {&#10;        model.removeAppModelModifyListener(this.fileId,&#10;                this.appModelModifyListener);&#10;        this.fileId = fileId;&#10;        model.addAppModelModifyListenerToFile(this.fileId,&#10;                this.appModelModifyListener);&#10;        this.updateTitle(false);&#10;        this.table.updateUI();&#10;    }&#10;&#10;    private abstract class AppAction extends AbstractAction {&#10;        /**&#10;         * Constructor.&#10;         * &#10;         * @param name&#10;         *            the name of the action.&#10;         * @param icon&#10;         *            the icon of the action.&#10;         * @param desc&#10;         *            the description of the action.&#10;         * @param keyStroke&#10;         *            the keystroke of the action.&#10;         */&#10;        protected AppAction(String name, ImageIcon icon, String desc,&#10;                KeyStroke keyStroke) {&#10;            super(name, icon);&#10;            this.putValue(Action.SHORT_DESCRIPTION, desc);&#10;            if (keyStroke != null) {&#10;                this.putValue(Action.ACCELERATOR_KEY, keyStroke);&#10;            }&#10;        }&#10;    }&#10;&#10;    private final class BookTableModel extends AbstractTableModel {&#10;&#10;        /**&#10;         * (non-Javadoc)&#10;         * &#10;         * @see javax.swing.table.TableModel#getColumnClass(int)&#10;         */&#10;        @Override&#10;        public Class&lt;?&gt; getColumnClass(int columnIndex) {&#10;            switch (columnIndex) {&#10;                case 0:&#10;                    return String.class;&#10;                case 1:&#10;                    return String.class;&#10;                case 2:&#10;                    return Integer.class;&#10;                case 3:&#10;                    return String.class;&#10;            }&#10;            return null;&#10;        }&#10;&#10;        /**&#10;         * (non-Javadoc)&#10;         * &#10;         * @see javax.swing.table.AbstractTableModel#getColumnName(int)&#10;         */&#10;        @Override&#10;        public String getColumnName(int column) {&#10;            return FrameMain.this.colNames[column];&#10;        }&#10;&#10;        /**&#10;         * (non-Javadoc)&#10;         * &#10;         * @see javax.swing.table.TableModel#getColumnCount()&#10;         */&#10;        public int getColumnCount() {&#10;            return FrameMain.this.colNames.length;&#10;        }&#10;&#10;        /**&#10;         * (non-Javadoc)&#10;         * &#10;         * @see javax.swing.table.TableModel#getRowCount()&#10;         */&#10;        public int getRowCount() {&#10;            return getBookList().size();&#10;        }&#10;&#10;        /**&#10;         * (non-Javadoc)&#10;         * &#10;         * @see javax.swing.table.TableModel#getValueAt(int, int)&#10;         */&#10;        public Object getValueAt(int rowIndex, int columnIndex) {&#10;            Book book = getBookList().get(rowIndex);&#10;&#10;            switch (columnIndex) {&#10;                case 0:&#10;                    return book.getAuthor();&#10;                case 1:&#10;                    return book.getName();&#10;                case 2:&#10;                    return book.getYear();&#10;                case 3:&#10;                    return book.getIsbn();&#10;            }&#10;            return null;&#10;        }&#10;&#10;        /**&#10;         * (non-Javadoc)&#10;         * &#10;         * @see javax.swing.table.TableModel#isCellEditable(int, int)&#10;         */&#10;        @Override&#10;        public boolean isCellEditable(int rowIndex, int columnIndex) {&#10;            return true;&#10;        }&#10;&#10;        /**&#10;         * (non-Javadoc)&#10;         * &#10;         * @see javax.swing.table.TableModel#setValueAt(java.lang.Object, int,&#10;         *      int)&#10;         */&#10;        @Override&#10;        public void setValueAt(Object value, int rowIndex, int columnIndex) {&#10;            Book book = getBookList().get(rowIndex);&#10;&#10;            switch (columnIndex) {&#10;                case 0:&#10;                    book.setAuthor((String) value);&#10;                    break;&#10;                case 1:&#10;                    book.setName((String) value);&#10;                    break;&#10;                case 2:&#10;                    book.setYear(((Integer) value).intValue());&#10;                    break;&#10;                case 3:&#10;                    book.setIsbn((String) value);&#10;                    break;&#10;            }&#10;        }&#10;    }&#10;}&#10;" Filename="FrameMain.java" Intrnl_Id="7"/>
</SrcFileList>
<CritList>
<CritListEntry Name="org.codecover.model.utils.criteria.LoopCoverage" PluginName="org.codecover"/>
<CritListEntry Name="org.codecover.model.utils.criteria.QMOCoverage" PluginName="org.codecover"/>
<CritListEntry Name="org.codecover.model.utils.criteria.ConditionCoverage" PluginName="org.codecover"/>
<CritListEntry Name="org.codecover.model.utils.criteria.BranchCoverage" PluginName="org.codecover"/>
<CritListEntry Name="org.codecover.model.utils.criteria.SynchronizedStatementCoverage" PluginName="org.codecover"/>
<CritListEntry Name="org.codecover.model.utils.criteria.StatementCoverage" PluginName="org.codecover"/>
</CritList>
<BoolOpList>
<BoolOp Arity="2" Intrnl_Id="8" Name="conditional and (&amp;&amp;)">
<BoolAssgnmntBoolMapList>
<MapEntry BoolAssgnmnt="02" Value="false"/>
<MapEntry BoolAssgnmnt="10" Value="false"/>
<MapEntry BoolAssgnmnt="11" Value="true"/>
</BoolAssgnmntBoolMapList>
</BoolOp>
<BoolOp Arity="1" Intrnl_Id="9" Name="not (!)">
<BoolAssgnmntBoolMapList>
<MapEntry BoolAssgnmnt="1" Value="false"/>
<MapEntry BoolAssgnmnt="0" Value="true"/>
</BoolAssgnmntBoolMapList>
</BoolOp>
</BoolOpList>
<HierarchyLvlTypeList>
<HierarchyLvlType EnglishName="enumeration" IntrnlName="enum" Intrnl_Id="10"/>
<HierarchyLvlType EnglishName="package" IntrnlName="package" Intrnl_Id="11"/>
<HierarchyLvlType EnglishName="anonymous class" IntrnlName="class" Intrnl_Id="12"/>
<HierarchyLvlType EnglishName="interface" IntrnlName="interface" Intrnl_Id="13"/>
<HierarchyLvlType EnglishName="method" IntrnlName="method" Intrnl_Id="14"/>
<HierarchyLvlType EnglishName="class" IntrnlName="class" Intrnl_Id="15"/>
<HierarchyLvlType EnglishName="default package" IntrnlName="default package" Intrnl_Id="16"/>
</HierarchyLvlTypeList>
<MASTRoot>
<HierarchyLvl HierarchyLvlId="144" HierarchyLvlTypeId="16" Intrnl_Id="17" Name="default package">
<Header/>
<LocList/>
<HierarchyLvl HierarchyLvlId="143" HierarchyLvlTypeId="11" Intrnl_Id="18" Name="org">
<Header/>
<LocList/>
<HierarchyLvl HierarchyLvlId="142" HierarchyLvlTypeId="11" Intrnl_Id="19" Name="codecover">
<Header/>
<LocList/>
<HierarchyLvl HierarchyLvlId="141" HierarchyLvlTypeId="11" Intrnl_Id="20" Name="simplejavaapp">
<Header/>
<LocList/>
<HierarchyLvl HierarchyLvlId="138" HierarchyLvlTypeId="11" Intrnl_Id="21" Name="controller">
<Header/>
<LocList/>
<HierarchyLvl HierarchyLvlId="19" HierarchyLvlTypeId="15" Intrnl_Id="22" Name="AppController">
<Header>
<Loc EndOffset="565" SrcFileId="2" StartOffset="539"/>
</Header>
<LocList>
<Loc EndOffset="5732" SrcFileId="2" StartOffset="539"/>
<Loc EndOffset="7034" SrcFileId="2" StartOffset="7032"/>
</LocList>
<StmntSeq Intrnl_Id="23">
<LocList>
<Loc EndOffset="633" SrcFileId="2" StartOffset="572"/>
<Loc EndOffset="697" SrcFileId="2" StartOffset="639"/>
</LocList>
<BasicStmnt CovItemId="S1" CovItemPrefix="org.codecover.simplejavaapp.controller.AppController.java" Intrnl_Id="24">
<LocList>
<Loc EndOffset="633" SrcFileId="2" StartOffset="572"/>
</LocList>
</BasicStmnt>
<BasicStmnt CovItemId="S2" CovItemPrefix="org.codecover.simplejavaapp.controller.AppController.java" Intrnl_Id="25">
<LocList>
<Loc EndOffset="697" SrcFileId="2" StartOffset="639"/>
</LocList>
</BasicStmnt>
</StmntSeq>
<HierarchyLvl HierarchyLvlId="5" HierarchyLvlTypeId="14" Intrnl_Id="26" Name="getInstance">
<Header>
<Loc EndOffset="947" SrcFileId="2" StartOffset="906"/>
</Header>
<LocList>
<Loc EndOffset="1067" SrcFileId="2" StartOffset="906"/>
</LocList>
<StmntSeq Intrnl_Id="27">
<LocList>
<Loc EndOffset="1035" SrcFileId="2" StartOffset="958"/>
<Loc EndOffset="1061" SrcFileId="2" StartOffset="1045"/>
</LocList>
<CondStmnt CovItemId="S3" CovItemPrefix="org.codecover.simplejavaapp.controller.AppController.java" Intrnl_Id="28">
<Branch CovItemId="B1" CovItemPrefix="org.codecover.simplejavaapp.controller.AppController.java" Implct="false" Intrnl_Id="29">
<Cond/>
<LocList>
<Loc EndOffset="1035" SrcFileId="2" StartOffset="980"/>
</LocList>
<StmntSeq Intrnl_Id="30">
<LocList>
<Loc EndOffset="1025" SrcFileId="2" StartOffset="994"/>
</LocList>
<BasicStmnt CovItemId="S4" CovItemPrefix="org.codecover.simplejavaapp.controller.AppController.java" Intrnl_Id="31">
<LocList>
<Loc EndOffset="1025" SrcFileId="2" StartOffset="994"/>
</LocList>
</BasicStmnt>
</StmntSeq>
</Branch>
<Branch CovItemId="B2" CovItemPrefix="org.codecover.simplejavaapp.controller.AppController.java" Implct="true" Intrnl_Id="32">
<Cond/>
<LocList/>
<StmntSeq Intrnl_Id="33">
<LocList/>
</StmntSeq>
</Branch>
<Keyword EndOffset="960" SrcFileId="2" StartOffset="958"/>
<LocList>
<Loc EndOffset="1035" SrcFileId="2" StartOffset="958"/>
</LocList>
<RootTerm CovItemId="C1" CovItemPrefix="org.codecover.simplejavaapp.controller.AppController.java" Intrnl_Id="34">
<BasicBoolTerm Intrnl_Id="35">
<LocList>
<Loc EndOffset="978" SrcFileId="2" StartOffset="962"/>
</LocList>
</BasicBoolTerm>
</RootTerm>
</CondStmnt>
<BasicStmnt CovItemId="S5" CovItemPrefix="org.codecover.simplejavaapp.controller.AppController.java" Intrnl_Id="36">
<LocList>
<Loc EndOffset="1061" SrcFileId="2" StartOffset="1045"/>
</LocList>
</BasicStmnt>
</StmntSeq>
</HierarchyLvl>
<HierarchyLvl HierarchyLvlId="6" HierarchyLvlTypeId="14" Intrnl_Id="37" Name="AppController">
<Header>
<Loc EndOffset="1096" SrcFileId="2" StartOffset="1073"/>
</Header>
<LocList>
<Loc EndOffset="1157" SrcFileId="2" StartOffset="1073"/>
</LocList>
<StmntSeq Intrnl_Id="38">
<LocList>
<Loc EndOffset="1151" SrcFileId="2" StartOffset="1107"/>
</LocList>
<BasicStmnt CovItemId="S6" CovItemPrefix="org.codecover.simplejavaapp.controller.AppController.java" Intrnl_Id="39">
<LocList>
<Loc EndOffset="1151" SrcFileId="2" StartOffset="1107"/>
</LocList>
</BasicStmnt>
</StmntSeq>
</HierarchyLvl>
<HierarchyLvl HierarchyLvlId="7" HierarchyLvlTypeId="14" Intrnl_Id="40" Name="initialize">
<Header>
<Loc EndOffset="1261" SrcFileId="2" StartOffset="1230"/>
</Header>
<LocList>
<Loc EndOffset="1378" SrcFileId="2" StartOffset="1230"/>
</LocList>
<StmntSeq Intrnl_Id="41">
<LocList>
<Loc EndOffset="1330" SrcFileId="2" StartOffset="1272"/>
<Loc EndOffset="1372" SrcFileId="2" StartOffset="1340"/>
</LocList>
<BasicStmnt CovItemId="S7" CovItemPrefix="org.codecover.simplejavaapp.controller.AppController.java" Intrnl_Id="42">
<LocList>
<Loc EndOffset="1330" SrcFileId="2" StartOffset="1272"/>
</LocList>
</BasicStmnt>
<BasicStmnt CovItemId="S8" CovItemPrefix="org.codecover.simplejavaapp.controller.AppController.java" Intrnl_Id="43">
<LocList>
<Loc EndOffset="1372" SrcFileId="2" StartOffset="1340"/>
</LocList>
</BasicStmnt>
</StmntSeq>
</HierarchyLvl>
<HierarchyLvl HierarchyLvlId="8" HierarchyLvlTypeId="14" Intrnl_Id="44" Name="onOpenNewWindow">
<Header>
<Loc EndOffset="1414" SrcFileId="2" StartOffset="1384"/>
</Header>
<LocList>
<Loc EndOffset="1497" SrcFileId="2" StartOffset="1384"/>
</LocList>
<StmntSeq Intrnl_Id="45">
<LocList>
<Loc EndOffset="1457" SrcFileId="2" StartOffset="1425"/>
<Loc EndOffset="1491" SrcFileId="2" StartOffset="1467"/>
</LocList>
<BasicStmnt CovItemId="S9" CovItemPrefix="org.codecover.simplejavaapp.controller.AppController.java" Intrnl_Id="46">
<LocList>
<Loc EndOffset="1457" SrcFileId="2" StartOffset="1425"/>
</LocList>
</BasicStmnt>
<BasicStmnt CovItemId="S10" CovItemPrefix="org.codecover.simplejavaapp.controller.AppController.java" Intrnl_Id="47">
<LocList>
<Loc EndOffset="1491" SrcFileId="2" StartOffset="1467"/>
</LocList>
</BasicStmnt>
</StmntSeq>
</HierarchyLvl>
<HierarchyLvl HierarchyLvlId="9" HierarchyLvlTypeId="14" Intrnl_Id="48" Name="onNewBook">
<Header>
<Loc EndOffset="1540" SrcFileId="2" StartOffset="1503"/>
</Header>
<LocList>
<Loc EndOffset="1624" SrcFileId="2" StartOffset="1503"/>
</LocList>
<StmntSeq Intrnl_Id="49">
<LocList>
<Loc EndOffset="1574" SrcFileId="2" StartOffset="1551"/>
<Loc EndOffset="1618" SrcFileId="2" StartOffset="1584"/>
</LocList>
<BasicStmnt CovItemId="S11" CovItemPrefix="org.codecover.simplejavaapp.controller.AppController.java" Intrnl_Id="50">
<LocList>
<Loc EndOffset="1574" SrcFileId="2" StartOffset="1551"/>
</LocList>
</BasicStmnt>
<BasicStmnt CovItemId="S12" CovItemPrefix="org.codecover.simplejavaapp.controller.AppController.java" Intrnl_Id="51">
<LocList>
<Loc EndOffset="1618" SrcFileId="2" StartOffset="1584"/>
</LocList>
</BasicStmnt>
</StmntSeq>
</HierarchyLvl>
<HierarchyLvl HierarchyLvlId="10" HierarchyLvlTypeId="14" Intrnl_Id="52" Name="onCloseWindow">
<Header>
<Loc EndOffset="1674" SrcFileId="2" StartOffset="1630"/>
</Header>
<LocList>
<Loc EndOffset="2518" SrcFileId="2" StartOffset="1630"/>
</LocList>
<StmntSeq Intrnl_Id="53">
<LocList>
<Loc EndOffset="2417" SrcFileId="2" StartOffset="1685"/>
<Loc EndOffset="2452" SrcFileId="2" StartOffset="2427"/>
<Loc EndOffset="2491" SrcFileId="2" StartOffset="2461"/>
<Loc EndOffset="2512" SrcFileId="2" StartOffset="2500"/>
</LocList>
<CondStmnt CovItemId="S13" CovItemPrefix="org.codecover.simplejavaapp.controller.AppController.java" Intrnl_Id="54">
<Branch CovItemId="B3" CovItemPrefix="org.codecover.simplejavaapp.controller.AppController.java" Implct="false" Intrnl_Id="55">
<Cond/>
<LocList>
<Loc EndOffset="2417" SrcFileId="2" StartOffset="1719"/>
</LocList>
<StmntSeq Intrnl_Id="56">
<LocList>
<Loc EndOffset="1878" SrcFileId="2" StartOffset="1733"/>
<Loc EndOffset="2407" SrcFileId="2" StartOffset="1892"/>
</LocList>
<BasicStmnt CovItemId="S14" CovItemPrefix="org.codecover.simplejavaapp.controller.AppController.java" Intrnl_Id="57">
<LocList>
<Loc EndOffset="1878" SrcFileId="2" StartOffset="1733"/>
</LocList>
</BasicStmnt>
<CondStmnt CovItemId="S15" CovItemPrefix="org.codecover.simplejavaapp.controller.AppController.java" Intrnl_Id="58">
<Branch CovItemId="B5" CovItemPrefix="org.codecover.simplejavaapp.controller.AppController.java" Implct="false" Intrnl_Id="59">
<Cond>
<Loc EndOffset="1953" SrcFileId="2" StartOffset="1926"/>
</Cond>
<LocList>
<Loc EndOffset="2164" SrcFileId="2" StartOffset="1975"/>
</LocList>
<StmntSeq Intrnl_Id="60">
<LocList>
<Loc EndOffset="2137" SrcFileId="2" StartOffset="1975"/>
<Loc EndOffset="2164" SrcFileId="2" StartOffset="2158"/>
</LocList>
<CondStmnt CovItemId="S16" CovItemPrefix="org.codecover.simplejavaapp.controller.AppController.java" Intrnl_Id="61">
<Branch CovItemId="B6" CovItemPrefix="org.codecover.simplejavaapp.controller.AppController.java" Implct="false" Intrnl_Id="62">
<Cond/>
<LocList>
<Loc EndOffset="2137" SrcFileId="2" StartOffset="1996"/>
</LocList>
<StmntSeq Intrnl_Id="63">
<LocList>
<Loc EndOffset="2115" SrcFileId="2" StartOffset="2102"/>
</LocList>
<BasicStmnt CovItemId="S17" CovItemPrefix="org.codecover.simplejavaapp.controller.AppController.java" Intrnl_Id="64">
<LocList>
<Loc EndOffset="2115" SrcFileId="2" StartOffset="2102"/>
</LocList>
</BasicStmnt>
</StmntSeq>
</Branch>
<Branch CovItemId="B7" CovItemPrefix="org.codecover.simplejavaapp.controller.AppController.java" Implct="true" Intrnl_Id="65">
<Cond/>
<LocList/>
<StmntSeq Intrnl_Id="66">
<LocList/>
</StmntSeq>
</Branch>
<Keyword EndOffset="1977" SrcFileId="2" StartOffset="1975"/>
<LocList>
<Loc EndOffset="2137" SrcFileId="2" StartOffset="1975"/>
</LocList>
<RootTerm CovItemId="C3" CovItemPrefix="org.codecover.simplejavaapp.controller.AppController.java" Intrnl_Id="67">
<OpTerm BooleanOpId="9" Intrnl_Id="68">
<BasicBoolTerm Intrnl_Id="69">
<LocList>
<Loc EndOffset="1994" SrcFileId="2" StartOffset="1980"/>
</LocList>
</BasicBoolTerm>
<LocList>
<Loc EndOffset="1980" SrcFileId="2" StartOffset="1979"/>
</LocList>
</OpTerm>
</RootTerm>
</CondStmnt>
<BasicStmnt CovItemId="S18" CovItemPrefix="org.codecover.simplejavaapp.controller.AppController.java" Intrnl_Id="70">
<LocList>
<Loc EndOffset="2164" SrcFileId="2" StartOffset="2158"/>
</LocList>
</BasicStmnt>
</StmntSeq>
</Branch>
<Branch CovItemId="B8" CovItemPrefix="org.codecover.simplejavaapp.controller.AppController.java" Implct="false" Intrnl_Id="71">
<Cond>
<Loc EndOffset="2207" SrcFileId="2" StartOffset="2181"/>
</Cond>
<LocList>
<Loc EndOffset="2235" SrcFileId="2" StartOffset="2229"/>
</LocList>
<StmntSeq Intrnl_Id="72">
<LocList>
<Loc EndOffset="2235" SrcFileId="2" StartOffset="2229"/>
</LocList>
<BasicStmnt CovItemId="S19" CovItemPrefix="org.codecover.simplejavaapp.controller.AppController.java" Intrnl_Id="73">
<LocList>
<Loc EndOffset="2235" SrcFileId="2" StartOffset="2229"/>
</LocList>
</BasicStmnt>
</StmntSeq>
</Branch>
<Branch CovItemId="B9" CovItemPrefix="org.codecover.simplejavaapp.controller.AppController.java" Implct="false" Intrnl_Id="74">
<Cond>
<Loc EndOffset="2282" SrcFileId="2" StartOffset="2252"/>
</Cond>
<LocList>
<Loc EndOffset="2393" SrcFileId="2" StartOffset="2380"/>
</LocList>
<StmntSeq Intrnl_Id="75">
<LocList>
<Loc EndOffset="2393" SrcFileId="2" StartOffset="2380"/>
</LocList>
<BasicStmnt CovItemId="S20" CovItemPrefix="org.codecover.simplejavaapp.controller.AppController.java" Intrnl_Id="76">
<LocList>
<Loc EndOffset="2393" SrcFileId="2" StartOffset="2380"/>
</LocList>
</BasicStmnt>
</StmntSeq>
</Branch>
<Branch CovItemId="B10" CovItemPrefix="org.codecover.simplejavaapp.controller.AppController.java" Implct="true" Intrnl_Id="77">
<Cond/>
<LocList/>
<StmntSeq Intrnl_Id="78">
<LocList/>
</StmntSeq>
</Branch>
<Keyword EndOffset="1898" SrcFileId="2" StartOffset="1892"/>
<LocList>
<Loc EndOffset="2407" SrcFileId="2" StartOffset="1892"/>
</LocList>
</CondStmnt>
</StmntSeq>
</Branch>
<Branch CovItemId="B4" CovItemPrefix="org.codecover.simplejavaapp.controller.AppController.java" Implct="true" Intrnl_Id="79">
<Cond/>
<LocList/>
<StmntSeq Intrnl_Id="80">
<LocList/>
</StmntSeq>
</Branch>
<Keyword EndOffset="1687" SrcFileId="2" StartOffset="1685"/>
<LocList>
<Loc EndOffset="2417" SrcFileId="2" StartOffset="1685"/>
</LocList>
<RootTerm CovItemId="C2" CovItemPrefix="org.codecover.simplejavaapp.controller.AppController.java" Intrnl_Id="81">
<BasicBoolTerm Intrnl_Id="82">
<LocList>
<Loc EndOffset="1717" SrcFileId="2" StartOffset="1689"/>
</LocList>
</BasicBoolTerm>
</RootTerm>
</CondStmnt>
<BasicStmnt CovItemId="S21" CovItemPrefix="org.codecover.simplejavaapp.controller.AppController.java" Intrnl_Id="83">
<LocList>
<Loc EndOffset="2452" SrcFileId="2" StartOffset="2427"/>
</LocList>
</BasicStmnt>
<BasicStmnt CovItemId="S22" CovItemPrefix="org.codecover.simplejavaapp.controller.AppController.java" Intrnl_Id="84">
<LocList>
<Loc EndOffset="2491" SrcFileId="2" StartOffset="2461"/>
</LocList>
</BasicStmnt>
<BasicStmnt CovItemId="S23" CovItemPrefix="org.codecover.simplejavaapp.controller.AppController.java" Intrnl_Id="85">
<LocList>
<Loc EndOffset="2512" SrcFileId="2" StartOffset="2500"/>
</LocList>
</BasicStmnt>
</StmntSeq>
</HierarchyLvl>
<HierarchyLvl HierarchyLvlId="11" HierarchyLvlTypeId="14" Intrnl_Id="86" Name="onDelete">
<Header>
<Loc EndOffset="2578" SrcFileId="2" StartOffset="2524"/>
</Header>
<LocList>
<Loc EndOffset="3094" SrcFileId="2" StartOffset="2524"/>
</LocList>
<StmntSeq Intrnl_Id="87">
<LocList>
<Loc EndOffset="2644" SrcFileId="2" StartOffset="2589"/>
<Loc EndOffset="2776" SrcFileId="2" StartOffset="2662"/>
<Loc EndOffset="3088" SrcFileId="2" StartOffset="2785"/>
</LocList>
<CondStmnt CovItemId="S24" CovItemPrefix="org.codecover.simplejavaapp.controller.AppController.java" Intrnl_Id="88">
<Branch CovItemId="B11" CovItemPrefix="org.codecover.simplejavaapp.controller.AppController.java" Implct="false" Intrnl_Id="89">
<Cond/>
<LocList>
<Loc EndOffset="2644" SrcFileId="2" StartOffset="2613"/>
</LocList>
<StmntSeq Intrnl_Id="90">
<LocList>
<Loc EndOffset="2634" SrcFileId="2" StartOffset="2627"/>
</LocList>
<BasicStmnt CovItemId="S25" CovItemPrefix="org.codecover.simplejavaapp.controller.AppController.java" Intrnl_Id="91">
<LocList>
<Loc EndOffset="2634" SrcFileId="2" StartOffset="2627"/>
</LocList>
</BasicStmnt>
</StmntSeq>
</Branch>
<Branch CovItemId="B12" CovItemPrefix="org.codecover.simplejavaapp.controller.AppController.java" Implct="true" Intrnl_Id="92">
<Cond/>
<LocList/>
<StmntSeq Intrnl_Id="93">
<LocList/>
</StmntSeq>
</Branch>
<Keyword EndOffset="2591" SrcFileId="2" StartOffset="2589"/>
<LocList>
<Loc EndOffset="2644" SrcFileId="2" StartOffset="2589"/>
</LocList>
<RootTerm CovItemId="C4" CovItemPrefix="org.codecover.simplejavaapp.controller.AppController.java" Intrnl_Id="94">
<BasicBoolTerm Intrnl_Id="95">
<LocList>
<Loc EndOffset="2611" SrcFileId="2" StartOffset="2592"/>
</LocList>
</BasicBoolTerm>
</RootTerm>
</CondStmnt>
<BasicStmnt CovItemId="S26" CovItemPrefix="org.codecover.simplejavaapp.controller.AppController.java" Intrnl_Id="96">
<LocList>
<Loc EndOffset="2776" SrcFileId="2" StartOffset="2662"/>
</LocList>
</BasicStmnt>
<CondStmnt CovItemId="S27" CovItemPrefix="org.codecover.simplejavaapp.controller.AppController.java" Intrnl_Id="97">
<Branch CovItemId="B13" CovItemPrefix="org.codecover.simplejavaapp.controller.AppController.java" Implct="false" Intrnl_Id="98">
<Cond>
<Loc EndOffset="2842" SrcFileId="2" StartOffset="2815"/>
</Cond>
<LocList>
<Loc EndOffset="2994" SrcFileId="2" StartOffset="2860"/>
</LocList>
<StmntSeq Intrnl_Id="99">
<LocList>
<Loc EndOffset="2971" SrcFileId="2" StartOffset="2860"/>
<Loc EndOffset="2994" SrcFileId="2" StartOffset="2988"/>
</LocList>
<LoopStmnt CovItemId="S28" CovItemPrefix="org.codecover.simplejavaapp.controller.AppController.java" Intrnl_Id="100" MltplExecId="L1-2" MltplExecPrefix="org.codecover.simplejavaapp.controller.AppController.java" NvrExecId="L1-0" NvrExecPrefix="org.codecover.simplejavaapp.controller.AppController.java" OnceExecutedId="L1-1" OnceExecutedPrefix="org.codecover.simplejavaapp.controller.AppController.java" OptBodyExec="true">
<StmntSeq Intrnl_Id="101">
<LocList>
<Loc EndOffset="2953" SrcFileId="2" StartOffset="2912"/>
</LocList>
<BasicStmnt CovItemId="S29" CovItemPrefix="org.codecover.simplejavaapp.controller.AppController.java" Intrnl_Id="102">
<LocList>
<Loc EndOffset="2953" SrcFileId="2" StartOffset="2912"/>
</LocList>
</BasicStmnt>
</StmntSeq>
<Keyword EndOffset="2863" SrcFileId="2" StartOffset="2860"/>
<LocList>
<Loc EndOffset="2971" SrcFileId="2" StartOffset="2860"/>
</LocList>
</LoopStmnt>
<BasicStmnt CovItemId="S30" CovItemPrefix="org.codecover.simplejavaapp.controller.AppController.java" Intrnl_Id="103">
<LocList>
<Loc EndOffset="2994" SrcFileId="2" StartOffset="2988"/>
</LocList>
</BasicStmnt>
</StmntSeq>
</Branch>
<Branch CovItemId="B14" CovItemPrefix="org.codecover.simplejavaapp.controller.AppController.java" Implct="false" Intrnl_Id="104">
<Cond>
<Loc EndOffset="3033" SrcFileId="2" StartOffset="3007"/>
</Cond>
<LocList/>
<StmntSeq Intrnl_Id="105">
<LocList/>
</StmntSeq>
</Branch>
<Branch CovItemId="B15" CovItemPrefix="org.codecover.simplejavaapp.controller.AppController.java" Implct="false" Intrnl_Id="106">
<Cond>
<Loc EndOffset="3077" SrcFileId="2" StartOffset="3047"/>
</Cond>
<LocList/>
<StmntSeq Intrnl_Id="107">
<LocList/>
</StmntSeq>
</Branch>
<Branch CovItemId="B16" CovItemPrefix="org.codecover.simplejavaapp.controller.AppController.java" Implct="true" Intrnl_Id="108">
<Cond/>
<LocList/>
<StmntSeq Intrnl_Id="109">
<LocList/>
</StmntSeq>
</Branch>
<Keyword EndOffset="2791" SrcFileId="2" StartOffset="2785"/>
<LocList>
<Loc EndOffset="3088" SrcFileId="2" StartOffset="2785"/>
</LocList>
</CondStmnt>
</StmntSeq>
</HierarchyLvl>
<HierarchyLvl HierarchyLvlId="12" HierarchyLvlTypeId="14" Intrnl_Id="110" Name="onOpen">
<Header>
<Loc EndOffset="3134" SrcFileId="2" StartOffset="3100"/>
</Header>
<LocList>
<Loc EndOffset="4480" SrcFileId="2" StartOffset="3100"/>
</LocList>
<StmntSeq Intrnl_Id="111">
<LocList>
<Loc EndOffset="3865" SrcFileId="2" StartOffset="3145"/>
<Loc EndOffset="3917" SrcFileId="2" StartOffset="3875"/>
<Loc EndOffset="3976" SrcFileId="2" StartOffset="3927"/>
<Loc EndOffset="4054" SrcFileId="2" StartOffset="4004"/>
<Loc EndOffset="4109" SrcFileId="2" StartOffset="4068"/>
<Loc EndOffset="4152" SrcFileId="2" StartOffset="4122"/>
<Loc EndOffset="4474" SrcFileId="2" StartOffset="3986"/>
</LocList>
<CondStmnt CovItemId="S31" CovItemPrefix="org.codecover.simplejavaapp.controller.AppController.java" Intrnl_Id="112">
<Branch CovItemId="B17" CovItemPrefix="org.codecover.simplejavaapp.controller.AppController.java" Implct="false" Intrnl_Id="113">
<Cond/>
<LocList>
<Loc EndOffset="3865" SrcFileId="2" StartOffset="3179"/>
</LocList>
<StmntSeq Intrnl_Id="114">
<LocList>
<Loc EndOffset="3338" SrcFileId="2" StartOffset="3193"/>
<Loc EndOffset="3855" SrcFileId="2" StartOffset="3352"/>
</LocList>
<BasicStmnt CovItemId="S32" CovItemPrefix="org.codecover.simplejavaapp.controller.AppController.java" Intrnl_Id="115">
<LocList>
<Loc EndOffset="3338" SrcFileId="2" StartOffset="3193"/>
</LocList>
</BasicStmnt>
<CondStmnt CovItemId="S33" CovItemPrefix="org.codecover.simplejavaapp.controller.AppController.java" Intrnl_Id="116">
<Branch CovItemId="B19" CovItemPrefix="org.codecover.simplejavaapp.controller.AppController.java" Implct="false" Intrnl_Id="117">
<Cond>
<Loc EndOffset="3413" SrcFileId="2" StartOffset="3386"/>
</Cond>
<LocList>
<Loc EndOffset="3618" SrcFileId="2" StartOffset="3435"/>
</LocList>
<StmntSeq Intrnl_Id="118">
<LocList>
<Loc EndOffset="3591" SrcFileId="2" StartOffset="3435"/>
<Loc EndOffset="3618" SrcFileId="2" StartOffset="3612"/>
</LocList>
<CondStmnt CovItemId="S34" CovItemPrefix="org.codecover.simplejavaapp.controller.AppController.java" Intrnl_Id="119">
<Branch CovItemId="B20" CovItemPrefix="org.codecover.simplejavaapp.controller.AppController.java" Implct="false" Intrnl_Id="120">
<Cond/>
<LocList>
<Loc EndOffset="3591" SrcFileId="2" StartOffset="3456"/>
</LocList>
<StmntSeq Intrnl_Id="121">
<LocList>
<Loc EndOffset="3569" SrcFileId="2" StartOffset="3562"/>
</LocList>
<BasicStmnt CovItemId="S35" CovItemPrefix="org.codecover.simplejavaapp.controller.AppController.java" Intrnl_Id="122">
<LocList>
<Loc EndOffset="3569" SrcFileId="2" StartOffset="3562"/>
</LocList>
</BasicStmnt>
</StmntSeq>
</Branch>
<Branch CovItemId="B21" CovItemPrefix="org.codecover.simplejavaapp.controller.AppController.java" Implct="true" Intrnl_Id="123">
<Cond/>
<LocList/>
<StmntSeq Intrnl_Id="124">
<LocList/>
</StmntSeq>
</Branch>
<Keyword EndOffset="3437" SrcFileId="2" StartOffset="3435"/>
<LocList>
<Loc EndOffset="3591" SrcFileId="2" StartOffset="3435"/>
</LocList>
<RootTerm CovItemId="C6" CovItemPrefix="org.codecover.simplejavaapp.controller.AppController.java" Intrnl_Id="125">
<OpTerm BooleanOpId="9" Intrnl_Id="126">
<BasicBoolTerm Intrnl_Id="127">
<LocList>
<Loc EndOffset="3454" SrcFileId="2" StartOffset="3440"/>
</LocList>
</BasicBoolTerm>
<LocList>
<Loc EndOffset="3440" SrcFileId="2" StartOffset="3439"/>
</LocList>
</OpTerm>
</RootTerm>
</CondStmnt>
<BasicStmnt CovItemId="S36" CovItemPrefix="org.codecover.simplejavaapp.controller.AppController.java" Intrnl_Id="128">
<LocList>
<Loc EndOffset="3618" SrcFileId="2" StartOffset="3612"/>
</LocList>
</BasicStmnt>
</StmntSeq>
</Branch>
<Branch CovItemId="B22" CovItemPrefix="org.codecover.simplejavaapp.controller.AppController.java" Implct="false" Intrnl_Id="129">
<Cond>
<Loc EndOffset="3661" SrcFileId="2" StartOffset="3635"/>
</Cond>
<LocList>
<Loc EndOffset="3689" SrcFileId="2" StartOffset="3683"/>
</LocList>
<StmntSeq Intrnl_Id="130">
<LocList>
<Loc EndOffset="3689" SrcFileId="2" StartOffset="3683"/>
</LocList>
<BasicStmnt CovItemId="S37" CovItemPrefix="org.codecover.simplejavaapp.controller.AppController.java" Intrnl_Id="131">
<LocList>
<Loc EndOffset="3689" SrcFileId="2" StartOffset="3683"/>
</LocList>
</BasicStmnt>
</StmntSeq>
</Branch>
<Branch CovItemId="B23" CovItemPrefix="org.codecover.simplejavaapp.controller.AppController.java" Implct="false" Intrnl_Id="132">
<Cond>
<Loc EndOffset="3736" SrcFileId="2" StartOffset="3706"/>
</Cond>
<LocList>
<Loc EndOffset="3841" SrcFileId="2" StartOffset="3834"/>
</LocList>
<StmntSeq Intrnl_Id="133">
<LocList>
<Loc EndOffset="3841" SrcFileId="2" StartOffset="3834"/>
</LocList>
<BasicStmnt CovItemId="S38" CovItemPrefix="org.codecover.simplejavaapp.controller.AppController.java" Intrnl_Id="134">
<LocList>
<Loc EndOffset="3841" SrcFileId="2" StartOffset="3834"/>
</LocList>
</BasicStmnt>
</StmntSeq>
</Branch>
<Branch CovItemId="B24" CovItemPrefix="org.codecover.simplejavaapp.controller.AppController.java" Implct="true" Intrnl_Id="135">
<Cond/>
<LocList/>
<StmntSeq Intrnl_Id="136">
<LocList/>
</StmntSeq>
</Branch>
<Keyword EndOffset="3358" SrcFileId="2" StartOffset="3352"/>
<LocList>
<Loc EndOffset="3855" SrcFileId="2" StartOffset="3352"/>
</LocList>
</CondStmnt>
</StmntSeq>
</Branch>
<Branch CovItemId="B18" CovItemPrefix="org.codecover.simplejavaapp.controller.AppController.java" Implct="true" Intrnl_Id="137">
<Cond/>
<LocList/>
<StmntSeq Intrnl_Id="138">
<LocList/>
</StmntSeq>
</Branch>
<Keyword EndOffset="3147" SrcFileId="2" StartOffset="3145"/>
<LocList>
<Loc EndOffset="3865" SrcFileId="2" StartOffset="3145"/>
</LocList>
<RootTerm CovItemId="C5" CovItemPrefix="org.codecover.simplejavaapp.controller.AppController.java" Intrnl_Id="139">
<BasicBoolTerm Intrnl_Id="140">
<LocList>
<Loc EndOffset="3177" SrcFileId="2" StartOffset="3149"/>
</LocList>
</BasicBoolTerm>
</RootTerm>
</CondStmnt>
<BasicStmnt CovItemId="S39" CovItemPrefix="org.codecover.simplejavaapp.controller.AppController.java" Intrnl_Id="141">
<LocList>
<Loc EndOffset="3917" SrcFileId="2" StartOffset="3875"/>
</LocList>
</BasicStmnt>
<CondStmnt CovItemId="S40" CovItemPrefix="org.codecover.simplejavaapp.controller.AppController.java" Intrnl_Id="142">
<Branch CovItemId="B25" CovItemPrefix="org.codecover.simplejavaapp.controller.AppController.java" Implct="false" Intrnl_Id="143">
<Cond/>
<LocList>
<Loc EndOffset="3976" SrcFileId="2" StartOffset="3945"/>
</LocList>
<StmntSeq Intrnl_Id="144">
<LocList>
<Loc EndOffset="3966" SrcFileId="2" StartOffset="3959"/>
</LocList>
<BasicStmnt CovItemId="S41" CovItemPrefix="org.codecover.simplejavaapp.controller.AppController.java" Intrnl_Id="145">
<LocList>
<Loc EndOffset="3966" SrcFileId="2" StartOffset="3959"/>
</LocList>
</BasicStmnt>
</StmntSeq>
</Branch>
<Branch CovItemId="B26" CovItemPrefix="org.codecover.simplejavaapp.controller.AppController.java" Implct="true" Intrnl_Id="146">
<Cond/>
<LocList/>
<StmntSeq Intrnl_Id="147">
<LocList/>
</StmntSeq>
</Branch>
<Keyword EndOffset="3929" SrcFileId="2" StartOffset="3927"/>
<LocList>
<Loc EndOffset="3976" SrcFileId="2" StartOffset="3927"/>
</LocList>
<RootTerm CovItemId="C7" CovItemPrefix="org.codecover.simplejavaapp.controller.AppController.java" Intrnl_Id="148">
<BasicBoolTerm Intrnl_Id="149">
<LocList>
<Loc EndOffset="3943" SrcFileId="2" StartOffset="3931"/>
</LocList>
</BasicBoolTerm>
</RootTerm>
</CondStmnt>
<BasicStmnt CovItemId="S43" CovItemPrefix="org.codecover.simplejavaapp.controller.AppController.java" Intrnl_Id="150">
<LocList>
<Loc EndOffset="4054" SrcFileId="2" StartOffset="4004"/>
</LocList>
</BasicStmnt>
<BasicStmnt CovItemId="S44" CovItemPrefix="org.codecover.simplejavaapp.controller.AppController.java" Intrnl_Id="151">
<LocList>
<Loc EndOffset="4109" SrcFileId="2" StartOffset="4068"/>
</LocList>
</BasicStmnt>
<BasicStmnt CovItemId="S45" CovItemPrefix="org.codecover.simplejavaapp.controller.AppController.java" Intrnl_Id="152">
<LocList>
<Loc EndOffset="4152" SrcFileId="2" StartOffset="4122"/>
</LocList>
</BasicStmnt>
<CondStmnt CovItemId="S42" CovItemPrefix="org.codecover.simplejavaapp.controller.AppController.java" Intrnl_Id="153">
<Branch CovItemId="B27" CovItemPrefix="org.codecover.simplejavaapp.controller.AppController.java" Implct="true" Intrnl_Id="154">
<Cond/>
<LocList/>
<StmntSeq Intrnl_Id="155">
<LocList/>
</StmntSeq>
</Branch>
<Branch CovItemId="B28" CovItemPrefix="org.codecover.simplejavaapp.controller.AppController.java" Implct="false" Intrnl_Id="156">
<Cond>
<Loc EndOffset="4201" SrcFileId="2" StartOffset="4163"/>
</Cond>
<LocList>
<Loc EndOffset="4277" SrcFileId="2" StartOffset="4202"/>
</LocList>
<StmntSeq Intrnl_Id="157">
<LocList>
<Loc EndOffset="4267" SrcFileId="2" StartOffset="4216"/>
</LocList>
<BasicStmnt CovItemId="S46" CovItemPrefix="org.codecover.simplejavaapp.controller.AppController.java" Intrnl_Id="158">
<LocList>
<Loc EndOffset="4267" SrcFileId="2" StartOffset="4216"/>
</LocList>
</BasicStmnt>
</StmntSeq>
</Branch>
<Branch CovItemId="B29" CovItemPrefix="org.codecover.simplejavaapp.controller.AppController.java" Implct="false" Intrnl_Id="159">
<Cond>
<Loc EndOffset="4300" SrcFileId="2" StartOffset="4278"/>
</Cond>
<LocList>
<Loc EndOffset="4376" SrcFileId="2" StartOffset="4301"/>
</LocList>
<StmntSeq Intrnl_Id="160">
<LocList>
<Loc EndOffset="4366" SrcFileId="2" StartOffset="4315"/>
</LocList>
<BasicStmnt CovItemId="S47" CovItemPrefix="org.codecover.simplejavaapp.controller.AppController.java" Intrnl_Id="161">
<LocList>
<Loc EndOffset="4366" SrcFileId="2" StartOffset="4315"/>
</LocList>
</BasicStmnt>
</StmntSeq>
</Branch>
<Branch CovItemId="B30" CovItemPrefix="org.codecover.simplejavaapp.controller.AppController.java" Implct="false" Intrnl_Id="162">
<Cond>
<Loc EndOffset="4398" SrcFileId="2" StartOffset="4377"/>
</Cond>
<LocList>
<Loc EndOffset="4474" SrcFileId="2" StartOffset="4399"/>
</LocList>
<StmntSeq Intrnl_Id="163">
<LocList>
<Loc EndOffset="4464" SrcFileId="2" StartOffset="4413"/>
</LocList>
<BasicStmnt CovItemId="S48" CovItemPrefix="org.codecover.simplejavaapp.controller.AppController.java" Intrnl_Id="164">
<LocList>
<Loc EndOffset="4464" SrcFileId="2" StartOffset="4413"/>
</LocList>
</BasicStmnt>
</StmntSeq>
</Branch>
<Keyword EndOffset="3989" SrcFileId="2" StartOffset="3986"/>
<LocList>
<Loc EndOffset="4474" SrcFileId="2" StartOffset="3986"/>
</LocList>
</CondStmnt>
</StmntSeq>
</HierarchyLvl>
<HierarchyLvl HierarchyLvlId="13" HierarchyLvlTypeId="14" Intrnl_Id="165" Name="onQuit">
<Header>
<Loc EndOffset="4541" SrcFileId="2" StartOffset="4486"/>
</Header>
<LocList>
<Loc EndOffset="4769" SrcFileId="2" StartOffset="4486"/>
</LocList>
<StmntSeq Intrnl_Id="166">
<LocList>
<Loc EndOffset="4668" SrcFileId="2" StartOffset="4552"/>
<Loc EndOffset="4763" SrcFileId="2" StartOffset="4748"/>
</LocList>
<LoopStmnt CovItemId="S49" CovItemPrefix="org.codecover.simplejavaapp.controller.AppController.java" Intrnl_Id="167" MltplExecId="L2-2" MltplExecPrefix="org.codecover.simplejavaapp.controller.AppController.java" NvrExecId="L2-0" NvrExecPrefix="org.codecover.simplejavaapp.controller.AppController.java" OnceExecutedId="L2-1" OnceExecutedPrefix="org.codecover.simplejavaapp.controller.AppController.java" OptBodyExec="true">
<StmntSeq Intrnl_Id="168">
<LocList>
<Loc EndOffset="4658" SrcFileId="2" StartOffset="4595"/>
</LocList>
<CondStmnt CovItemId="S50" CovItemPrefix="org.codecover.simplejavaapp.controller.AppController.java" Intrnl_Id="169">
<Branch CovItemId="B31" CovItemPrefix="org.codecover.simplejavaapp.controller.AppController.java" Implct="false" Intrnl_Id="170">
<Cond/>
<LocList>
<Loc EndOffset="4658" SrcFileId="2" StartOffset="4619"/>
</LocList>
<StmntSeq Intrnl_Id="171">
<LocList>
<Loc EndOffset="4644" SrcFileId="2" StartOffset="4637"/>
</LocList>
<BasicStmnt CovItemId="S51" CovItemPrefix="org.codecover.simplejavaapp.controller.AppController.java" Intrnl_Id="172">
<LocList>
<Loc EndOffset="4644" SrcFileId="2" StartOffset="4637"/>
</LocList>
</BasicStmnt>
</StmntSeq>
</Branch>
<Branch CovItemId="B32" CovItemPrefix="org.codecover.simplejavaapp.controller.AppController.java" Implct="true" Intrnl_Id="173">
<Cond/>
<LocList/>
<StmntSeq Intrnl_Id="174">
<LocList/>
</StmntSeq>
</Branch>
<Keyword EndOffset="4597" SrcFileId="2" StartOffset="4595"/>
<LocList>
<Loc EndOffset="4658" SrcFileId="2" StartOffset="4595"/>
</LocList>
<RootTerm CovItemId="C8" CovItemPrefix="org.codecover.simplejavaapp.controller.AppController.java" Intrnl_Id="175">
<OpTerm BooleanOpId="9" Intrnl_Id="176">
<BasicBoolTerm Intrnl_Id="177">
<LocList>
<Loc EndOffset="4617" SrcFileId="2" StartOffset="4600"/>
</LocList>
</BasicBoolTerm>
<LocList>
<Loc EndOffset="4600" SrcFileId="2" StartOffset="4599"/>
</LocList>
</OpTerm>
</RootTerm>
</CondStmnt>
</StmntSeq>
<Keyword EndOffset="4555" SrcFileId="2" StartOffset="4552"/>
<LocList>
<Loc EndOffset="4668" SrcFileId="2" StartOffset="4552"/>
</LocList>
</LoopStmnt>
<BasicStmnt CovItemId="S52" CovItemPrefix="org.codecover.simplejavaapp.controller.AppController.java" Intrnl_Id="178">
<LocList>
<Loc EndOffset="4763" SrcFileId="2" StartOffset="4748"/>
</LocList>
</BasicStmnt>
</StmntSeq>
</HierarchyLvl>
<HierarchyLvl HierarchyLvlId="14" HierarchyLvlTypeId="14" Intrnl_Id="179" Name="onSave">
<Header>
<Loc EndOffset="4812" SrcFileId="2" StartOffset="4775"/>
</Header>
<LocList>
<Loc EndOffset="5031" SrcFileId="2" StartOffset="4775"/>
</LocList>
<StmntSeq Intrnl_Id="180">
<LocList>
<Loc EndOffset="4865" SrcFileId="2" StartOffset="4823"/>
<Loc EndOffset="5025" SrcFileId="2" StartOffset="4875"/>
</LocList>
<BasicStmnt CovItemId="S53" CovItemPrefix="org.codecover.simplejavaapp.controller.AppController.java" Intrnl_Id="181">
<LocList>
<Loc EndOffset="4865" SrcFileId="2" StartOffset="4823"/>
</LocList>
</BasicStmnt>
<CondStmnt CovItemId="S54" CovItemPrefix="org.codecover.simplejavaapp.controller.AppController.java" Intrnl_Id="182">
<Branch CovItemId="B33" CovItemPrefix="org.codecover.simplejavaapp.controller.AppController.java" Implct="false" Intrnl_Id="183">
<Cond/>
<LocList>
<Loc EndOffset="4941" SrcFileId="2" StartOffset="4893"/>
</LocList>
<StmntSeq Intrnl_Id="184">
<LocList>
<Loc EndOffset="4931" SrcFileId="2" StartOffset="4907"/>
</LocList>
<BasicStmnt CovItemId="S55" CovItemPrefix="org.codecover.simplejavaapp.controller.AppController.java" Intrnl_Id="185">
<LocList>
<Loc EndOffset="4931" SrcFileId="2" StartOffset="4907"/>
</LocList>
</BasicStmnt>
</StmntSeq>
</Branch>
<Branch CovItemId="B34" CovItemPrefix="org.codecover.simplejavaapp.controller.AppController.java" Implct="false" Intrnl_Id="186">
<Cond>
<Loc EndOffset="4946" SrcFileId="2" StartOffset="4942"/>
</Cond>
<LocList>
<Loc EndOffset="5025" SrcFileId="2" StartOffset="4947"/>
</LocList>
<StmntSeq Intrnl_Id="187">
<LocList>
<Loc EndOffset="4990" SrcFileId="2" StartOffset="4961"/>
<Loc EndOffset="5015" SrcFileId="2" StartOffset="5003"/>
</LocList>
<BasicStmnt CovItemId="S56" CovItemPrefix="org.codecover.simplejavaapp.controller.AppController.java" Intrnl_Id="188">
<LocList>
<Loc EndOffset="4990" SrcFileId="2" StartOffset="4961"/>
</LocList>
</BasicStmnt>
<BasicStmnt CovItemId="S57" CovItemPrefix="org.codecover.simplejavaapp.controller.AppController.java" Intrnl_Id="189">
<LocList>
<Loc EndOffset="5015" SrcFileId="2" StartOffset="5003"/>
</LocList>
</BasicStmnt>
</StmntSeq>
</Branch>
<Keyword EndOffset="4877" SrcFileId="2" StartOffset="4875"/>
<LocList>
<Loc EndOffset="5025" SrcFileId="2" StartOffset="4875"/>
</LocList>
<RootTerm CovItemId="C9" CovItemPrefix="org.codecover.simplejavaapp.controller.AppController.java" Intrnl_Id="190">
<BasicBoolTerm Intrnl_Id="191">
<LocList>
<Loc EndOffset="4891" SrcFileId="2" StartOffset="4879"/>
</LocList>
</BasicBoolTerm>
</RootTerm>
</CondStmnt>
</StmntSeq>
</HierarchyLvl>
<HierarchyLvl HierarchyLvlId="15" HierarchyLvlTypeId="14" Intrnl_Id="192" Name="onSaveAs">
<Header>
<Loc EndOffset="5076" SrcFileId="2" StartOffset="5037"/>
</Header>
<LocList>
<Loc EndOffset="5286" SrcFileId="2" StartOffset="5037"/>
</LocList>
<StmntSeq Intrnl_Id="193">
<LocList>
<Loc EndOffset="5131" SrcFileId="2" StartOffset="5087"/>
<Loc EndOffset="5280" SrcFileId="2" StartOffset="5141"/>
</LocList>
<BasicStmnt CovItemId="S58" CovItemPrefix="org.codecover.simplejavaapp.controller.AppController.java" Intrnl_Id="194">
<LocList>
<Loc EndOffset="5131" SrcFileId="2" StartOffset="5087"/>
</LocList>
</BasicStmnt>
<CondStmnt CovItemId="S59" CovItemPrefix="org.codecover.simplejavaapp.controller.AppController.java" Intrnl_Id="195">
<Branch CovItemId="B35" CovItemPrefix="org.codecover.simplejavaapp.controller.AppController.java" Implct="false" Intrnl_Id="196">
<Cond/>
<LocList>
<Loc EndOffset="5196" SrcFileId="2" StartOffset="5159"/>
</LocList>
<StmntSeq Intrnl_Id="197">
<LocList>
<Loc EndOffset="5186" SrcFileId="2" StartOffset="5173"/>
</LocList>
<BasicStmnt CovItemId="S60" CovItemPrefix="org.codecover.simplejavaapp.controller.AppController.java" Intrnl_Id="198">
<LocList>
<Loc EndOffset="5186" SrcFileId="2" StartOffset="5173"/>
</LocList>
</BasicStmnt>
</StmntSeq>
</Branch>
<Branch CovItemId="B36" CovItemPrefix="org.codecover.simplejavaapp.controller.AppController.java" Implct="false" Intrnl_Id="199">
<Cond>
<Loc EndOffset="5201" SrcFileId="2" StartOffset="5197"/>
</Cond>
<LocList>
<Loc EndOffset="5280" SrcFileId="2" StartOffset="5202"/>
</LocList>
<StmntSeq Intrnl_Id="200">
<LocList>
<Loc EndOffset="5245" SrcFileId="2" StartOffset="5216"/>
<Loc EndOffset="5270" SrcFileId="2" StartOffset="5258"/>
</LocList>
<BasicStmnt CovItemId="S61" CovItemPrefix="org.codecover.simplejavaapp.controller.AppController.java" Intrnl_Id="201">
<LocList>
<Loc EndOffset="5245" SrcFileId="2" StartOffset="5216"/>
</LocList>
</BasicStmnt>
<BasicStmnt CovItemId="S62" CovItemPrefix="org.codecover.simplejavaapp.controller.AppController.java" Intrnl_Id="202">
<LocList>
<Loc EndOffset="5270" SrcFileId="2" StartOffset="5258"/>
</LocList>
</BasicStmnt>
</StmntSeq>
</Branch>
<Keyword EndOffset="5143" SrcFileId="2" StartOffset="5141"/>
<LocList>
<Loc EndOffset="5280" SrcFileId="2" StartOffset="5141"/>
</LocList>
<RootTerm CovItemId="C10" CovItemPrefix="org.codecover.simplejavaapp.controller.AppController.java" Intrnl_Id="203">
<BasicBoolTerm Intrnl_Id="204">
<LocList>
<Loc EndOffset="5157" SrcFileId="2" StartOffset="5145"/>
</LocList>
</BasicBoolTerm>
</RootTerm>
</CondStmnt>
</StmntSeq>
</HierarchyLvl>
<HierarchyLvl HierarchyLvlId="16" HierarchyLvlTypeId="14" Intrnl_Id="205" Name="save">
<Header>
<Loc EndOffset="5335" SrcFileId="2" StartOffset="5292"/>
</Header>
<LocList>
<Loc EndOffset="5726" SrcFileId="2" StartOffset="5292"/>
</LocList>
<StmntSeq Intrnl_Id="206">
<LocList>
<Loc EndOffset="5393" SrcFileId="2" StartOffset="5364"/>
<Loc EndOffset="5720" SrcFileId="2" StartOffset="5346"/>
</LocList>
<BasicStmnt CovItemId="S64" CovItemPrefix="org.codecover.simplejavaapp.controller.AppController.java" Intrnl_Id="207">
<LocList>
<Loc EndOffset="5393" SrcFileId="2" StartOffset="5364"/>
</LocList>
</BasicStmnt>
<CondStmnt CovItemId="S63" CovItemPrefix="org.codecover.simplejavaapp.controller.AppController.java" Intrnl_Id="208">
<Branch CovItemId="B37" CovItemPrefix="org.codecover.simplejavaapp.controller.AppController.java" Implct="true" Intrnl_Id="209">
<Cond/>
<LocList/>
<StmntSeq Intrnl_Id="210">
<LocList/>
</StmntSeq>
</Branch>
<Branch CovItemId="B38" CovItemPrefix="org.codecover.simplejavaapp.controller.AppController.java" Implct="false" Intrnl_Id="211">
<Cond>
<Loc EndOffset="5442" SrcFileId="2" StartOffset="5404"/>
</Cond>
<LocList>
<Loc EndOffset="5517" SrcFileId="2" StartOffset="5443"/>
</LocList>
<StmntSeq Intrnl_Id="212">
<LocList>
<Loc EndOffset="5507" SrcFileId="2" StartOffset="5457"/>
</LocList>
<BasicStmnt CovItemId="S65" CovItemPrefix="org.codecover.simplejavaapp.controller.AppController.java" Intrnl_Id="213">
<LocList>
<Loc EndOffset="5507" SrcFileId="2" StartOffset="5457"/>
</LocList>
</BasicStmnt>
</StmntSeq>
</Branch>
<Branch CovItemId="B39" CovItemPrefix="org.codecover.simplejavaapp.controller.AppController.java" Implct="false" Intrnl_Id="214">
<Cond>
<Loc EndOffset="5548" SrcFileId="2" StartOffset="5518"/>
</Cond>
<LocList>
<Loc EndOffset="5623" SrcFileId="2" StartOffset="5549"/>
</LocList>
<StmntSeq Intrnl_Id="215">
<LocList>
<Loc EndOffset="5613" SrcFileId="2" StartOffset="5563"/>
</LocList>
<BasicStmnt CovItemId="S66" CovItemPrefix="org.codecover.simplejavaapp.controller.AppController.java" Intrnl_Id="216">
<LocList>
<Loc EndOffset="5613" SrcFileId="2" StartOffset="5563"/>
</LocList>
</BasicStmnt>
</StmntSeq>
</Branch>
<Branch CovItemId="B40" CovItemPrefix="org.codecover.simplejavaapp.controller.AppController.java" Implct="false" Intrnl_Id="217">
<Cond>
<Loc EndOffset="5645" SrcFileId="2" StartOffset="5624"/>
</Cond>
<LocList>
<Loc EndOffset="5720" SrcFileId="2" StartOffset="5646"/>
</LocList>
<StmntSeq Intrnl_Id="218">
<LocList>
<Loc EndOffset="5710" SrcFileId="2" StartOffset="5660"/>
</LocList>
<BasicStmnt CovItemId="S67" CovItemPrefix="org.codecover.simplejavaapp.controller.AppController.java" Intrnl_Id="219">
<LocList>
<Loc EndOffset="5710" SrcFileId="2" StartOffset="5660"/>
</LocList>
</BasicStmnt>
</StmntSeq>
</Branch>
<Keyword EndOffset="5349" SrcFileId="2" StartOffset="5346"/>
<LocList>
<Loc EndOffset="5720" SrcFileId="2" StartOffset="5346"/>
</LocList>
</CondStmnt>
</StmntSeq>
</HierarchyLvl>
<HierarchyLvl HierarchyLvlId="18" HierarchyLvlTypeId="15" Intrnl_Id="220" Name="AppViewListener">
<Header>
<Loc EndOffset="5791" SrcFileId="2" StartOffset="5732"/>
</Header>
<LocList>
<Loc EndOffset="7032" SrcFileId="2" StartOffset="5732"/>
</LocList>
<HierarchyLvl HierarchyLvlId="17" HierarchyLvlTypeId="14" Intrnl_Id="221" Name="update">
<Header>
<Loc EndOffset="6125" SrcFileId="2" StartOffset="6058"/>
</Header>
<LocList>
<Loc EndOffset="7026" SrcFileId="2" StartOffset="6058"/>
</LocList>
<StmntSeq Intrnl_Id="222">
<LocList>
<Loc EndOffset="7016" SrcFileId="2" StartOffset="6140"/>
</LocList>
<CondStmnt CovItemId="S68" CovItemPrefix="org.codecover.simplejavaapp.controller.AppController.java" Intrnl_Id="223">
<Branch CovItemId="B41" CovItemPrefix="org.codecover.simplejavaapp.controller.AppController.java" Implct="false" Intrnl_Id="224">
<Cond>
<Loc EndOffset="6200" SrcFileId="2" StartOffset="6177"/>
</Cond>
<LocList>
<Loc EndOffset="6271" SrcFileId="2" StartOffset="6222"/>
</LocList>
<StmntSeq Intrnl_Id="225">
<LocList>
<Loc EndOffset="6244" SrcFileId="2" StartOffset="6222"/>
<Loc EndOffset="6271" SrcFileId="2" StartOffset="6265"/>
</LocList>
<BasicStmnt CovItemId="S69" CovItemPrefix="org.codecover.simplejavaapp.controller.AppController.java" Intrnl_Id="226">
<LocList>
<Loc EndOffset="6244" SrcFileId="2" StartOffset="6222"/>
</LocList>
</BasicStmnt>
<BasicStmnt CovItemId="S70" CovItemPrefix="org.codecover.simplejavaapp.controller.AppController.java" Intrnl_Id="227">
<LocList>
<Loc EndOffset="6271" SrcFileId="2" StartOffset="6265"/>
</LocList>
</BasicStmnt>
</StmntSeq>
</Branch>
<Branch CovItemId="B42" CovItemPrefix="org.codecover.simplejavaapp.controller.AppController.java" Implct="false" Intrnl_Id="228">
<Cond>
<Loc EndOffset="6305" SrcFileId="2" StartOffset="6288"/>
</Cond>
<LocList>
<Loc EndOffset="6388" SrcFileId="2" StartOffset="6327"/>
</LocList>
<StmntSeq Intrnl_Id="229">
<LocList>
<Loc EndOffset="6361" SrcFileId="2" StartOffset="6327"/>
<Loc EndOffset="6388" SrcFileId="2" StartOffset="6382"/>
</LocList>
<BasicStmnt CovItemId="S71" CovItemPrefix="org.codecover.simplejavaapp.controller.AppController.java" Intrnl_Id="230">
<LocList>
<Loc EndOffset="6361" SrcFileId="2" StartOffset="6327"/>
</LocList>
</BasicStmnt>
<BasicStmnt CovItemId="S72" CovItemPrefix="org.codecover.simplejavaapp.controller.AppController.java" Intrnl_Id="231">
<LocList>
<Loc EndOffset="6388" SrcFileId="2" StartOffset="6382"/>
</LocList>
</BasicStmnt>
</StmntSeq>
</Branch>
<Branch CovItemId="B43" CovItemPrefix="org.codecover.simplejavaapp.controller.AppController.java" Implct="false" Intrnl_Id="232">
<Cond>
<Loc EndOffset="6424" SrcFileId="2" StartOffset="6405"/>
</Cond>
<LocList>
<Loc EndOffset="6491" SrcFileId="2" StartOffset="6446"/>
</LocList>
<StmntSeq Intrnl_Id="233">
<LocList>
<Loc EndOffset="6464" SrcFileId="2" StartOffset="6446"/>
<Loc EndOffset="6491" SrcFileId="2" StartOffset="6485"/>
</LocList>
<BasicStmnt CovItemId="S73" CovItemPrefix="org.codecover.simplejavaapp.controller.AppController.java" Intrnl_Id="234">
<LocList>
<Loc EndOffset="6464" SrcFileId="2" StartOffset="6446"/>
</LocList>
</BasicStmnt>
<BasicStmnt CovItemId="S74" CovItemPrefix="org.codecover.simplejavaapp.controller.AppController.java" Intrnl_Id="235">
<LocList>
<Loc EndOffset="6491" SrcFileId="2" StartOffset="6485"/>
</LocList>
</BasicStmnt>
</StmntSeq>
</Branch>
<Branch CovItemId="B44" CovItemPrefix="org.codecover.simplejavaapp.controller.AppController.java" Implct="false" Intrnl_Id="236">
<Cond>
<Loc EndOffset="6529" SrcFileId="2" StartOffset="6508"/>
</Cond>
<LocList>
<Loc EndOffset="6596" SrcFileId="2" StartOffset="6551"/>
</LocList>
<StmntSeq Intrnl_Id="237">
<LocList>
<Loc EndOffset="6569" SrcFileId="2" StartOffset="6551"/>
<Loc EndOffset="6596" SrcFileId="2" StartOffset="6590"/>
</LocList>
<BasicStmnt CovItemId="S75" CovItemPrefix="org.codecover.simplejavaapp.controller.AppController.java" Intrnl_Id="238">
<LocList>
<Loc EndOffset="6569" SrcFileId="2" StartOffset="6551"/>
</LocList>
</BasicStmnt>
<BasicStmnt CovItemId="S76" CovItemPrefix="org.codecover.simplejavaapp.controller.AppController.java" Intrnl_Id="239">
<LocList>
<Loc EndOffset="6596" SrcFileId="2" StartOffset="6590"/>
</LocList>
</BasicStmnt>
</StmntSeq>
</Branch>
<Branch CovItemId="B45" CovItemPrefix="org.codecover.simplejavaapp.controller.AppController.java" Implct="false" Intrnl_Id="240">
<Cond>
<Loc EndOffset="6628" SrcFileId="2" StartOffset="6613"/>
</Cond>
<LocList>
<Loc EndOffset="6692" SrcFileId="2" StartOffset="6650"/>
</LocList>
<StmntSeq Intrnl_Id="241">
<LocList>
<Loc EndOffset="6665" SrcFileId="2" StartOffset="6650"/>
<Loc EndOffset="6692" SrcFileId="2" StartOffset="6686"/>
</LocList>
<BasicStmnt CovItemId="S77" CovItemPrefix="org.codecover.simplejavaapp.controller.AppController.java" Intrnl_Id="242">
<LocList>
<Loc EndOffset="6665" SrcFileId="2" StartOffset="6650"/>
</LocList>
</BasicStmnt>
<BasicStmnt CovItemId="S78" CovItemPrefix="org.codecover.simplejavaapp.controller.AppController.java" Intrnl_Id="243">
<LocList>
<Loc EndOffset="6692" SrcFileId="2" StartOffset="6686"/>
</LocList>
</BasicStmnt>
</StmntSeq>
</Branch>
<Branch CovItemId="B46" CovItemPrefix="org.codecover.simplejavaapp.controller.AppController.java" Implct="false" Intrnl_Id="244">
<Cond>
<Loc EndOffset="6724" SrcFileId="2" StartOffset="6709"/>
</Cond>
<LocList>
<Loc EndOffset="6805" SrcFileId="2" StartOffset="6746"/>
</LocList>
<StmntSeq Intrnl_Id="245">
<LocList>
<Loc EndOffset="6778" SrcFileId="2" StartOffset="6746"/>
<Loc EndOffset="6805" SrcFileId="2" StartOffset="6799"/>
</LocList>
<BasicStmnt CovItemId="S79" CovItemPrefix="org.codecover.simplejavaapp.controller.AppController.java" Intrnl_Id="246">
<LocList>
<Loc EndOffset="6778" SrcFileId="2" StartOffset="6746"/>
</LocList>
</BasicStmnt>
<BasicStmnt CovItemId="S80" CovItemPrefix="org.codecover.simplejavaapp.controller.AppController.java" Intrnl_Id="247">
<LocList>
<Loc EndOffset="6805" SrcFileId="2" StartOffset="6799"/>
</LocList>
</BasicStmnt>
</StmntSeq>
</Branch>
<Branch CovItemId="B47" CovItemPrefix="org.codecover.simplejavaapp.controller.AppController.java" Implct="false" Intrnl_Id="248">
<Cond>
<Loc EndOffset="6837" SrcFileId="2" StartOffset="6822"/>
</Cond>
<LocList>
<Loc EndOffset="6901" SrcFileId="2" StartOffset="6859"/>
</LocList>
<StmntSeq Intrnl_Id="249">
<LocList>
<Loc EndOffset="6874" SrcFileId="2" StartOffset="6859"/>
<Loc EndOffset="6901" SrcFileId="2" StartOffset="6895"/>
</LocList>
<BasicStmnt CovItemId="S81" CovItemPrefix="org.codecover.simplejavaapp.controller.AppController.java" Intrnl_Id="250">
<LocList>
<Loc EndOffset="6874" SrcFileId="2" StartOffset="6859"/>
</LocList>
</BasicStmnt>
<BasicStmnt CovItemId="S82" CovItemPrefix="org.codecover.simplejavaapp.controller.AppController.java" Intrnl_Id="251">
<LocList>
<Loc EndOffset="6901" SrcFileId="2" StartOffset="6895"/>
</LocList>
</BasicStmnt>
</StmntSeq>
</Branch>
<Branch CovItemId="B48" CovItemPrefix="org.codecover.simplejavaapp.controller.AppController.java" Implct="false" Intrnl_Id="252">
<Cond>
<Loc EndOffset="6936" SrcFileId="2" StartOffset="6918"/>
</Cond>
<LocList>
<Loc EndOffset="7002" SrcFileId="2" StartOffset="6958"/>
</LocList>
<StmntSeq Intrnl_Id="253">
<LocList>
<Loc EndOffset="6975" SrcFileId="2" StartOffset="6958"/>
<Loc EndOffset="7002" SrcFileId="2" StartOffset="6996"/>
</LocList>
<BasicStmnt CovItemId="S83" CovItemPrefix="org.codecover.simplejavaapp.controller.AppController.java" Intrnl_Id="254">
<LocList>
<Loc EndOffset="6975" SrcFileId="2" StartOffset="6958"/>
</LocList>
</BasicStmnt>
<BasicStmnt CovItemId="S84" CovItemPrefix="org.codecover.simplejavaapp.controller.AppController.java" Intrnl_Id="255">
<LocList>
<Loc EndOffset="7002" SrcFileId="2" StartOffset="6996"/>
</LocList>
</BasicStmnt>
</StmntSeq>
</Branch>
<Branch CovItemId="B49" CovItemPrefix="org.codecover.simplejavaapp.controller.AppController.java" Implct="true" Intrnl_Id="256">
<Cond/>
<LocList/>
<StmntSeq Intrnl_Id="257">
<LocList/>
</StmntSeq>
</Branch>
<Keyword EndOffset="6146" SrcFileId="2" StartOffset="6140"/>
<LocList>
<Loc EndOffset="7016" SrcFileId="2" StartOffset="6140"/>
</LocList>
</CondStmnt>
</StmntSeq>
</HierarchyLvl>
</HierarchyLvl>
</HierarchyLvl>
</HierarchyLvl>
<HierarchyLvl HierarchyLvlId="139" HierarchyLvlTypeId="11" Intrnl_Id="258" Name="model">
<Header/>
<LocList/>
<HierarchyLvl HierarchyLvlId="43" HierarchyLvlTypeId="15" Intrnl_Id="259" Name="AppFile">
<Header>
<Loc EndOffset="1112" SrcFileId="3" StartOffset="1092"/>
</Header>
<LocList>
<Loc EndOffset="8001" SrcFileId="3" StartOffset="1092"/>
<Loc EndOffset="8779" SrcFileId="3" StartOffset="8773"/>
<Loc EndOffset="9095" SrcFileId="3" StartOffset="9093"/>
</LocList>
<StmntSeq Intrnl_Id="260">
<LocList>
<Loc EndOffset="1336" SrcFileId="3" StartOffset="1303"/>
</LocList>
<BasicStmnt CovItemId="S1" CovItemPrefix="org.codecover.simplejavaapp.model.AppFile.java" Intrnl_Id="261">
<LocList>
<Loc EndOffset="1336" SrcFileId="3" StartOffset="1303"/>
</LocList>
</BasicStmnt>
</StmntSeq>
<HierarchyLvl HierarchyLvlId="22" HierarchyLvlTypeId="14" Intrnl_Id="262" Name="AppFile">
<Header>
<Loc EndOffset="1421" SrcFileId="3" StartOffset="1404"/>
</Header>
<LocList>
<Loc EndOffset="1793" SrcFileId="3" StartOffset="1404"/>
</LocList>
<StmntSeq Intrnl_Id="263">
<LocList>
<Loc EndOffset="1471" SrcFileId="3" StartOffset="1432"/>
<Loc EndOffset="1519" SrcFileId="3" StartOffset="1480"/>
<Loc EndOffset="1567" SrcFileId="3" StartOffset="1528"/>
<Loc EndOffset="1715" SrcFileId="3" StartOffset="1713"/>
<Loc EndOffset="1787" SrcFileId="3" StartOffset="1724"/>
</LocList>
<BasicStmnt CovItemId="S2" CovItemPrefix="org.codecover.simplejavaapp.model.AppFile.java" Intrnl_Id="264">
<LocList>
<Loc EndOffset="1471" SrcFileId="3" StartOffset="1432"/>
</LocList>
</BasicStmnt>
<BasicStmnt CovItemId="S3" CovItemPrefix="org.codecover.simplejavaapp.model.AppFile.java" Intrnl_Id="265">
<LocList>
<Loc EndOffset="1519" SrcFileId="3" StartOffset="1480"/>
</LocList>
</BasicStmnt>
<BasicStmnt CovItemId="S4" CovItemPrefix="org.codecover.simplejavaapp.model.AppFile.java" Intrnl_Id="266">
<LocList>
<Loc EndOffset="1567" SrcFileId="3" StartOffset="1528"/>
<Loc EndOffset="1715" SrcFileId="3" StartOffset="1713"/>
</LocList>
</BasicStmnt>
<BasicStmnt CovItemId="S6" CovItemPrefix="org.codecover.simplejavaapp.model.AppFile.java" Intrnl_Id="267">
<LocList>
<Loc EndOffset="1787" SrcFileId="3" StartOffset="1724"/>
</LocList>
</BasicStmnt>
</StmntSeq>
<HierarchyLvl HierarchyLvlId="21" HierarchyLvlTypeId="12" Intrnl_Id="268" Name="Comparator&lt;String&gt;">
<Header>
<Loc EndOffset="1591" SrcFileId="3" StartOffset="1571"/>
</Header>
<LocList>
<Loc EndOffset="1713" SrcFileId="3" StartOffset="1567"/>
</LocList>
<HierarchyLvl HierarchyLvlId="20" HierarchyLvlTypeId="14" Intrnl_Id="269" Name="compare">
<Header>
<Loc EndOffset="1646" SrcFileId="3" StartOffset="1606"/>
</Header>
<LocList>
<Loc EndOffset="1703" SrcFileId="3" StartOffset="1606"/>
</LocList>
<StmntSeq Intrnl_Id="270">
<LocList>
<Loc EndOffset="1689" SrcFileId="3" StartOffset="1665"/>
</LocList>
<BasicStmnt CovItemId="S5" CovItemPrefix="org.codecover.simplejavaapp.model.AppFile.java" Intrnl_Id="271">
<LocList>
<Loc EndOffset="1689" SrcFileId="3" StartOffset="1665"/>
</LocList>
</BasicStmnt>
</StmntSeq>
</HierarchyLvl>
</HierarchyLvl>
</HierarchyLvl>
<HierarchyLvl HierarchyLvlId="23" HierarchyLvlTypeId="14" Intrnl_Id="272" Name="newFile">
<Header>
<Loc EndOffset="1937" SrcFileId="3" StartOffset="1913"/>
</Header>
<LocList>
<Loc EndOffset="1975" SrcFileId="3" StartOffset="1913"/>
</LocList>
<StmntSeq Intrnl_Id="273">
<LocList>
<Loc EndOffset="1969" SrcFileId="3" StartOffset="1948"/>
</LocList>
<BasicStmnt CovItemId="S7" CovItemPrefix="org.codecover.simplejavaapp.model.AppFile.java" Intrnl_Id="274">
<LocList>
<Loc EndOffset="1969" SrcFileId="3" StartOffset="1948"/>
</LocList>
</BasicStmnt>
</StmntSeq>
</HierarchyLvl>
<HierarchyLvl HierarchyLvlId="24" HierarchyLvlTypeId="14" Intrnl_Id="275" Name="getBooks">
<Header>
<Loc EndOffset="2144" SrcFileId="3" StartOffset="2123"/>
</Header>
<LocList>
<Loc EndOffset="2210" SrcFileId="3" StartOffset="2123"/>
</LocList>
<StmntSeq Intrnl_Id="276">
<LocList>
<Loc EndOffset="2204" SrcFileId="3" StartOffset="2155"/>
</LocList>
<BasicStmnt CovItemId="S8" CovItemPrefix="org.codecover.simplejavaapp.model.AppFile.java" Intrnl_Id="277">
<LocList>
<Loc EndOffset="2204" SrcFileId="3" StartOffset="2155"/>
</LocList>
</BasicStmnt>
</StmntSeq>
</HierarchyLvl>
<HierarchyLvl HierarchyLvlId="25" HierarchyLvlTypeId="14" Intrnl_Id="278" Name="getBook">
<Header>
<Loc EndOffset="2473" SrcFileId="3" StartOffset="2450"/>
</Header>
<LocList>
<Loc EndOffset="2516" SrcFileId="3" StartOffset="2450"/>
</LocList>
<StmntSeq Intrnl_Id="279">
<LocList>
<Loc EndOffset="2510" SrcFileId="3" StartOffset="2484"/>
</LocList>
<BasicStmnt CovItemId="S9" CovItemPrefix="org.codecover.simplejavaapp.model.AppFile.java" Intrnl_Id="280">
<LocList>
<Loc EndOffset="2510" SrcFileId="3" StartOffset="2484"/>
</LocList>
</BasicStmnt>
</StmntSeq>
</HierarchyLvl>
<HierarchyLvl HierarchyLvlId="26" HierarchyLvlTypeId="14" Intrnl_Id="281" Name="addBook">
<Header>
<Loc EndOffset="2710" SrcFileId="3" StartOffset="2687"/>
</Header>
<LocList>
<Loc EndOffset="2845" SrcFileId="3" StartOffset="2687"/>
</LocList>
<StmntSeq Intrnl_Id="282">
<LocList>
<Loc EndOffset="2756" SrcFileId="3" StartOffset="2721"/>
<Loc EndOffset="2811" SrcFileId="3" StartOffset="2765"/>
<Loc EndOffset="2839" SrcFileId="3" StartOffset="2821"/>
</LocList>
<BasicStmnt CovItemId="S10" CovItemPrefix="org.codecover.simplejavaapp.model.AppFile.java" Intrnl_Id="283">
<LocList>
<Loc EndOffset="2756" SrcFileId="3" StartOffset="2721"/>
</LocList>
</BasicStmnt>
<BasicStmnt CovItemId="S11" CovItemPrefix="org.codecover.simplejavaapp.model.AppFile.java" Intrnl_Id="284">
<LocList>
<Loc EndOffset="2811" SrcFileId="3" StartOffset="2765"/>
</LocList>
</BasicStmnt>
<BasicStmnt CovItemId="S12" CovItemPrefix="org.codecover.simplejavaapp.model.AppFile.java" Intrnl_Id="285">
<LocList>
<Loc EndOffset="2839" SrcFileId="3" StartOffset="2821"/>
</LocList>
</BasicStmnt>
</StmntSeq>
</HierarchyLvl>
<HierarchyLvl HierarchyLvlId="27" HierarchyLvlTypeId="14" Intrnl_Id="286" Name="removeBook">
<Header>
<Loc EndOffset="3028" SrcFileId="3" StartOffset="2998"/>
</Header>
<LocList>
<Loc EndOffset="3099" SrcFileId="3" StartOffset="2998"/>
</LocList>
<StmntSeq Intrnl_Id="287">
<LocList>
<Loc EndOffset="3065" SrcFileId="3" StartOffset="3039"/>
<Loc EndOffset="3093" SrcFileId="3" StartOffset="3075"/>
</LocList>
<BasicStmnt CovItemId="S13" CovItemPrefix="org.codecover.simplejavaapp.model.AppFile.java" Intrnl_Id="288">
<LocList>
<Loc EndOffset="3065" SrcFileId="3" StartOffset="3039"/>
</LocList>
</BasicStmnt>
<BasicStmnt CovItemId="S14" CovItemPrefix="org.codecover.simplejavaapp.model.AppFile.java" Intrnl_Id="289">
<LocList>
<Loc EndOffset="3093" SrcFileId="3" StartOffset="3075"/>
</LocList>
</BasicStmnt>
</StmntSeq>
</HierarchyLvl>
<HierarchyLvl HierarchyLvlId="28" HierarchyLvlTypeId="14" Intrnl_Id="290" Name="getId">
<Header>
<Loc EndOffset="3210" SrcFileId="3" StartOffset="3196"/>
</Header>
<LocList>
<Loc EndOffset="3242" SrcFileId="3" StartOffset="3196"/>
</LocList>
<StmntSeq Intrnl_Id="291">
<LocList>
<Loc EndOffset="3236" SrcFileId="3" StartOffset="3221"/>
</LocList>
<BasicStmnt CovItemId="S15" CovItemPrefix="org.codecover.simplejavaapp.model.AppFile.java" Intrnl_Id="292">
<LocList>
<Loc EndOffset="3236" SrcFileId="3" StartOffset="3221"/>
</LocList>
</BasicStmnt>
</StmntSeq>
</HierarchyLvl>
<HierarchyLvl HierarchyLvlId="29" HierarchyLvlTypeId="14" Intrnl_Id="293" Name="isModified">
<Header>
<Loc EndOffset="3346" SrcFileId="3" StartOffset="3326"/>
</Header>
<LocList>
<Loc EndOffset="3384" SrcFileId="3" StartOffset="3326"/>
</LocList>
<StmntSeq Intrnl_Id="294">
<LocList>
<Loc EndOffset="3378" SrcFileId="3" StartOffset="3357"/>
</LocList>
<BasicStmnt CovItemId="S16" CovItemPrefix="org.codecover.simplejavaapp.model.AppFile.java" Intrnl_Id="295">
<LocList>
<Loc EndOffset="3378" SrcFileId="3" StartOffset="3357"/>
</LocList>
</BasicStmnt>
</StmntSeq>
</HierarchyLvl>
<HierarchyLvl HierarchyLvlId="30" HierarchyLvlTypeId="14" Intrnl_Id="296" Name="setModified">
<Header>
<Loc EndOffset="3535" SrcFileId="3" StartOffset="3501"/>
</Header>
<LocList>
<Loc EndOffset="3604" SrcFileId="3" StartOffset="3501"/>
</LocList>
<StmntSeq Intrnl_Id="297">
<LocList>
<Loc EndOffset="3571" SrcFileId="3" StartOffset="3546"/>
<Loc EndOffset="3598" SrcFileId="3" StartOffset="3580"/>
</LocList>
<BasicStmnt CovItemId="S17" CovItemPrefix="org.codecover.simplejavaapp.model.AppFile.java" Intrnl_Id="298">
<LocList>
<Loc EndOffset="3571" SrcFileId="3" StartOffset="3546"/>
</LocList>
</BasicStmnt>
<BasicStmnt CovItemId="S18" CovItemPrefix="org.codecover.simplejavaapp.model.AppFile.java" Intrnl_Id="299">
<LocList>
<Loc EndOffset="3598" SrcFileId="3" StartOffset="3580"/>
</LocList>
</BasicStmnt>
</StmntSeq>
</HierarchyLvl>
<HierarchyLvl HierarchyLvlId="31" HierarchyLvlTypeId="14" Intrnl_Id="300" Name="addAppModelModifyListener">
<Header>
<Loc EndOffset="3857" SrcFileId="3" StartOffset="3794"/>
</Header>
<LocList>
<Loc EndOffset="3908" SrcFileId="3" StartOffset="3794"/>
</LocList>
<StmntSeq Intrnl_Id="301">
<LocList>
<Loc EndOffset="3902" SrcFileId="3" StartOffset="3868"/>
</LocList>
<BasicStmnt CovItemId="S19" CovItemPrefix="org.codecover.simplejavaapp.model.AppFile.java" Intrnl_Id="302">
<LocList>
<Loc EndOffset="3902" SrcFileId="3" StartOffset="3868"/>
</LocList>
</BasicStmnt>
</StmntSeq>
</HierarchyLvl>
<HierarchyLvl HierarchyLvlId="32" HierarchyLvlTypeId="14" Intrnl_Id="303" Name="removeAppModelModifyListener">
<Header>
<Loc EndOffset="4176" SrcFileId="3" StartOffset="4110"/>
</Header>
<LocList>
<Loc EndOffset="4230" SrcFileId="3" StartOffset="4110"/>
</LocList>
<StmntSeq Intrnl_Id="304">
<LocList>
<Loc EndOffset="4224" SrcFileId="3" StartOffset="4187"/>
</LocList>
<BasicStmnt CovItemId="S20" CovItemPrefix="org.codecover.simplejavaapp.model.AppFile.java" Intrnl_Id="305">
<LocList>
<Loc EndOffset="4224" SrcFileId="3" StartOffset="4187"/>
</LocList>
</BasicStmnt>
</StmntSeq>
</HierarchyLvl>
<HierarchyLvl HierarchyLvlId="33" HierarchyLvlTypeId="14" Intrnl_Id="306" Name="notifyListeners">
<Header>
<Loc EndOffset="4266" SrcFileId="3" StartOffset="4236"/>
</Header>
<LocList>
<Loc EndOffset="4415" SrcFileId="3" StartOffset="4236"/>
</LocList>
<StmntSeq Intrnl_Id="307">
<LocList>
<Loc EndOffset="4409" SrcFileId="3" StartOffset="4277"/>
</LocList>
<LoopStmnt CovItemId="S21" CovItemPrefix="org.codecover.simplejavaapp.model.AppFile.java" Intrnl_Id="308" MltplExecId="L1-2" MltplExecPrefix="org.codecover.simplejavaapp.model.AppFile.java" NvrExecId="L1-0" NvrExecPrefix="org.codecover.simplejavaapp.model.AppFile.java" OnceExecutedId="L1-1" OnceExecutedPrefix="org.codecover.simplejavaapp.model.AppFile.java" OptBodyExec="true">
<StmntSeq Intrnl_Id="309">
<LocList>
<Loc EndOffset="4399" SrcFileId="3" StartOffset="4351"/>
</LocList>
<BasicStmnt CovItemId="S22" CovItemPrefix="org.codecover.simplejavaapp.model.AppFile.java" Intrnl_Id="310">
<LocList>
<Loc EndOffset="4399" SrcFileId="3" StartOffset="4351"/>
</LocList>
</BasicStmnt>
</StmntSeq>
<Keyword EndOffset="4280" SrcFileId="3" StartOffset="4277"/>
<LocList>
<Loc EndOffset="4409" SrcFileId="3" StartOffset="4277"/>
</LocList>
</LoopStmnt>
</StmntSeq>
</HierarchyLvl>
<HierarchyLvl HierarchyLvlId="34" HierarchyLvlTypeId="14" Intrnl_Id="311" Name="setPath">
<Header>
<Loc EndOffset="4553" SrcFileId="3" StartOffset="4520"/>
</Header>
<LocList>
<Loc EndOffset="4614" SrcFileId="3" StartOffset="4520"/>
</LocList>
<StmntSeq Intrnl_Id="312">
<LocList>
<Loc EndOffset="4581" SrcFileId="3" StartOffset="4564"/>
<Loc EndOffset="4608" SrcFileId="3" StartOffset="4590"/>
</LocList>
<BasicStmnt CovItemId="S23" CovItemPrefix="org.codecover.simplejavaapp.model.AppFile.java" Intrnl_Id="313">
<LocList>
<Loc EndOffset="4581" SrcFileId="3" StartOffset="4564"/>
</LocList>
</BasicStmnt>
<BasicStmnt CovItemId="S24" CovItemPrefix="org.codecover.simplejavaapp.model.AppFile.java" Intrnl_Id="314">
<LocList>
<Loc EndOffset="4608" SrcFileId="3" StartOffset="4590"/>
</LocList>
</BasicStmnt>
</StmntSeq>
</HierarchyLvl>
<HierarchyLvl HierarchyLvlId="35" HierarchyLvlTypeId="14" Intrnl_Id="315" Name="getPath">
<Header>
<Loc EndOffset="4706" SrcFileId="3" StartOffset="4690"/>
</Header>
<LocList>
<Loc EndOffset="4740" SrcFileId="3" StartOffset="4690"/>
</LocList>
<StmntSeq Intrnl_Id="316">
<LocList>
<Loc EndOffset="4734" SrcFileId="3" StartOffset="4717"/>
</LocList>
<BasicStmnt CovItemId="S25" CovItemPrefix="org.codecover.simplejavaapp.model.AppFile.java" Intrnl_Id="317">
<LocList>
<Loc EndOffset="4734" SrcFileId="3" StartOffset="4717"/>
</LocList>
</BasicStmnt>
</StmntSeq>
</HierarchyLvl>
<HierarchyLvl HierarchyLvlId="36" HierarchyLvlTypeId="14" Intrnl_Id="318" Name="saveAppFile">
<Header>
<Loc EndOffset="5115" SrcFileId="3" StartOffset="5005"/>
</Header>
<LocList>
<Loc EndOffset="6688" SrcFileId="3" StartOffset="5005"/>
</LocList>
<StmntSeq Intrnl_Id="319">
<LocList>
<Loc EndOffset="5149" SrcFileId="3" StartOffset="5126"/>
<Loc EndOffset="5280" SrcFileId="3" StartOffset="5233"/>
<Loc EndOffset="5321" SrcFileId="3" StartOffset="5289"/>
<Loc EndOffset="5370" SrcFileId="3" StartOffset="5330"/>
<Loc EndOffset="5411" SrcFileId="3" StartOffset="5379"/>
<Loc EndOffset="5848" SrcFileId="3" StartOffset="5421"/>
<Loc EndOffset="5908" SrcFileId="3" StartOffset="5858"/>
<Loc EndOffset="5979" SrcFileId="3" StartOffset="5935"/>
<Loc EndOffset="6042" SrcFileId="3" StartOffset="5992"/>
<Loc EndOffset="6112" SrcFileId="3" StartOffset="6055"/>
<Loc EndOffset="6170" SrcFileId="3" StartOffset="6125"/>
<Loc EndOffset="6242" SrcFileId="3" StartOffset="6183"/>
<Loc EndOffset="6310" SrcFileId="3" StartOffset="6255"/>
<Loc EndOffset="6369" SrcFileId="3" StartOffset="6323"/>
<Loc EndOffset="6394" SrcFileId="3" StartOffset="6382"/>
<Loc EndOffset="6577" SrcFileId="3" StartOffset="6553"/>
<Loc EndOffset="6627" SrcFileId="3" StartOffset="6590"/>
<Loc EndOffset="6637" SrcFileId="3" StartOffset="5917"/>
<Loc EndOffset="6672" SrcFileId="3" StartOffset="6660"/>
</LocList>
<BasicStmnt CovItemId="S26" CovItemPrefix="org.codecover.simplejavaapp.model.AppFile.java" Intrnl_Id="320">
<LocList>
<Loc EndOffset="5149" SrcFileId="3" StartOffset="5126"/>
</LocList>
</BasicStmnt>
<BasicStmnt CovItemId="S27" CovItemPrefix="org.codecover.simplejavaapp.model.AppFile.java" Intrnl_Id="321">
<LocList>
<Loc EndOffset="5280" SrcFileId="3" StartOffset="5233"/>
</LocList>
</BasicStmnt>
<BasicStmnt CovItemId="S28" CovItemPrefix="org.codecover.simplejavaapp.model.AppFile.java" Intrnl_Id="322">
<LocList>
<Loc EndOffset="5321" SrcFileId="3" StartOffset="5289"/>
</LocList>
</BasicStmnt>
<BasicStmnt CovItemId="S29" CovItemPrefix="org.codecover.simplejavaapp.model.AppFile.java" Intrnl_Id="323">
<LocList>
<Loc EndOffset="5370" SrcFileId="3" StartOffset="5330"/>
</LocList>
</BasicStmnt>
<BasicStmnt CovItemId="S30" CovItemPrefix="org.codecover.simplejavaapp.model.AppFile.java" Intrnl_Id="324">
<LocList>
<Loc EndOffset="5411" SrcFileId="3" StartOffset="5379"/>
</LocList>
</BasicStmnt>
<CondStmnt CovItemId="S31" CovItemPrefix="org.codecover.simplejavaapp.model.AppFile.java" Intrnl_Id="325">
<Branch CovItemId="B1" CovItemPrefix="org.codecover.simplejavaapp.model.AppFile.java" Implct="false" Intrnl_Id="326">
<Cond/>
<LocList>
<Loc EndOffset="5848" SrcFileId="3" StartOffset="5441"/>
</LocList>
<StmntSeq Intrnl_Id="327">
<LocList>
<Loc EndOffset="5519" SrcFileId="3" StartOffset="5455"/>
<Loc EndOffset="5568" SrcFileId="3" StartOffset="5532"/>
<Loc EndOffset="5641" SrcFileId="3" StartOffset="5582"/>
<Loc EndOffset="5779" SrcFileId="3" StartOffset="5655"/>
<Loc EndOffset="5838" SrcFileId="3" StartOffset="5793"/>
</LocList>
<BasicStmnt CovItemId="S32" CovItemPrefix="org.codecover.simplejavaapp.model.AppFile.java" Intrnl_Id="328">
<LocList>
<Loc EndOffset="5519" SrcFileId="3" StartOffset="5455"/>
</LocList>
</BasicStmnt>
<BasicStmnt CovItemId="S33" CovItemPrefix="org.codecover.simplejavaapp.model.AppFile.java" Intrnl_Id="329">
<LocList>
<Loc EndOffset="5568" SrcFileId="3" StartOffset="5532"/>
</LocList>
</BasicStmnt>
<BasicStmnt CovItemId="S34" CovItemPrefix="org.codecover.simplejavaapp.model.AppFile.java" Intrnl_Id="330">
<LocList>
<Loc EndOffset="5641" SrcFileId="3" StartOffset="5582"/>
</LocList>
</BasicStmnt>
<LoopStmnt CovItemId="S35" CovItemPrefix="org.codecover.simplejavaapp.model.AppFile.java" Intrnl_Id="331" MltplExecId="L2-2" MltplExecPrefix="org.codecover.simplejavaapp.model.AppFile.java" NvrExecId="L2-0" NvrExecPrefix="org.codecover.simplejavaapp.model.AppFile.java" OnceExecutedId="L2-1" OnceExecutedPrefix="org.codecover.simplejavaapp.model.AppFile.java" OptBodyExec="true">
<StmntSeq Intrnl_Id="332">
<LocList>
<Loc EndOffset="5765" SrcFileId="3" StartOffset="5702"/>
</LocList>
<BasicStmnt CovItemId="S36" CovItemPrefix="org.codecover.simplejavaapp.model.AppFile.java" Intrnl_Id="333">
<LocList>
<Loc EndOffset="5765" SrcFileId="3" StartOffset="5702"/>
</LocList>
</BasicStmnt>
</StmntSeq>
<Keyword EndOffset="5658" SrcFileId="3" StartOffset="5655"/>
<LocList>
<Loc EndOffset="5779" SrcFileId="3" StartOffset="5655"/>
</LocList>
</LoopStmnt>
<BasicStmnt CovItemId="S37" CovItemPrefix="org.codecover.simplejavaapp.model.AppFile.java" Intrnl_Id="334">
<LocList>
<Loc EndOffset="5838" SrcFileId="3" StartOffset="5793"/>
</LocList>
</BasicStmnt>
</StmntSeq>
</Branch>
<Branch CovItemId="B2" CovItemPrefix="org.codecover.simplejavaapp.model.AppFile.java" Implct="true" Intrnl_Id="335">
<Cond/>
<LocList/>
<StmntSeq Intrnl_Id="336">
<LocList/>
</StmntSeq>
</Branch>
<Keyword EndOffset="5423" SrcFileId="3" StartOffset="5421"/>
<LocList>
<Loc EndOffset="5848" SrcFileId="3" StartOffset="5421"/>
</LocList>
<RootTerm CovItemId="C1" CovItemPrefix="org.codecover.simplejavaapp.model.AppFile.java" Intrnl_Id="337">
<BasicBoolTerm Intrnl_Id="338">
<LocList>
<Loc EndOffset="5439" SrcFileId="3" StartOffset="5425"/>
</LocList>
</BasicBoolTerm>
</RootTerm>
</CondStmnt>
<BasicStmnt CovItemId="S38" CovItemPrefix="org.codecover.simplejavaapp.model.AppFile.java" Intrnl_Id="339">
<LocList>
<Loc EndOffset="5908" SrcFileId="3" StartOffset="5858"/>
</LocList>
</BasicStmnt>
<BasicStmnt CovItemId="S40" CovItemPrefix="org.codecover.simplejavaapp.model.AppFile.java" Intrnl_Id="340">
<LocList>
<Loc EndOffset="5979" SrcFileId="3" StartOffset="5935"/>
</LocList>
</BasicStmnt>
<BasicStmnt CovItemId="S41" CovItemPrefix="org.codecover.simplejavaapp.model.AppFile.java" Intrnl_Id="341">
<LocList>
<Loc EndOffset="6042" SrcFileId="3" StartOffset="5992"/>
</LocList>
</BasicStmnt>
<BasicStmnt CovItemId="S42" CovItemPrefix="org.codecover.simplejavaapp.model.AppFile.java" Intrnl_Id="342">
<LocList>
<Loc EndOffset="6112" SrcFileId="3" StartOffset="6055"/>
</LocList>
</BasicStmnt>
<BasicStmnt CovItemId="S43" CovItemPrefix="org.codecover.simplejavaapp.model.AppFile.java" Intrnl_Id="343">
<LocList>
<Loc EndOffset="6170" SrcFileId="3" StartOffset="6125"/>
</LocList>
</BasicStmnt>
<BasicStmnt CovItemId="S44" CovItemPrefix="org.codecover.simplejavaapp.model.AppFile.java" Intrnl_Id="344">
<LocList>
<Loc EndOffset="6242" SrcFileId="3" StartOffset="6183"/>
</LocList>
</BasicStmnt>
<BasicStmnt CovItemId="S45" CovItemPrefix="org.codecover.simplejavaapp.model.AppFile.java" Intrnl_Id="345">
<LocList>
<Loc EndOffset="6310" SrcFileId="3" StartOffset="6255"/>
</LocList>
</BasicStmnt>
<BasicStmnt CovItemId="S46" CovItemPrefix="org.codecover.simplejavaapp.model.AppFile.java" Intrnl_Id="346">
<LocList>
<Loc EndOffset="6369" SrcFileId="3" StartOffset="6323"/>
</LocList>
</BasicStmnt>
<BasicStmnt CovItemId="S47" CovItemPrefix="org.codecover.simplejavaapp.model.AppFile.java" Intrnl_Id="347">
<LocList>
<Loc EndOffset="6394" SrcFileId="3" StartOffset="6382"/>
</LocList>
</BasicStmnt>
<BasicStmnt CovItemId="S48" CovItemPrefix="org.codecover.simplejavaapp.model.AppFile.java" Intrnl_Id="348">
<LocList>
<Loc EndOffset="6577" SrcFileId="3" StartOffset="6553"/>
</LocList>
</BasicStmnt>
<BasicStmnt CovItemId="S49" CovItemPrefix="org.codecover.simplejavaapp.model.AppFile.java" Intrnl_Id="349">
<LocList>
<Loc EndOffset="6627" SrcFileId="3" StartOffset="6590"/>
</LocList>
</BasicStmnt>
<CondStmnt CovItemId="S39" CovItemPrefix="org.codecover.simplejavaapp.model.AppFile.java" Intrnl_Id="350">
<Branch CovItemId="B3" CovItemPrefix="org.codecover.simplejavaapp.model.AppFile.java" Implct="true" Intrnl_Id="351">
<Cond/>
<LocList/>
<StmntSeq Intrnl_Id="352">
<LocList/>
</StmntSeq>
</Branch>
<Keyword EndOffset="5920" SrcFileId="3" StartOffset="5917"/>
<LocList>
<Loc EndOffset="6637" SrcFileId="3" StartOffset="5917"/>
</LocList>
</CondStmnt>
<BasicStmnt CovItemId="S50" CovItemPrefix="org.codecover.simplejavaapp.model.AppFile.java" Intrnl_Id="353">
<LocList>
<Loc EndOffset="6672" SrcFileId="3" StartOffset="6660"/>
</LocList>
</BasicStmnt>
</StmntSeq>
</HierarchyLvl>
<HierarchyLvl HierarchyLvlId="37" HierarchyLvlTypeId="14" Intrnl_Id="354" Name="loadAppFile">
<Header>
<Loc EndOffset="7119" SrcFileId="3" StartOffset="7007"/>
</Header>
<LocList>
<Loc EndOffset="7995" SrcFileId="3" StartOffset="7007"/>
</LocList>
<StmntSeq Intrnl_Id="355">
<LocList>
<Loc EndOffset="7166" SrcFileId="3" StartOffset="7130"/>
<Loc EndOffset="7246" SrcFileId="3" StartOffset="7176"/>
<Loc EndOffset="7287" SrcFileId="3" StartOffset="7255"/>
<Loc EndOffset="7359" SrcFileId="3" StartOffset="7296"/>
<Loc EndOffset="7414" SrcFileId="3" StartOffset="7368"/>
<Loc EndOffset="7470" SrcFileId="3" StartOffset="7424"/>
<Loc EndOffset="7604" SrcFileId="3" StartOffset="7480"/>
<Loc EndOffset="7878" SrcFileId="3" StartOffset="7613"/>
<Loc EndOffset="7915" SrcFileId="3" StartOffset="7888"/>
<Loc EndOffset="7964" SrcFileId="3" StartOffset="7924"/>
<Loc EndOffset="7989" SrcFileId="3" StartOffset="7974"/>
</LocList>
<BasicStmnt CovItemId="S51" CovItemPrefix="org.codecover.simplejavaapp.model.AppFile.java" Intrnl_Id="356">
<LocList>
<Loc EndOffset="7166" SrcFileId="3" StartOffset="7130"/>
</LocList>
</BasicStmnt>
<BasicStmnt CovItemId="S52" CovItemPrefix="org.codecover.simplejavaapp.model.AppFile.java" Intrnl_Id="357">
<LocList>
<Loc EndOffset="7246" SrcFileId="3" StartOffset="7176"/>
</LocList>
</BasicStmnt>
<BasicStmnt CovItemId="S53" CovItemPrefix="org.codecover.simplejavaapp.model.AppFile.java" Intrnl_Id="358">
<LocList>
<Loc EndOffset="7287" SrcFileId="3" StartOffset="7255"/>
</LocList>
</BasicStmnt>
<BasicStmnt CovItemId="S54" CovItemPrefix="org.codecover.simplejavaapp.model.AppFile.java" Intrnl_Id="359">
<LocList>
<Loc EndOffset="7359" SrcFileId="3" StartOffset="7296"/>
</LocList>
</BasicStmnt>
<BasicStmnt CovItemId="S55" CovItemPrefix="org.codecover.simplejavaapp.model.AppFile.java" Intrnl_Id="360">
<LocList>
<Loc EndOffset="7414" SrcFileId="3" StartOffset="7368"/>
</LocList>
</BasicStmnt>
<BasicStmnt CovItemId="S56" CovItemPrefix="org.codecover.simplejavaapp.model.AppFile.java" Intrnl_Id="361">
<LocList>
<Loc EndOffset="7470" SrcFileId="3" StartOffset="7424"/>
</LocList>
</BasicStmnt>
<BasicStmnt CovItemId="S57" CovItemPrefix="org.codecover.simplejavaapp.model.AppFile.java" Intrnl_Id="362">
<LocList>
<Loc EndOffset="7604" SrcFileId="3" StartOffset="7480"/>
</LocList>
</BasicStmnt>
<LoopStmnt CovItemId="S58" CovItemPrefix="org.codecover.simplejavaapp.model.AppFile.java" Intrnl_Id="363" MltplExecId="L3-2" MltplExecPrefix="org.codecover.simplejavaapp.model.AppFile.java" NvrExecId="L3-0" NvrExecPrefix="org.codecover.simplejavaapp.model.AppFile.java" OnceExecutedId="L3-1" OnceExecutedPrefix="org.codecover.simplejavaapp.model.AppFile.java" OptBodyExec="true">
<StmntSeq Intrnl_Id="364">
<LocList>
<Loc EndOffset="7868" SrcFileId="3" StartOffset="7662"/>
</LocList>
<LoopStmnt CovItemId="S59" CovItemPrefix="org.codecover.simplejavaapp.model.AppFile.java" Intrnl_Id="365" MltplExecId="L4-2" MltplExecPrefix="org.codecover.simplejavaapp.model.AppFile.java" NvrExecId="L4-0" NvrExecPrefix="org.codecover.simplejavaapp.model.AppFile.java" OnceExecutedId="L4-1" OnceExecutedPrefix="org.codecover.simplejavaapp.model.AppFile.java" OptBodyExec="true">
<StmntSeq Intrnl_Id="366">
<LocList>
<Loc EndOffset="7854" SrcFileId="3" StartOffset="7798"/>
</LocList>
<BasicStmnt CovItemId="S60" CovItemPrefix="org.codecover.simplejavaapp.model.AppFile.java" Intrnl_Id="367">
<LocList>
<Loc EndOffset="7854" SrcFileId="3" StartOffset="7798"/>
</LocList>
</BasicStmnt>
</StmntSeq>
<Keyword EndOffset="7665" SrcFileId="3" StartOffset="7662"/>
<LocList>
<Loc EndOffset="7868" SrcFileId="3" StartOffset="7662"/>
</LocList>
</LoopStmnt>
</StmntSeq>
<Keyword EndOffset="7616" SrcFileId="3" StartOffset="7613"/>
<LocList>
<Loc EndOffset="7878" SrcFileId="3" StartOffset="7613"/>
</LocList>
</LoopStmnt>
<BasicStmnt CovItemId="S61" CovItemPrefix="org.codecover.simplejavaapp.model.AppFile.java" Intrnl_Id="368">
<LocList>
<Loc EndOffset="7915" SrcFileId="3" StartOffset="7888"/>
</LocList>
</BasicStmnt>
<BasicStmnt CovItemId="S62" CovItemPrefix="org.codecover.simplejavaapp.model.AppFile.java" Intrnl_Id="369">
<LocList>
<Loc EndOffset="7964" SrcFileId="3" StartOffset="7924"/>
</LocList>
</BasicStmnt>
<BasicStmnt CovItemId="S63" CovItemPrefix="org.codecover.simplejavaapp.model.AppFile.java" Intrnl_Id="370">
<LocList>
<Loc EndOffset="7989" SrcFileId="3" StartOffset="7974"/>
</LocList>
</BasicStmnt>
</StmntSeq>
</HierarchyLvl>
<HierarchyLvl HierarchyLvlId="40" HierarchyLvlTypeId="15" Intrnl_Id="371" Name="NodeListIterable">
<Header>
<Loc EndOffset="8063" SrcFileId="3" StartOffset="8001"/>
</Header>
<LocList>
<Loc EndOffset="8773" SrcFileId="3" StartOffset="8001"/>
</LocList>
<HierarchyLvl HierarchyLvlId="38" HierarchyLvlTypeId="14" Intrnl_Id="372" Name="NodeListIterable">
<Header>
<Loc EndOffset="8380" SrcFileId="3" StartOffset="8338"/>
</Header>
<LocList>
<Loc EndOffset="8565" SrcFileId="3" StartOffset="8338"/>
</LocList>
<StmntSeq Intrnl_Id="373">
<LocList>
<Loc EndOffset="8430" SrcFileId="3" StartOffset="8395"/>
<Loc EndOffset="8555" SrcFileId="3" StartOffset="8444"/>
</LocList>
<BasicStmnt CovItemId="S64" CovItemPrefix="org.codecover.simplejavaapp.model.AppFile.java" Intrnl_Id="374">
<LocList>
<Loc EndOffset="8430" SrcFileId="3" StartOffset="8395"/>
</LocList>
</BasicStmnt>
<LoopStmnt CovItemId="S65" CovItemPrefix="org.codecover.simplejavaapp.model.AppFile.java" Intrnl_Id="375" MltplExecId="L5-2" MltplExecPrefix="org.codecover.simplejavaapp.model.AppFile.java" NvrExecId="L5-0" NvrExecPrefix="org.codecover.simplejavaapp.model.AppFile.java" OnceExecutedId="L5-1" OnceExecutedPrefix="org.codecover.simplejavaapp.model.AppFile.java" OptBodyExec="true">
<StmntSeq Intrnl_Id="376">
<LocList>
<Loc EndOffset="8541" SrcFileId="3" StartOffset="8509"/>
</LocList>
<BasicStmnt CovItemId="S66" CovItemPrefix="org.codecover.simplejavaapp.model.AppFile.java" Intrnl_Id="377">
<LocList>
<Loc EndOffset="8541" SrcFileId="3" StartOffset="8509"/>
</LocList>
</BasicStmnt>
</StmntSeq>
<Keyword EndOffset="8447" SrcFileId="3" StartOffset="8444"/>
<LocList>
<Loc EndOffset="8555" SrcFileId="3" StartOffset="8444"/>
</LocList>
<RootTerm CovItemId="C2" CovItemPrefix="org.codecover.simplejavaapp.model.AppFile.java" Intrnl_Id="378">
<BasicBoolTerm Intrnl_Id="379">
<LocList>
<Loc EndOffset="8484" SrcFileId="3" StartOffset="8460"/>
</LocList>
</BasicBoolTerm>
</RootTerm>
</LoopStmnt>
</StmntSeq>
</HierarchyLvl>
<HierarchyLvl HierarchyLvlId="39" HierarchyLvlTypeId="14" Intrnl_Id="380" Name="iterator">
<Header>
<Loc EndOffset="8714" SrcFileId="3" StartOffset="8682"/>
</Header>
<LocList>
<Loc EndOffset="8767" SrcFileId="3" StartOffset="8682"/>
</LocList>
<StmntSeq Intrnl_Id="381">
<LocList>
<Loc EndOffset="8757" SrcFileId="3" StartOffset="8729"/>
</LocList>
<BasicStmnt CovItemId="S67" CovItemPrefix="org.codecover.simplejavaapp.model.AppFile.java" Intrnl_Id="382">
<LocList>
<Loc EndOffset="8757" SrcFileId="3" StartOffset="8729"/>
</LocList>
</BasicStmnt>
</StmntSeq>
</HierarchyLvl>
</HierarchyLvl>
<HierarchyLvl HierarchyLvlId="42" HierarchyLvlTypeId="15" Intrnl_Id="383" Name="BookListener">
<Header>
<Loc EndOffset="8841" SrcFileId="3" StartOffset="8779"/>
</Header>
<LocList>
<Loc EndOffset="9093" SrcFileId="3" StartOffset="8779"/>
</LocList>
<HierarchyLvl HierarchyLvlId="41" HierarchyLvlTypeId="14" Intrnl_Id="384" Name="stateModified">
<Header>
<Loc EndOffset="9031" SrcFileId="3" StartOffset="9004"/>
</Header>
<LocList>
<Loc EndOffset="9087" SrcFileId="3" StartOffset="9004"/>
</LocList>
<StmntSeq Intrnl_Id="385">
<LocList>
<Loc EndOffset="9077" SrcFileId="3" StartOffset="9046"/>
</LocList>
<BasicStmnt CovItemId="S68" CovItemPrefix="org.codecover.simplejavaapp.model.AppFile.java" Intrnl_Id="386">
<LocList>
<Loc EndOffset="9077" SrcFileId="3" StartOffset="9046"/>
</LocList>
</BasicStmnt>
</StmntSeq>
</HierarchyLvl>
</HierarchyLvl>
</HierarchyLvl>
<HierarchyLvl HierarchyLvlId="62" HierarchyLvlTypeId="15" Intrnl_Id="387" Name="AppModel">
<Header>
<Loc EndOffset="414" SrcFileId="4" StartOffset="393"/>
</Header>
<LocList>
<Loc EndOffset="8002" SrcFileId="4" StartOffset="393"/>
<Loc EndOffset="8438" SrcFileId="4" StartOffset="8436"/>
</LocList>
<HierarchyLvl HierarchyLvlId="44" HierarchyLvlTypeId="14" Intrnl_Id="388" Name="getInstance">
<Header>
<Loc EndOffset="695" SrcFileId="4" StartOffset="659"/>
</Header>
<LocList>
<Loc EndOffset="810" SrcFileId="4" StartOffset="659"/>
</LocList>
<StmntSeq Intrnl_Id="389">
<LocList>
<Loc EndOffset="778" SrcFileId="4" StartOffset="706"/>
<Loc EndOffset="804" SrcFileId="4" StartOffset="788"/>
</LocList>
<CondStmnt CovItemId="S1" CovItemPrefix="org.codecover.simplejavaapp.model.AppModel.java" Intrnl_Id="390">
<Branch CovItemId="B1" CovItemPrefix="org.codecover.simplejavaapp.model.AppModel.java" Implct="false" Intrnl_Id="391">
<Cond/>
<LocList>
<Loc EndOffset="778" SrcFileId="4" StartOffset="728"/>
</LocList>
<StmntSeq Intrnl_Id="392">
<LocList>
<Loc EndOffset="768" SrcFileId="4" StartOffset="742"/>
</LocList>
<BasicStmnt CovItemId="S2" CovItemPrefix="org.codecover.simplejavaapp.model.AppModel.java" Intrnl_Id="393">
<LocList>
<Loc EndOffset="768" SrcFileId="4" StartOffset="742"/>
</LocList>
</BasicStmnt>
</StmntSeq>
</Branch>
<Branch CovItemId="B2" CovItemPrefix="org.codecover.simplejavaapp.model.AppModel.java" Implct="true" Intrnl_Id="394">
<Cond/>
<LocList/>
<StmntSeq Intrnl_Id="395">
<LocList/>
</StmntSeq>
</Branch>
<Keyword EndOffset="708" SrcFileId="4" StartOffset="706"/>
<LocList>
<Loc EndOffset="778" SrcFileId="4" StartOffset="706"/>
</LocList>
<RootTerm CovItemId="C1" CovItemPrefix="org.codecover.simplejavaapp.model.AppModel.java" Intrnl_Id="396">
<BasicBoolTerm Intrnl_Id="397">
<LocList>
<Loc EndOffset="726" SrcFileId="4" StartOffset="710"/>
</LocList>
</BasicBoolTerm>
</RootTerm>
</CondStmnt>
<BasicStmnt CovItemId="S3" CovItemPrefix="org.codecover.simplejavaapp.model.AppModel.java" Intrnl_Id="398">
<LocList>
<Loc EndOffset="804" SrcFileId="4" StartOffset="788"/>
</LocList>
</BasicStmnt>
</StmntSeq>
</HierarchyLvl>
<HierarchyLvl HierarchyLvlId="45" HierarchyLvlTypeId="14" Intrnl_Id="399" Name="AppModel">
<Header>
<Loc EndOffset="834" SrcFileId="4" StartOffset="816"/>
</Header>
<LocList>
<Loc EndOffset="898" SrcFileId="4" StartOffset="816"/>
</LocList>
<StmntSeq Intrnl_Id="400">
<LocList>
<Loc EndOffset="892" SrcFileId="4" StartOffset="845"/>
</LocList>
<BasicStmnt CovItemId="S4" CovItemPrefix="org.codecover.simplejavaapp.model.AppModel.java" Intrnl_Id="401">
<LocList>
<Loc EndOffset="892" SrcFileId="4" StartOffset="845"/>
</LocList>
</BasicStmnt>
</StmntSeq>
</HierarchyLvl>
<HierarchyLvl HierarchyLvlId="46" HierarchyLvlTypeId="14" Intrnl_Id="402" Name="newFile">
<Header>
<Loc EndOffset="1064" SrcFileId="4" StartOffset="1041"/>
</Header>
<LocList>
<Loc EndOffset="1179" SrcFileId="4" StartOffset="1041"/>
</LocList>
<StmntSeq Intrnl_Id="403">
<LocList>
<Loc EndOffset="1111" SrcFileId="4" StartOffset="1075"/>
<Loc EndOffset="1140" SrcFileId="4" StartOffset="1120"/>
<Loc EndOffset="1173" SrcFileId="4" StartOffset="1150"/>
</LocList>
<BasicStmnt CovItemId="S5" CovItemPrefix="org.codecover.simplejavaapp.model.AppModel.java" Intrnl_Id="404">
<LocList>
<Loc EndOffset="1111" SrcFileId="4" StartOffset="1075"/>
</LocList>
</BasicStmnt>
<BasicStmnt CovItemId="S6" CovItemPrefix="org.codecover.simplejavaapp.model.AppModel.java" Intrnl_Id="405">
<LocList>
<Loc EndOffset="1140" SrcFileId="4" StartOffset="1120"/>
</LocList>
</BasicStmnt>
<BasicStmnt CovItemId="S7" CovItemPrefix="org.codecover.simplejavaapp.model.AppModel.java" Intrnl_Id="406">
<LocList>
<Loc EndOffset="1173" SrcFileId="4" StartOffset="1150"/>
</LocList>
</BasicStmnt>
</StmntSeq>
</HierarchyLvl>
<HierarchyLvl HierarchyLvlId="47" HierarchyLvlTypeId="14" Intrnl_Id="407" Name="loadFile">
<Header>
<Loc EndOffset="1606" SrcFileId="4" StartOffset="1498"/>
</Header>
<LocList>
<Loc EndOffset="1828" SrcFileId="4" StartOffset="1498"/>
</LocList>
<StmntSeq Intrnl_Id="408">
<LocList>
<Loc EndOffset="1706" SrcFileId="4" StartOffset="1617"/>
<Loc EndOffset="1760" SrcFileId="4" StartOffset="1716"/>
<Loc EndOffset="1789" SrcFileId="4" StartOffset="1769"/>
<Loc EndOffset="1822" SrcFileId="4" StartOffset="1799"/>
</LocList>
<CondStmnt CovItemId="S8" CovItemPrefix="org.codecover.simplejavaapp.model.AppModel.java" Intrnl_Id="409">
<Branch CovItemId="B3" CovItemPrefix="org.codecover.simplejavaapp.model.AppModel.java" Implct="false" Intrnl_Id="410">
<Cond/>
<LocList>
<Loc EndOffset="1706" SrcFileId="4" StartOffset="1635"/>
</LocList>
<StmntSeq Intrnl_Id="411">
<LocList>
<Loc EndOffset="1696" SrcFileId="4" StartOffset="1649"/>
</LocList>
<BasicStmnt CovItemId="S9" CovItemPrefix="org.codecover.simplejavaapp.model.AppModel.java" Intrnl_Id="412">
<LocList>
<Loc EndOffset="1696" SrcFileId="4" StartOffset="1649"/>
</LocList>
</BasicStmnt>
</StmntSeq>
</Branch>
<Branch CovItemId="B4" CovItemPrefix="org.codecover.simplejavaapp.model.AppModel.java" Implct="true" Intrnl_Id="413">
<Cond/>
<LocList/>
<StmntSeq Intrnl_Id="414">
<LocList/>
</StmntSeq>
</Branch>
<Keyword EndOffset="1619" SrcFileId="4" StartOffset="1617"/>
<LocList>
<Loc EndOffset="1706" SrcFileId="4" StartOffset="1617"/>
</LocList>
<RootTerm CovItemId="C2" CovItemPrefix="org.codecover.simplejavaapp.model.AppModel.java" Intrnl_Id="415">
<BasicBoolTerm Intrnl_Id="416">
<LocList>
<Loc EndOffset="1633" SrcFileId="4" StartOffset="1621"/>
</LocList>
</BasicBoolTerm>
</RootTerm>
</CondStmnt>
<BasicStmnt CovItemId="S10" CovItemPrefix="org.codecover.simplejavaapp.model.AppModel.java" Intrnl_Id="417">
<LocList>
<Loc EndOffset="1760" SrcFileId="4" StartOffset="1716"/>
</LocList>
</BasicStmnt>
<BasicStmnt CovItemId="S11" CovItemPrefix="org.codecover.simplejavaapp.model.AppModel.java" Intrnl_Id="418">
<LocList>
<Loc EndOffset="1789" SrcFileId="4" StartOffset="1769"/>
</LocList>
</BasicStmnt>
<BasicStmnt CovItemId="S12" CovItemPrefix="org.codecover.simplejavaapp.model.AppModel.java" Intrnl_Id="419">
<LocList>
<Loc EndOffset="1822" SrcFileId="4" StartOffset="1799"/>
</LocList>
</BasicStmnt>
</StmntSeq>
</HierarchyLvl>
<HierarchyLvl HierarchyLvlId="48" HierarchyLvlTypeId="14" Intrnl_Id="420" Name="saveFile">
<Header>
<Loc EndOffset="2327" SrcFileId="4" StartOffset="2186"/>
</Header>
<LocList>
<Loc EndOffset="2516" SrcFileId="4" StartOffset="2186"/>
</LocList>
<StmntSeq Intrnl_Id="421">
<LocList>
<Loc EndOffset="2427" SrcFileId="4" StartOffset="2338"/>
<Loc EndOffset="2474" SrcFileId="4" StartOffset="2437"/>
<Loc EndOffset="2510" SrcFileId="4" StartOffset="2484"/>
</LocList>
<CondStmnt CovItemId="S13" CovItemPrefix="org.codecover.simplejavaapp.model.AppModel.java" Intrnl_Id="422">
<Branch CovItemId="B5" CovItemPrefix="org.codecover.simplejavaapp.model.AppModel.java" Implct="false" Intrnl_Id="423">
<Cond/>
<LocList>
<Loc EndOffset="2427" SrcFileId="4" StartOffset="2356"/>
</LocList>
<StmntSeq Intrnl_Id="424">
<LocList>
<Loc EndOffset="2417" SrcFileId="4" StartOffset="2370"/>
</LocList>
<BasicStmnt CovItemId="S14" CovItemPrefix="org.codecover.simplejavaapp.model.AppModel.java" Intrnl_Id="425">
<LocList>
<Loc EndOffset="2417" SrcFileId="4" StartOffset="2370"/>
</LocList>
</BasicStmnt>
</StmntSeq>
</Branch>
<Branch CovItemId="B6" CovItemPrefix="org.codecover.simplejavaapp.model.AppModel.java" Implct="true" Intrnl_Id="426">
<Cond/>
<LocList/>
<StmntSeq Intrnl_Id="427">
<LocList/>
</StmntSeq>
</Branch>
<Keyword EndOffset="2340" SrcFileId="4" StartOffset="2338"/>
<LocList>
<Loc EndOffset="2427" SrcFileId="4" StartOffset="2338"/>
</LocList>
<RootTerm CovItemId="C3" CovItemPrefix="org.codecover.simplejavaapp.model.AppModel.java" Intrnl_Id="428">
<BasicBoolTerm Intrnl_Id="429">
<LocList>
<Loc EndOffset="2354" SrcFileId="4" StartOffset="2342"/>
</LocList>
</BasicBoolTerm>
</RootTerm>
</CondStmnt>
<BasicStmnt CovItemId="S15" CovItemPrefix="org.codecover.simplejavaapp.model.AppModel.java" Intrnl_Id="430">
<LocList>
<Loc EndOffset="2474" SrcFileId="4" StartOffset="2437"/>
</LocList>
</BasicStmnt>
<BasicStmnt CovItemId="S16" CovItemPrefix="org.codecover.simplejavaapp.model.AppModel.java" Intrnl_Id="431">
<LocList>
<Loc EndOffset="2510" SrcFileId="4" StartOffset="2484"/>
</LocList>
</BasicStmnt>
</StmntSeq>
</HierarchyLvl>
<HierarchyLvl HierarchyLvlId="49" HierarchyLvlTypeId="14" Intrnl_Id="432" Name="closeFile">
<Header>
<Loc EndOffset="3029" SrcFileId="4" StartOffset="2975"/>
</Header>
<LocList>
<Loc EndOffset="3181" SrcFileId="4" StartOffset="2975"/>
</LocList>
<StmntSeq Intrnl_Id="433">
<LocList>
<Loc EndOffset="3115" SrcFileId="4" StartOffset="3040"/>
<Loc EndOffset="3154" SrcFileId="4" StartOffset="3125"/>
<Loc EndOffset="3175" SrcFileId="4" StartOffset="3163"/>
</LocList>
<CondStmnt CovItemId="S17" CovItemPrefix="org.codecover.simplejavaapp.model.AppModel.java" Intrnl_Id="434">
<Branch CovItemId="B7" CovItemPrefix="org.codecover.simplejavaapp.model.AppModel.java" Implct="false" Intrnl_Id="435">
<Cond/>
<LocList>
<Loc EndOffset="3115" SrcFileId="4" StartOffset="3078"/>
</LocList>
<StmntSeq Intrnl_Id="436">
<LocList>
<Loc EndOffset="3105" SrcFileId="4" StartOffset="3092"/>
</LocList>
<BasicStmnt CovItemId="S18" CovItemPrefix="org.codecover.simplejavaapp.model.AppModel.java" Intrnl_Id="437">
<LocList>
<Loc EndOffset="3105" SrcFileId="4" StartOffset="3092"/>
</LocList>
</BasicStmnt>
</StmntSeq>
</Branch>
<Branch CovItemId="B8" CovItemPrefix="org.codecover.simplejavaapp.model.AppModel.java" Implct="true" Intrnl_Id="438">
<Cond/>
<LocList/>
<StmntSeq Intrnl_Id="439">
<LocList/>
</StmntSeq>
</Branch>
<Keyword EndOffset="3042" SrcFileId="4" StartOffset="3040"/>
<LocList>
<Loc EndOffset="3115" SrcFileId="4" StartOffset="3040"/>
</LocList>
<RootTerm CovItemId="C4" CovItemPrefix="org.codecover.simplejavaapp.model.AppModel.java" Intrnl_Id="440">
<OpTerm BooleanOpId="8" Intrnl_Id="441">
<BasicBoolTerm Intrnl_Id="442">
<LocList>
<Loc EndOffset="3066" SrcFileId="4" StartOffset="3044"/>
</LocList>
</BasicBoolTerm>
<OpTerm BooleanOpId="9" Intrnl_Id="443">
<BasicBoolTerm Intrnl_Id="444">
<LocList>
<Loc EndOffset="3076" SrcFileId="4" StartOffset="3071"/>
</LocList>
</BasicBoolTerm>
<LocList>
<Loc EndOffset="3071" SrcFileId="4" StartOffset="3070"/>
</LocList>
</OpTerm>
<LocList>
<Loc EndOffset="3069" SrcFileId="4" StartOffset="3067"/>
</LocList>
</OpTerm>
</RootTerm>
</CondStmnt>
<BasicStmnt CovItemId="S19" CovItemPrefix="org.codecover.simplejavaapp.model.AppModel.java" Intrnl_Id="445">
<LocList>
<Loc EndOffset="3154" SrcFileId="4" StartOffset="3125"/>
</LocList>
</BasicStmnt>
<BasicStmnt CovItemId="S20" CovItemPrefix="org.codecover.simplejavaapp.model.AppModel.java" Intrnl_Id="446">
<LocList>
<Loc EndOffset="3175" SrcFileId="4" StartOffset="3163"/>
</LocList>
</BasicStmnt>
</StmntSeq>
</HierarchyLvl>
<HierarchyLvl HierarchyLvlId="50" HierarchyLvlTypeId="14" Intrnl_Id="447" Name="putAppFile">
<Header>
<Loc EndOffset="3265" SrcFileId="4" StartOffset="3225"/>
</Header>
<LocList>
<Loc EndOffset="3326" SrcFileId="4" StartOffset="3225"/>
</LocList>
<StmntSeq Intrnl_Id="448">
<LocList>
<Loc EndOffset="3320" SrcFileId="4" StartOffset="3276"/>
</LocList>
<BasicStmnt CovItemId="S21" CovItemPrefix="org.codecover.simplejavaapp.model.AppModel.java" Intrnl_Id="449">
<LocList>
<Loc EndOffset="3320" SrcFileId="4" StartOffset="3276"/>
</LocList>
</BasicStmnt>
</StmntSeq>
</HierarchyLvl>
<HierarchyLvl HierarchyLvlId="51" HierarchyLvlTypeId="14" Intrnl_Id="450" Name="getBooksInFile">
<Header>
<Loc EndOffset="3608" SrcFileId="4" StartOffset="3561"/>
</Header>
<LocList>
<Loc EndOffset="3698" SrcFileId="4" StartOffset="3561"/>
</LocList>
<StmntSeq Intrnl_Id="451">
<LocList>
<Loc EndOffset="3656" SrcFileId="4" StartOffset="3619"/>
<Loc EndOffset="3692" SrcFileId="4" StartOffset="3666"/>
</LocList>
<BasicStmnt CovItemId="S22" CovItemPrefix="org.codecover.simplejavaapp.model.AppModel.java" Intrnl_Id="452">
<LocList>
<Loc EndOffset="3656" SrcFileId="4" StartOffset="3619"/>
</LocList>
</BasicStmnt>
<BasicStmnt CovItemId="S23" CovItemPrefix="org.codecover.simplejavaapp.model.AppModel.java" Intrnl_Id="453">
<LocList>
<Loc EndOffset="3692" SrcFileId="4" StartOffset="3666"/>
</LocList>
</BasicStmnt>
</StmntSeq>
</HierarchyLvl>
<HierarchyLvl HierarchyLvlId="52" HierarchyLvlTypeId="14" Intrnl_Id="454" Name="getBooksInFile">
<Header>
<Loc EndOffset="4112" SrcFileId="4" StartOffset="4056"/>
</Header>
<LocList>
<Loc EndOffset="4310" SrcFileId="4" StartOffset="4056"/>
</LocList>
<StmntSeq Intrnl_Id="455">
<LocList>
<Loc EndOffset="4216" SrcFileId="4" StartOffset="4123"/>
<Loc EndOffset="4263" SrcFileId="4" StartOffset="4226"/>
<Loc EndOffset="4304" SrcFileId="4" StartOffset="4273"/>
</LocList>
<CondStmnt CovItemId="S24" CovItemPrefix="org.codecover.simplejavaapp.model.AppModel.java" Intrnl_Id="456">
<Branch CovItemId="B9" CovItemPrefix="org.codecover.simplejavaapp.model.AppModel.java" Implct="false" Intrnl_Id="457">
<Cond/>
<LocList>
<Loc EndOffset="4216" SrcFileId="4" StartOffset="4143"/>
</LocList>
<StmntSeq Intrnl_Id="458">
<LocList>
<Loc EndOffset="4206" SrcFileId="4" StartOffset="4157"/>
</LocList>
<BasicStmnt CovItemId="S25" CovItemPrefix="org.codecover.simplejavaapp.model.AppModel.java" Intrnl_Id="459">
<LocList>
<Loc EndOffset="4206" SrcFileId="4" StartOffset="4157"/>
</LocList>
</BasicStmnt>
</StmntSeq>
</Branch>
<Branch CovItemId="B10" CovItemPrefix="org.codecover.simplejavaapp.model.AppModel.java" Implct="true" Intrnl_Id="460">
<Cond/>
<LocList/>
<StmntSeq Intrnl_Id="461">
<LocList/>
</StmntSeq>
</Branch>
<Keyword EndOffset="4125" SrcFileId="4" StartOffset="4123"/>
<LocList>
<Loc EndOffset="4216" SrcFileId="4" StartOffset="4123"/>
</LocList>
<RootTerm CovItemId="C5" CovItemPrefix="org.codecover.simplejavaapp.model.AppModel.java" Intrnl_Id="462">
<BasicBoolTerm Intrnl_Id="463">
<LocList>
<Loc EndOffset="4141" SrcFileId="4" StartOffset="4127"/>
</LocList>
</BasicBoolTerm>
</RootTerm>
</CondStmnt>
<BasicStmnt CovItemId="S26" CovItemPrefix="org.codecover.simplejavaapp.model.AppModel.java" Intrnl_Id="464">
<LocList>
<Loc EndOffset="4263" SrcFileId="4" StartOffset="4226"/>
</LocList>
</BasicStmnt>
<BasicStmnt CovItemId="S27" CovItemPrefix="org.codecover.simplejavaapp.model.AppModel.java" Intrnl_Id="465">
<LocList>
<Loc EndOffset="4304" SrcFileId="4" StartOffset="4273"/>
</LocList>
</BasicStmnt>
</StmntSeq>
</HierarchyLvl>
<HierarchyLvl HierarchyLvlId="53" HierarchyLvlTypeId="14" Intrnl_Id="466" Name="addBookToFile">
<Header>
<Loc EndOffset="4604" SrcFileId="4" StartOffset="4553"/>
</Header>
<LocList>
<Loc EndOffset="4789" SrcFileId="4" StartOffset="4553"/>
</LocList>
<StmntSeq Intrnl_Id="467">
<LocList>
<Loc EndOffset="4704" SrcFileId="4" StartOffset="4615"/>
<Loc EndOffset="4751" SrcFileId="4" StartOffset="4714"/>
<Loc EndOffset="4783" SrcFileId="4" StartOffset="4761"/>
</LocList>
<CondStmnt CovItemId="S28" CovItemPrefix="org.codecover.simplejavaapp.model.AppModel.java" Intrnl_Id="468">
<Branch CovItemId="B11" CovItemPrefix="org.codecover.simplejavaapp.model.AppModel.java" Implct="false" Intrnl_Id="469">
<Cond/>
<LocList>
<Loc EndOffset="4704" SrcFileId="4" StartOffset="4633"/>
</LocList>
<StmntSeq Intrnl_Id="470">
<LocList>
<Loc EndOffset="4694" SrcFileId="4" StartOffset="4647"/>
</LocList>
<BasicStmnt CovItemId="S29" CovItemPrefix="org.codecover.simplejavaapp.model.AppModel.java" Intrnl_Id="471">
<LocList>
<Loc EndOffset="4694" SrcFileId="4" StartOffset="4647"/>
</LocList>
</BasicStmnt>
</StmntSeq>
</Branch>
<Branch CovItemId="B12" CovItemPrefix="org.codecover.simplejavaapp.model.AppModel.java" Implct="true" Intrnl_Id="472">
<Cond/>
<LocList/>
<StmntSeq Intrnl_Id="473">
<LocList/>
</StmntSeq>
</Branch>
<Keyword EndOffset="4617" SrcFileId="4" StartOffset="4615"/>
<LocList>
<Loc EndOffset="4704" SrcFileId="4" StartOffset="4615"/>
</LocList>
<RootTerm CovItemId="C6" CovItemPrefix="org.codecover.simplejavaapp.model.AppModel.java" Intrnl_Id="474">
<BasicBoolTerm Intrnl_Id="475">
<LocList>
<Loc EndOffset="4631" SrcFileId="4" StartOffset="4619"/>
</LocList>
</BasicBoolTerm>
</RootTerm>
</CondStmnt>
<BasicStmnt CovItemId="S30" CovItemPrefix="org.codecover.simplejavaapp.model.AppModel.java" Intrnl_Id="476">
<LocList>
<Loc EndOffset="4751" SrcFileId="4" StartOffset="4714"/>
</LocList>
</BasicStmnt>
<BasicStmnt CovItemId="S31" CovItemPrefix="org.codecover.simplejavaapp.model.AppModel.java" Intrnl_Id="477">
<LocList>
<Loc EndOffset="4783" SrcFileId="4" StartOffset="4761"/>
</LocList>
</BasicStmnt>
</StmntSeq>
</HierarchyLvl>
<HierarchyLvl HierarchyLvlId="54" HierarchyLvlTypeId="14" Intrnl_Id="478" Name="removeBookFromFile">
<Header>
<Loc EndOffset="5116" SrcFileId="4" StartOffset="5056"/>
</Header>
<LocList>
<Loc EndOffset="5310" SrcFileId="4" StartOffset="5056"/>
</LocList>
<StmntSeq Intrnl_Id="479">
<LocList>
<Loc EndOffset="5220" SrcFileId="4" StartOffset="5127"/>
<Loc EndOffset="5267" SrcFileId="4" StartOffset="5230"/>
<Loc EndOffset="5304" SrcFileId="4" StartOffset="5277"/>
</LocList>
<CondStmnt CovItemId="S32" CovItemPrefix="org.codecover.simplejavaapp.model.AppModel.java" Intrnl_Id="480">
<Branch CovItemId="B13" CovItemPrefix="org.codecover.simplejavaapp.model.AppModel.java" Implct="false" Intrnl_Id="481">
<Cond/>
<LocList>
<Loc EndOffset="5220" SrcFileId="4" StartOffset="5147"/>
</LocList>
<StmntSeq Intrnl_Id="482">
<LocList>
<Loc EndOffset="5210" SrcFileId="4" StartOffset="5161"/>
</LocList>
<BasicStmnt CovItemId="S33" CovItemPrefix="org.codecover.simplejavaapp.model.AppModel.java" Intrnl_Id="483">
<LocList>
<Loc EndOffset="5210" SrcFileId="4" StartOffset="5161"/>
</LocList>
</BasicStmnt>
</StmntSeq>
</Branch>
<Branch CovItemId="B14" CovItemPrefix="org.codecover.simplejavaapp.model.AppModel.java" Implct="true" Intrnl_Id="484">
<Cond/>
<LocList/>
<StmntSeq Intrnl_Id="485">
<LocList/>
</StmntSeq>
</Branch>
<Keyword EndOffset="5129" SrcFileId="4" StartOffset="5127"/>
<LocList>
<Loc EndOffset="5220" SrcFileId="4" StartOffset="5127"/>
</LocList>
<RootTerm CovItemId="C7" CovItemPrefix="org.codecover.simplejavaapp.model.AppModel.java" Intrnl_Id="486">
<BasicBoolTerm Intrnl_Id="487">
<LocList>
<Loc EndOffset="5145" SrcFileId="4" StartOffset="5131"/>
</LocList>
</BasicBoolTerm>
</RootTerm>
</CondStmnt>
<BasicStmnt CovItemId="S34" CovItemPrefix="org.codecover.simplejavaapp.model.AppModel.java" Intrnl_Id="488">
<LocList>
<Loc EndOffset="5267" SrcFileId="4" StartOffset="5230"/>
</LocList>
</BasicStmnt>
<BasicStmnt CovItemId="S35" CovItemPrefix="org.codecover.simplejavaapp.model.AppModel.java" Intrnl_Id="489">
<LocList>
<Loc EndOffset="5304" SrcFileId="4" StartOffset="5277"/>
</LocList>
</BasicStmnt>
</StmntSeq>
</HierarchyLvl>
<HierarchyLvl HierarchyLvlId="55" HierarchyLvlTypeId="14" Intrnl_Id="490" Name="isFileModified">
<Header>
<Loc EndOffset="5616" SrcFileId="4" StartOffset="5572"/>
</Header>
<LocList>
<Loc EndOffset="5708" SrcFileId="4" StartOffset="5572"/>
</LocList>
<StmntSeq Intrnl_Id="491">
<LocList>
<Loc EndOffset="5664" SrcFileId="4" StartOffset="5627"/>
<Loc EndOffset="5702" SrcFileId="4" StartOffset="5674"/>
</LocList>
<BasicStmnt CovItemId="S36" CovItemPrefix="org.codecover.simplejavaapp.model.AppModel.java" Intrnl_Id="492">
<LocList>
<Loc EndOffset="5664" SrcFileId="4" StartOffset="5627"/>
</LocList>
</BasicStmnt>
<BasicStmnt CovItemId="S37" CovItemPrefix="org.codecover.simplejavaapp.model.AppModel.java" Intrnl_Id="493">
<LocList>
<Loc EndOffset="5702" SrcFileId="4" StartOffset="5674"/>
</LocList>
</BasicStmnt>
</StmntSeq>
</HierarchyLvl>
<HierarchyLvl HierarchyLvlId="56" HierarchyLvlTypeId="14" Intrnl_Id="494" Name="getPathOfFile">
<Header>
<Loc EndOffset="6027" SrcFileId="4" StartOffset="5985"/>
</Header>
<LocList>
<Loc EndOffset="6116" SrcFileId="4" StartOffset="5985"/>
</LocList>
<StmntSeq Intrnl_Id="495">
<LocList>
<Loc EndOffset="6075" SrcFileId="4" StartOffset="6038"/>
<Loc EndOffset="6110" SrcFileId="4" StartOffset="6085"/>
</LocList>
<BasicStmnt CovItemId="S38" CovItemPrefix="org.codecover.simplejavaapp.model.AppModel.java" Intrnl_Id="496">
<LocList>
<Loc EndOffset="6075" SrcFileId="4" StartOffset="6038"/>
</LocList>
</BasicStmnt>
<BasicStmnt CovItemId="S39" CovItemPrefix="org.codecover.simplejavaapp.model.AppModel.java" Intrnl_Id="497">
<LocList>
<Loc EndOffset="6110" SrcFileId="4" StartOffset="6085"/>
</LocList>
</BasicStmnt>
</StmntSeq>
</HierarchyLvl>
<HierarchyLvl HierarchyLvlId="57" HierarchyLvlTypeId="14" Intrnl_Id="498" Name="addAppModelModifyListenerToFile">
<Header>
<Loc EndOffset="6503" SrcFileId="4" StartOffset="6400"/>
</Header>
<LocList>
<Loc EndOffset="6718" SrcFileId="4" StartOffset="6400"/>
</LocList>
<StmntSeq Intrnl_Id="499">
<LocList>
<Loc EndOffset="6611" SrcFileId="4" StartOffset="6514"/>
<Loc EndOffset="6658" SrcFileId="4" StartOffset="6621"/>
<Loc EndOffset="6712" SrcFileId="4" StartOffset="6668"/>
</LocList>
<CondStmnt CovItemId="S40" CovItemPrefix="org.codecover.simplejavaapp.model.AppModel.java" Intrnl_Id="500">
<Branch CovItemId="B15" CovItemPrefix="org.codecover.simplejavaapp.model.AppModel.java" Implct="false" Intrnl_Id="501">
<Cond/>
<LocList>
<Loc EndOffset="6611" SrcFileId="4" StartOffset="6536"/>
</LocList>
<StmntSeq Intrnl_Id="502">
<LocList>
<Loc EndOffset="6601" SrcFileId="4" StartOffset="6550"/>
</LocList>
<BasicStmnt CovItemId="S41" CovItemPrefix="org.codecover.simplejavaapp.model.AppModel.java" Intrnl_Id="503">
<LocList>
<Loc EndOffset="6601" SrcFileId="4" StartOffset="6550"/>
</LocList>
</BasicStmnt>
</StmntSeq>
</Branch>
<Branch CovItemId="B16" CovItemPrefix="org.codecover.simplejavaapp.model.AppModel.java" Implct="true" Intrnl_Id="504">
<Cond/>
<LocList/>
<StmntSeq Intrnl_Id="505">
<LocList/>
</StmntSeq>
</Branch>
<Keyword EndOffset="6516" SrcFileId="4" StartOffset="6514"/>
<LocList>
<Loc EndOffset="6611" SrcFileId="4" StartOffset="6514"/>
</LocList>
<RootTerm CovItemId="C8" CovItemPrefix="org.codecover.simplejavaapp.model.AppModel.java" Intrnl_Id="506">
<BasicBoolTerm Intrnl_Id="507">
<LocList>
<Loc EndOffset="6534" SrcFileId="4" StartOffset="6518"/>
</LocList>
</BasicBoolTerm>
</RootTerm>
</CondStmnt>
<BasicStmnt CovItemId="S42" CovItemPrefix="org.codecover.simplejavaapp.model.AppModel.java" Intrnl_Id="508">
<LocList>
<Loc EndOffset="6658" SrcFileId="4" StartOffset="6621"/>
</LocList>
</BasicStmnt>
<BasicStmnt CovItemId="S43" CovItemPrefix="org.codecover.simplejavaapp.model.AppModel.java" Intrnl_Id="509">
<LocList>
<Loc EndOffset="6712" SrcFileId="4" StartOffset="6668"/>
</LocList>
</BasicStmnt>
</StmntSeq>
</HierarchyLvl>
<HierarchyLvl HierarchyLvlId="58" HierarchyLvlTypeId="14" Intrnl_Id="510" Name="removeAppModelModifyListener">
<Header>
<Loc EndOffset="7107" SrcFileId="4" StartOffset="7007"/>
</Header>
<LocList>
<Loc EndOffset="7325" SrcFileId="4" StartOffset="7007"/>
</LocList>
<StmntSeq Intrnl_Id="511">
<LocList>
<Loc EndOffset="7215" SrcFileId="4" StartOffset="7118"/>
<Loc EndOffset="7262" SrcFileId="4" StartOffset="7225"/>
<Loc EndOffset="7319" SrcFileId="4" StartOffset="7272"/>
</LocList>
<CondStmnt CovItemId="S44" CovItemPrefix="org.codecover.simplejavaapp.model.AppModel.java" Intrnl_Id="512">
<Branch CovItemId="B17" CovItemPrefix="org.codecover.simplejavaapp.model.AppModel.java" Implct="false" Intrnl_Id="513">
<Cond/>
<LocList>
<Loc EndOffset="7215" SrcFileId="4" StartOffset="7140"/>
</LocList>
<StmntSeq Intrnl_Id="514">
<LocList>
<Loc EndOffset="7205" SrcFileId="4" StartOffset="7154"/>
</LocList>
<BasicStmnt CovItemId="S45" CovItemPrefix="org.codecover.simplejavaapp.model.AppModel.java" Intrnl_Id="515">
<LocList>
<Loc EndOffset="7205" SrcFileId="4" StartOffset="7154"/>
</LocList>
</BasicStmnt>
</StmntSeq>
</Branch>
<Branch CovItemId="B18" CovItemPrefix="org.codecover.simplejavaapp.model.AppModel.java" Implct="true" Intrnl_Id="516">
<Cond/>
<LocList/>
<StmntSeq Intrnl_Id="517">
<LocList/>
</StmntSeq>
</Branch>
<Keyword EndOffset="7120" SrcFileId="4" StartOffset="7118"/>
<LocList>
<Loc EndOffset="7215" SrcFileId="4" StartOffset="7118"/>
</LocList>
<RootTerm CovItemId="C9" CovItemPrefix="org.codecover.simplejavaapp.model.AppModel.java" Intrnl_Id="518">
<BasicBoolTerm Intrnl_Id="519">
<LocList>
<Loc EndOffset="7138" SrcFileId="4" StartOffset="7122"/>
</LocList>
</BasicBoolTerm>
</RootTerm>
</CondStmnt>
<BasicStmnt CovItemId="S46" CovItemPrefix="org.codecover.simplejavaapp.model.AppModel.java" Intrnl_Id="520">
<LocList>
<Loc EndOffset="7262" SrcFileId="4" StartOffset="7225"/>
</LocList>
</BasicStmnt>
<BasicStmnt CovItemId="S47" CovItemPrefix="org.codecover.simplejavaapp.model.AppModel.java" Intrnl_Id="521">
<LocList>
<Loc EndOffset="7319" SrcFileId="4" StartOffset="7272"/>
</LocList>
</BasicStmnt>
</StmntSeq>
</HierarchyLvl>
<HierarchyLvl HierarchyLvlId="59" HierarchyLvlTypeId="14" Intrnl_Id="522" Name="getAppFile">
<Header>
<Loc EndOffset="7578" SrcFileId="4" StartOffset="7537"/>
</Header>
<LocList>
<Loc EndOffset="7920" SrcFileId="4" StartOffset="7537"/>
</LocList>
<StmntSeq Intrnl_Id="523">
<LocList>
<Loc EndOffset="7682" SrcFileId="4" StartOffset="7589"/>
<Loc EndOffset="7736" SrcFileId="4" StartOffset="7692"/>
<Loc EndOffset="7890" SrcFileId="4" StartOffset="7746"/>
<Loc EndOffset="7914" SrcFileId="4" StartOffset="7899"/>
</LocList>
<CondStmnt CovItemId="S48" CovItemPrefix="org.codecover.simplejavaapp.model.AppModel.java" Intrnl_Id="524">
<Branch CovItemId="B19" CovItemPrefix="org.codecover.simplejavaapp.model.AppModel.java" Implct="false" Intrnl_Id="525">
<Cond/>
<LocList>
<Loc EndOffset="7682" SrcFileId="4" StartOffset="7609"/>
</LocList>
<StmntSeq Intrnl_Id="526">
<LocList>
<Loc EndOffset="7672" SrcFileId="4" StartOffset="7623"/>
</LocList>
<BasicStmnt CovItemId="S49" CovItemPrefix="org.codecover.simplejavaapp.model.AppModel.java" Intrnl_Id="527">
<LocList>
<Loc EndOffset="7672" SrcFileId="4" StartOffset="7623"/>
</LocList>
</BasicStmnt>
</StmntSeq>
</Branch>
<Branch CovItemId="B20" CovItemPrefix="org.codecover.simplejavaapp.model.AppModel.java" Implct="true" Intrnl_Id="528">
<Cond/>
<LocList/>
<StmntSeq Intrnl_Id="529">
<LocList/>
</StmntSeq>
</Branch>
<Keyword EndOffset="7591" SrcFileId="4" StartOffset="7589"/>
<LocList>
<Loc EndOffset="7682" SrcFileId="4" StartOffset="7589"/>
</LocList>
<RootTerm CovItemId="C10" CovItemPrefix="org.codecover.simplejavaapp.model.AppModel.java" Intrnl_Id="530">
<BasicBoolTerm Intrnl_Id="531">
<LocList>
<Loc EndOffset="7607" SrcFileId="4" StartOffset="7593"/>
</LocList>
</BasicBoolTerm>
</RootTerm>
</CondStmnt>
<BasicStmnt CovItemId="S50" CovItemPrefix="org.codecover.simplejavaapp.model.AppModel.java" Intrnl_Id="532">
<LocList>
<Loc EndOffset="7736" SrcFileId="4" StartOffset="7692"/>
</LocList>
</BasicStmnt>
<CondStmnt CovItemId="S51" CovItemPrefix="org.codecover.simplejavaapp.model.AppModel.java" Intrnl_Id="533">
<Branch CovItemId="B21" CovItemPrefix="org.codecover.simplejavaapp.model.AppModel.java" Implct="false" Intrnl_Id="534">
<Cond/>
<LocList>
<Loc EndOffset="7890" SrcFileId="4" StartOffset="7767"/>
</LocList>
<StmntSeq Intrnl_Id="535">
<LocList>
<Loc EndOffset="7880" SrcFileId="4" StartOffset="7781"/>
</LocList>
<BasicStmnt CovItemId="S52" CovItemPrefix="org.codecover.simplejavaapp.model.AppModel.java" Intrnl_Id="536">
<LocList>
<Loc EndOffset="7880" SrcFileId="4" StartOffset="7781"/>
</LocList>
</BasicStmnt>
</StmntSeq>
</Branch>
<Branch CovItemId="B22" CovItemPrefix="org.codecover.simplejavaapp.model.AppModel.java" Implct="true" Intrnl_Id="537">
<Cond/>
<LocList/>
<StmntSeq Intrnl_Id="538">
<LocList/>
</StmntSeq>
</Branch>
<Keyword EndOffset="7748" SrcFileId="4" StartOffset="7746"/>
<LocList>
<Loc EndOffset="7890" SrcFileId="4" StartOffset="7746"/>
</LocList>
<RootTerm CovItemId="C11" CovItemPrefix="org.codecover.simplejavaapp.model.AppModel.java" Intrnl_Id="539">
<BasicBoolTerm Intrnl_Id="540">
<LocList>
<Loc EndOffset="7765" SrcFileId="4" StartOffset="7750"/>
</LocList>
</BasicBoolTerm>
</RootTerm>
</CondStmnt>
<BasicStmnt CovItemId="S53" CovItemPrefix="org.codecover.simplejavaapp.model.AppModel.java" Intrnl_Id="541">
<LocList>
<Loc EndOffset="7914" SrcFileId="4" StartOffset="7899"/>
</LocList>
</BasicStmnt>
</StmntSeq>
</HierarchyLvl>
<HierarchyLvl HierarchyLvlId="61" HierarchyLvlTypeId="13" Intrnl_Id="542" Name="AppModelModifyListener">
<Header>
<Loc EndOffset="8041" SrcFileId="4" StartOffset="8002"/>
</Header>
<LocList>
<Loc EndOffset="8436" SrcFileId="4" StartOffset="8002"/>
</LocList>
<HierarchyLvl HierarchyLvlId="60" HierarchyLvlTypeId="14" Intrnl_Id="543" Name="appFileModified">
<Header>
<Loc EndOffset="8429" SrcFileId="4" StartOffset="8369"/>
</Header>
<LocList>
<Loc EndOffset="8430" SrcFileId="4" StartOffset="8369"/>
</LocList>
</HierarchyLvl>
</HierarchyLvl>
</HierarchyLvl>
<HierarchyLvl HierarchyLvlId="80" HierarchyLvlTypeId="15" Intrnl_Id="544" Name="Book">
<Header>
<Loc EndOffset="301" SrcFileId="5" StartOffset="284"/>
</Header>
<LocList>
<Loc EndOffset="4698" SrcFileId="5" StartOffset="284"/>
<Loc EndOffset="4871" SrcFileId="5" StartOffset="4869"/>
</LocList>
<StmntSeq Intrnl_Id="545">
<LocList>
<Loc EndOffset="350" SrcFileId="5" StartOffset="308"/>
<Loc EndOffset="398" SrcFileId="5" StartOffset="356"/>
<Loc EndOffset="446" SrcFileId="5" StartOffset="404"/>
<Loc EndOffset="490" SrcFileId="5" StartOffset="452"/>
<Loc EndOffset="542" SrcFileId="5" StartOffset="496"/>
<Loc EndOffset="607" SrcFileId="5" StartOffset="578"/>
<Loc EndOffset="646" SrcFileId="5" StartOffset="613"/>
<Loc EndOffset="676" SrcFileId="5" StartOffset="652"/>
<Loc EndOffset="711" SrcFileId="5" StartOffset="682"/>
</LocList>
<BasicStmnt CovItemId="S1" CovItemPrefix="org.codecover.simplejavaapp.model.Book.java" Intrnl_Id="546">
<LocList>
<Loc EndOffset="350" SrcFileId="5" StartOffset="308"/>
</LocList>
</BasicStmnt>
<BasicStmnt CovItemId="S2" CovItemPrefix="org.codecover.simplejavaapp.model.Book.java" Intrnl_Id="547">
<LocList>
<Loc EndOffset="398" SrcFileId="5" StartOffset="356"/>
</LocList>
</BasicStmnt>
<BasicStmnt CovItemId="S3" CovItemPrefix="org.codecover.simplejavaapp.model.Book.java" Intrnl_Id="548">
<LocList>
<Loc EndOffset="446" SrcFileId="5" StartOffset="404"/>
</LocList>
</BasicStmnt>
<BasicStmnt CovItemId="S4" CovItemPrefix="org.codecover.simplejavaapp.model.Book.java" Intrnl_Id="549">
<LocList>
<Loc EndOffset="490" SrcFileId="5" StartOffset="452"/>
</LocList>
</BasicStmnt>
<BasicStmnt CovItemId="S5" CovItemPrefix="org.codecover.simplejavaapp.model.Book.java" Intrnl_Id="550">
<LocList>
<Loc EndOffset="542" SrcFileId="5" StartOffset="496"/>
</LocList>
</BasicStmnt>
<BasicStmnt CovItemId="S6" CovItemPrefix="org.codecover.simplejavaapp.model.Book.java" Intrnl_Id="551">
<LocList>
<Loc EndOffset="607" SrcFileId="5" StartOffset="578"/>
</LocList>
</BasicStmnt>
<BasicStmnt CovItemId="S7" CovItemPrefix="org.codecover.simplejavaapp.model.Book.java" Intrnl_Id="552">
<LocList>
<Loc EndOffset="646" SrcFileId="5" StartOffset="613"/>
</LocList>
</BasicStmnt>
<BasicStmnt CovItemId="S8" CovItemPrefix="org.codecover.simplejavaapp.model.Book.java" Intrnl_Id="553">
<LocList>
<Loc EndOffset="676" SrcFileId="5" StartOffset="652"/>
</LocList>
</BasicStmnt>
<BasicStmnt CovItemId="S9" CovItemPrefix="org.codecover.simplejavaapp.model.Book.java" Intrnl_Id="554">
<LocList>
<Loc EndOffset="711" SrcFileId="5" StartOffset="682"/>
</LocList>
</BasicStmnt>
</StmntSeq>
<HierarchyLvl HierarchyLvlId="63" HierarchyLvlTypeId="14" Intrnl_Id="555" Name="Book">
<Header>
<Loc EndOffset="935" SrcFileId="5" StartOffset="913"/>
</Header>
<LocList>
<Loc EndOffset="965" SrcFileId="5" StartOffset="913"/>
</LocList>
<StmntSeq Intrnl_Id="556">
<LocList>
<Loc EndOffset="959" SrcFileId="5" StartOffset="946"/>
</LocList>
<BasicStmnt CovItemId="S10" CovItemPrefix="org.codecover.simplejavaapp.model.Book.java" Intrnl_Id="557">
<LocList>
<Loc EndOffset="959" SrcFileId="5" StartOffset="946"/>
</LocList>
</BasicStmnt>
</StmntSeq>
</HierarchyLvl>
<HierarchyLvl HierarchyLvlId="64" HierarchyLvlTypeId="14" Intrnl_Id="558" Name="Book">
<Header>
<Loc EndOffset="1063" SrcFileId="5" StartOffset="1050"/>
</Header>
<LocList>
<Loc EndOffset="1115" SrcFileId="5" StartOffset="1050"/>
</LocList>
<StmntSeq Intrnl_Id="559">
<LocList>
<Loc EndOffset="1109" SrcFileId="5" StartOffset="1074"/>
</LocList>
<BasicStmnt CovItemId="S11" CovItemPrefix="org.codecover.simplejavaapp.model.Book.java" Intrnl_Id="560">
<LocList>
<Loc EndOffset="1109" SrcFileId="5" StartOffset="1074"/>
</LocList>
</BasicStmnt>
</StmntSeq>
</HierarchyLvl>
<HierarchyLvl HierarchyLvlId="65" HierarchyLvlTypeId="14" Intrnl_Id="561" Name="getId">
<Header>
<Loc EndOffset="1208" SrcFileId="5" StartOffset="1187"/>
</Header>
<LocList>
<Loc EndOffset="1240" SrcFileId="5" StartOffset="1187"/>
</LocList>
<StmntSeq Intrnl_Id="562">
<LocList>
<Loc EndOffset="1234" SrcFileId="5" StartOffset="1219"/>
</LocList>
<BasicStmnt CovItemId="S12" CovItemPrefix="org.codecover.simplejavaapp.model.Book.java" Intrnl_Id="563">
<LocList>
<Loc EndOffset="1234" SrcFileId="5" StartOffset="1219"/>
</LocList>
</BasicStmnt>
</StmntSeq>
</HierarchyLvl>
<HierarchyLvl HierarchyLvlId="66" HierarchyLvlTypeId="14" Intrnl_Id="564" Name="getName">
<Header>
<Loc EndOffset="1339" SrcFileId="5" StartOffset="1316"/>
</Header>
<LocList>
<Loc EndOffset="1373" SrcFileId="5" StartOffset="1316"/>
</LocList>
<StmntSeq Intrnl_Id="565">
<LocList>
<Loc EndOffset="1367" SrcFileId="5" StartOffset="1350"/>
</LocList>
<BasicStmnt CovItemId="S13" CovItemPrefix="org.codecover.simplejavaapp.model.Book.java" Intrnl_Id="566">
<LocList>
<Loc EndOffset="1367" SrcFileId="5" StartOffset="1350"/>
</LocList>
</BasicStmnt>
</StmntSeq>
</HierarchyLvl>
<HierarchyLvl HierarchyLvlId="67" HierarchyLvlTypeId="14" Intrnl_Id="567" Name="getAuthor">
<Header>
<Loc EndOffset="1478" SrcFileId="5" StartOffset="1453"/>
</Header>
<LocList>
<Loc EndOffset="1514" SrcFileId="5" StartOffset="1453"/>
</LocList>
<StmntSeq Intrnl_Id="568">
<LocList>
<Loc EndOffset="1508" SrcFileId="5" StartOffset="1489"/>
</LocList>
<BasicStmnt CovItemId="S14" CovItemPrefix="org.codecover.simplejavaapp.model.Book.java" Intrnl_Id="569">
<LocList>
<Loc EndOffset="1508" SrcFileId="5" StartOffset="1489"/>
</LocList>
</BasicStmnt>
</StmntSeq>
</HierarchyLvl>
<HierarchyLvl HierarchyLvlId="68" HierarchyLvlTypeId="14" Intrnl_Id="570" Name="getYear">
<Header>
<Loc EndOffset="1610" SrcFileId="5" StartOffset="1590"/>
</Header>
<LocList>
<Loc EndOffset="1644" SrcFileId="5" StartOffset="1590"/>
</LocList>
<StmntSeq Intrnl_Id="571">
<LocList>
<Loc EndOffset="1638" SrcFileId="5" StartOffset="1621"/>
</LocList>
<BasicStmnt CovItemId="S15" CovItemPrefix="org.codecover.simplejavaapp.model.Book.java" Intrnl_Id="572">
<LocList>
<Loc EndOffset="1638" SrcFileId="5" StartOffset="1621"/>
</LocList>
</BasicStmnt>
</StmntSeq>
</HierarchyLvl>
<HierarchyLvl HierarchyLvlId="69" HierarchyLvlTypeId="14" Intrnl_Id="573" Name="getIsbn">
<Header>
<Loc EndOffset="1743" SrcFileId="5" StartOffset="1720"/>
</Header>
<LocList>
<Loc EndOffset="1777" SrcFileId="5" StartOffset="1720"/>
</LocList>
<StmntSeq Intrnl_Id="574">
<LocList>
<Loc EndOffset="1771" SrcFileId="5" StartOffset="1754"/>
</LocList>
<BasicStmnt CovItemId="S16" CovItemPrefix="org.codecover.simplejavaapp.model.Book.java" Intrnl_Id="575">
<LocList>
<Loc EndOffset="1771" SrcFileId="5" StartOffset="1754"/>
</LocList>
</BasicStmnt>
</StmntSeq>
</HierarchyLvl>
<HierarchyLvl HierarchyLvlId="70" HierarchyLvlTypeId="14" Intrnl_Id="576" Name="setName">
<Header>
<Loc EndOffset="1914" SrcFileId="5" StartOffset="1882"/>
</Header>
<LocList>
<Loc EndOffset="1973" SrcFileId="5" StartOffset="1882"/>
</LocList>
<StmntSeq Intrnl_Id="577">
<LocList>
<Loc EndOffset="1942" SrcFileId="5" StartOffset="1925"/>
<Loc EndOffset="1967" SrcFileId="5" StartOffset="1951"/>
</LocList>
<BasicStmnt CovItemId="S17" CovItemPrefix="org.codecover.simplejavaapp.model.Book.java" Intrnl_Id="578">
<LocList>
<Loc EndOffset="1942" SrcFileId="5" StartOffset="1925"/>
</LocList>
</BasicStmnt>
<BasicStmnt CovItemId="S18" CovItemPrefix="org.codecover.simplejavaapp.model.Book.java" Intrnl_Id="579">
<LocList>
<Loc EndOffset="1967" SrcFileId="5" StartOffset="1951"/>
</LocList>
</BasicStmnt>
</StmntSeq>
</HierarchyLvl>
<HierarchyLvl HierarchyLvlId="71" HierarchyLvlTypeId="14" Intrnl_Id="580" Name="setAuthor">
<Header>
<Loc EndOffset="2120" SrcFileId="5" StartOffset="2084"/>
</Header>
<LocList>
<Loc EndOffset="2183" SrcFileId="5" StartOffset="2084"/>
</LocList>
<StmntSeq Intrnl_Id="581">
<LocList>
<Loc EndOffset="2152" SrcFileId="5" StartOffset="2131"/>
<Loc EndOffset="2177" SrcFileId="5" StartOffset="2161"/>
</LocList>
<BasicStmnt CovItemId="S19" CovItemPrefix="org.codecover.simplejavaapp.model.Book.java" Intrnl_Id="582">
<LocList>
<Loc EndOffset="2152" SrcFileId="5" StartOffset="2131"/>
</LocList>
</BasicStmnt>
<BasicStmnt CovItemId="S20" CovItemPrefix="org.codecover.simplejavaapp.model.Book.java" Intrnl_Id="583">
<LocList>
<Loc EndOffset="2177" SrcFileId="5" StartOffset="2161"/>
</LocList>
</BasicStmnt>
</StmntSeq>
</HierarchyLvl>
<HierarchyLvl HierarchyLvlId="72" HierarchyLvlTypeId="14" Intrnl_Id="584" Name="setYear">
<Header>
<Loc EndOffset="2317" SrcFileId="5" StartOffset="2288"/>
</Header>
<LocList>
<Loc EndOffset="2376" SrcFileId="5" StartOffset="2288"/>
</LocList>
<StmntSeq Intrnl_Id="585">
<LocList>
<Loc EndOffset="2345" SrcFileId="5" StartOffset="2328"/>
<Loc EndOffset="2370" SrcFileId="5" StartOffset="2354"/>
</LocList>
<BasicStmnt CovItemId="S21" CovItemPrefix="org.codecover.simplejavaapp.model.Book.java" Intrnl_Id="586">
<LocList>
<Loc EndOffset="2345" SrcFileId="5" StartOffset="2328"/>
</LocList>
</BasicStmnt>
<BasicStmnt CovItemId="S22" CovItemPrefix="org.codecover.simplejavaapp.model.Book.java" Intrnl_Id="587">
<LocList>
<Loc EndOffset="2370" SrcFileId="5" StartOffset="2354"/>
</LocList>
</BasicStmnt>
</StmntSeq>
</HierarchyLvl>
<HierarchyLvl HierarchyLvlId="73" HierarchyLvlTypeId="14" Intrnl_Id="588" Name="setIsbn">
<Header>
<Loc EndOffset="2513" SrcFileId="5" StartOffset="2481"/>
</Header>
<LocList>
<Loc EndOffset="2572" SrcFileId="5" StartOffset="2481"/>
</LocList>
<StmntSeq Intrnl_Id="589">
<LocList>
<Loc EndOffset="2541" SrcFileId="5" StartOffset="2524"/>
<Loc EndOffset="2566" SrcFileId="5" StartOffset="2550"/>
</LocList>
<BasicStmnt CovItemId="S23" CovItemPrefix="org.codecover.simplejavaapp.model.Book.java" Intrnl_Id="590">
<LocList>
<Loc EndOffset="2541" SrcFileId="5" StartOffset="2524"/>
</LocList>
</BasicStmnt>
<BasicStmnt CovItemId="S24" CovItemPrefix="org.codecover.simplejavaapp.model.Book.java" Intrnl_Id="591">
<LocList>
<Loc EndOffset="2566" SrcFileId="5" StartOffset="2550"/>
</LocList>
</BasicStmnt>
</StmntSeq>
</HierarchyLvl>
<HierarchyLvl HierarchyLvlId="74" HierarchyLvlTypeId="14" Intrnl_Id="592" Name="notifiyChange">
<Header>
<Loc EndOffset="2606" SrcFileId="5" StartOffset="2578"/>
</Header>
<LocList>
<Loc EndOffset="2721" SrcFileId="5" StartOffset="2578"/>
</LocList>
<StmntSeq Intrnl_Id="593">
<LocList>
<Loc EndOffset="2675" SrcFileId="5" StartOffset="2617"/>
<Loc EndOffset="2715" SrcFileId="5" StartOffset="2685"/>
</LocList>
<CondStmnt CovItemId="S25" CovItemPrefix="org.codecover.simplejavaapp.model.Book.java" Intrnl_Id="594">
<Branch CovItemId="B1" CovItemPrefix="org.codecover.simplejavaapp.model.Book.java" Implct="false" Intrnl_Id="595">
<Cond/>
<LocList>
<Loc EndOffset="2675" SrcFileId="5" StartOffset="2644"/>
</LocList>
<StmntSeq Intrnl_Id="596">
<LocList>
<Loc EndOffset="2665" SrcFileId="5" StartOffset="2658"/>
</LocList>
<BasicStmnt CovItemId="S26" CovItemPrefix="org.codecover.simplejavaapp.model.Book.java" Intrnl_Id="597">
<LocList>
<Loc EndOffset="2665" SrcFileId="5" StartOffset="2658"/>
</LocList>
</BasicStmnt>
</StmntSeq>
</Branch>
<Branch CovItemId="B2" CovItemPrefix="org.codecover.simplejavaapp.model.Book.java" Implct="true" Intrnl_Id="598">
<Cond/>
<LocList/>
<StmntSeq Intrnl_Id="599">
<LocList/>
</StmntSeq>
</Branch>
<Keyword EndOffset="2619" SrcFileId="5" StartOffset="2617"/>
<LocList>
<Loc EndOffset="2675" SrcFileId="5" StartOffset="2617"/>
</LocList>
<RootTerm CovItemId="C1" CovItemPrefix="org.codecover.simplejavaapp.model.Book.java" Intrnl_Id="600">
<BasicBoolTerm Intrnl_Id="601">
<LocList>
<Loc EndOffset="2642" SrcFileId="5" StartOffset="2621"/>
</LocList>
</BasicBoolTerm>
</RootTerm>
</CondStmnt>
<BasicStmnt CovItemId="S27" CovItemPrefix="org.codecover.simplejavaapp.model.Book.java" Intrnl_Id="602">
<LocList>
<Loc EndOffset="2715" SrcFileId="5" StartOffset="2685"/>
</LocList>
</BasicStmnt>
</StmntSeq>
</HierarchyLvl>
<HierarchyLvl HierarchyLvlId="75" HierarchyLvlTypeId="14" Intrnl_Id="603" Name="setBookModifyListener">
<Header>
<Loc EndOffset="2976" SrcFileId="5" StartOffset="2914"/>
</Header>
<LocList>
<Loc EndOffset="3018" SrcFileId="5" StartOffset="2914"/>
</LocList>
<StmntSeq Intrnl_Id="604">
<LocList>
<Loc EndOffset="3012" SrcFileId="5" StartOffset="2987"/>
</LocList>
<BasicStmnt CovItemId="S28" CovItemPrefix="org.codecover.simplejavaapp.model.Book.java" Intrnl_Id="605">
<LocList>
<Loc EndOffset="3012" SrcFileId="5" StartOffset="2987"/>
</LocList>
</BasicStmnt>
</StmntSeq>
</HierarchyLvl>
<HierarchyLvl HierarchyLvlId="76" HierarchyLvlTypeId="14" Intrnl_Id="606" Name="getXMLRepresentation">
<Header>
<Loc EndOffset="3347" SrcFileId="5" StartOffset="3295"/>
</Header>
<LocList>
<Loc EndOffset="3821" SrcFileId="5" StartOffset="3295"/>
</LocList>
<StmntSeq Intrnl_Id="607">
<LocList>
<Loc EndOffset="3451" SrcFileId="5" StartOffset="3358"/>
<Loc EndOffset="3512" SrcFileId="5" StartOffset="3461"/>
<Loc EndOffset="3568" SrcFileId="5" StartOffset="3522"/>
<Loc EndOffset="3615" SrcFileId="5" StartOffset="3577"/>
<Loc EndOffset="3666" SrcFileId="5" StartOffset="3624"/>
<Loc EndOffset="3717" SrcFileId="5" StartOffset="3675"/>
<Loc EndOffset="3786" SrcFileId="5" StartOffset="3726"/>
<Loc EndOffset="3815" SrcFileId="5" StartOffset="3796"/>
</LocList>
<CondStmnt CovItemId="S29" CovItemPrefix="org.codecover.simplejavaapp.model.Book.java" Intrnl_Id="608">
<Branch CovItemId="B3" CovItemPrefix="org.codecover.simplejavaapp.model.Book.java" Implct="false" Intrnl_Id="609">
<Cond/>
<LocList>
<Loc EndOffset="3451" SrcFileId="5" StartOffset="3378"/>
</LocList>
<StmntSeq Intrnl_Id="610">
<LocList>
<Loc EndOffset="3441" SrcFileId="5" StartOffset="3392"/>
</LocList>
<BasicStmnt CovItemId="S30" CovItemPrefix="org.codecover.simplejavaapp.model.Book.java" Intrnl_Id="611">
<LocList>
<Loc EndOffset="3441" SrcFileId="5" StartOffset="3392"/>
</LocList>
</BasicStmnt>
</StmntSeq>
</Branch>
<Branch CovItemId="B4" CovItemPrefix="org.codecover.simplejavaapp.model.Book.java" Implct="true" Intrnl_Id="612">
<Cond/>
<LocList/>
<StmntSeq Intrnl_Id="613">
<LocList/>
</StmntSeq>
</Branch>
<Keyword EndOffset="3360" SrcFileId="5" StartOffset="3358"/>
<LocList>
<Loc EndOffset="3451" SrcFileId="5" StartOffset="3358"/>
</LocList>
<RootTerm CovItemId="C2" CovItemPrefix="org.codecover.simplejavaapp.model.Book.java" Intrnl_Id="614">
<BasicBoolTerm Intrnl_Id="615">
<LocList>
<Loc EndOffset="3376" SrcFileId="5" StartOffset="3362"/>
</LocList>
</BasicBoolTerm>
</RootTerm>
</CondStmnt>
<BasicStmnt CovItemId="S31" CovItemPrefix="org.codecover.simplejavaapp.model.Book.java" Intrnl_Id="616">
<LocList>
<Loc EndOffset="3512" SrcFileId="5" StartOffset="3461"/>
</LocList>
</BasicStmnt>
<BasicStmnt CovItemId="S32" CovItemPrefix="org.codecover.simplejavaapp.model.Book.java" Intrnl_Id="617">
<LocList>
<Loc EndOffset="3568" SrcFileId="5" StartOffset="3522"/>
</LocList>
</BasicStmnt>
<BasicStmnt CovItemId="S33" CovItemPrefix="org.codecover.simplejavaapp.model.Book.java" Intrnl_Id="618">
<LocList>
<Loc EndOffset="3615" SrcFileId="5" StartOffset="3577"/>
</LocList>
</BasicStmnt>
<BasicStmnt CovItemId="S34" CovItemPrefix="org.codecover.simplejavaapp.model.Book.java" Intrnl_Id="619">
<LocList>
<Loc EndOffset="3666" SrcFileId="5" StartOffset="3624"/>
</LocList>
</BasicStmnt>
<BasicStmnt CovItemId="S35" CovItemPrefix="org.codecover.simplejavaapp.model.Book.java" Intrnl_Id="620">
<LocList>
<Loc EndOffset="3717" SrcFileId="5" StartOffset="3675"/>
</LocList>
</BasicStmnt>
<BasicStmnt CovItemId="S36" CovItemPrefix="org.codecover.simplejavaapp.model.Book.java" Intrnl_Id="621">
<LocList>
<Loc EndOffset="3786" SrcFileId="5" StartOffset="3726"/>
</LocList>
</BasicStmnt>
<BasicStmnt CovItemId="S37" CovItemPrefix="org.codecover.simplejavaapp.model.Book.java" Intrnl_Id="622">
<LocList>
<Loc EndOffset="3815" SrcFileId="5" StartOffset="3796"/>
</LocList>
</BasicStmnt>
</StmntSeq>
</HierarchyLvl>
<HierarchyLvl HierarchyLvlId="77" HierarchyLvlTypeId="14" Intrnl_Id="623" Name="getBookFromXML">
<Header>
<Loc EndOffset="4100" SrcFileId="5" StartOffset="4050"/>
</Header>
<LocList>
<Loc EndOffset="4550" SrcFileId="5" StartOffset="4050"/>
</LocList>
<StmntSeq Intrnl_Id="624">
<LocList>
<Loc EndOffset="4156" SrcFileId="5" StartOffset="4111"/>
<Loc EndOffset="4202" SrcFileId="5" StartOffset="4165"/>
<Loc EndOffset="4252" SrcFileId="5" StartOffset="4211"/>
<Loc EndOffset="4302" SrcFileId="5" StartOffset="4261"/>
<Loc EndOffset="4352" SrcFileId="5" StartOffset="4311"/>
<Loc EndOffset="4387" SrcFileId="5" StartOffset="4362"/>
<Loc EndOffset="4420" SrcFileId="5" StartOffset="4397"/>
<Loc EndOffset="4448" SrcFileId="5" StartOffset="4429"/>
<Loc EndOffset="4476" SrcFileId="5" StartOffset="4457"/>
<Loc EndOffset="4522" SrcFileId="5" StartOffset="4485"/>
<Loc EndOffset="4544" SrcFileId="5" StartOffset="4532"/>
</LocList>
<BasicStmnt CovItemId="S38" CovItemPrefix="org.codecover.simplejavaapp.model.Book.java" Intrnl_Id="625">
<LocList>
<Loc EndOffset="4156" SrcFileId="5" StartOffset="4111"/>
</LocList>
</BasicStmnt>
<BasicStmnt CovItemId="S39" CovItemPrefix="org.codecover.simplejavaapp.model.Book.java" Intrnl_Id="626">
<LocList>
<Loc EndOffset="4202" SrcFileId="5" StartOffset="4165"/>
</LocList>
</BasicStmnt>
<BasicStmnt CovItemId="S40" CovItemPrefix="org.codecover.simplejavaapp.model.Book.java" Intrnl_Id="627">
<LocList>
<Loc EndOffset="4252" SrcFileId="5" StartOffset="4211"/>
</LocList>
</BasicStmnt>
<BasicStmnt CovItemId="S41" CovItemPrefix="org.codecover.simplejavaapp.model.Book.java" Intrnl_Id="628">
<LocList>
<Loc EndOffset="4302" SrcFileId="5" StartOffset="4261"/>
</LocList>
</BasicStmnt>
<BasicStmnt CovItemId="S42" CovItemPrefix="org.codecover.simplejavaapp.model.Book.java" Intrnl_Id="629">
<LocList>
<Loc EndOffset="4352" SrcFileId="5" StartOffset="4311"/>
</LocList>
</BasicStmnt>
<BasicStmnt CovItemId="S43" CovItemPrefix="org.codecover.simplejavaapp.model.Book.java" Intrnl_Id="630">
<LocList>
<Loc EndOffset="4387" SrcFileId="5" StartOffset="4362"/>
</LocList>
</BasicStmnt>
<BasicStmnt CovItemId="S44" CovItemPrefix="org.codecover.simplejavaapp.model.Book.java" Intrnl_Id="631">
<LocList>
<Loc EndOffset="4420" SrcFileId="5" StartOffset="4397"/>
</LocList>
</BasicStmnt>
<BasicStmnt CovItemId="S45" CovItemPrefix="org.codecover.simplejavaapp.model.Book.java" Intrnl_Id="632">
<LocList>
<Loc EndOffset="4448" SrcFileId="5" StartOffset="4429"/>
</LocList>
</BasicStmnt>
<BasicStmnt CovItemId="S46" CovItemPrefix="org.codecover.simplejavaapp.model.Book.java" Intrnl_Id="633">
<LocList>
<Loc EndOffset="4476" SrcFileId="5" StartOffset="4457"/>
</LocList>
</BasicStmnt>
<BasicStmnt CovItemId="S47" CovItemPrefix="org.codecover.simplejavaapp.model.Book.java" Intrnl_Id="634">
<LocList>
<Loc EndOffset="4522" SrcFileId="5" StartOffset="4485"/>
</LocList>
</BasicStmnt>
<BasicStmnt CovItemId="S48" CovItemPrefix="org.codecover.simplejavaapp.model.Book.java" Intrnl_Id="635">
<LocList>
<Loc EndOffset="4544" SrcFileId="5" StartOffset="4532"/>
</LocList>
</BasicStmnt>
</StmntSeq>
</HierarchyLvl>
<HierarchyLvl HierarchyLvlId="79" HierarchyLvlTypeId="13" Intrnl_Id="636" Name="BookModifyListener">
<Header>
<Loc EndOffset="4733" SrcFileId="5" StartOffset="4698"/>
</Header>
<LocList>
<Loc EndOffset="4869" SrcFileId="5" StartOffset="4698"/>
</LocList>
<HierarchyLvl HierarchyLvlId="78" HierarchyLvlTypeId="14" Intrnl_Id="637" Name="stateModified">
<Header>
<Loc EndOffset="4862" SrcFileId="5" StartOffset="4835"/>
</Header>
<LocList>
<Loc EndOffset="4863" SrcFileId="5" StartOffset="4835"/>
</LocList>
</HierarchyLvl>
</HierarchyLvl>
</HierarchyLvl>
</HierarchyLvl>
<HierarchyLvl HierarchyLvlId="140" HierarchyLvlTypeId="11" Intrnl_Id="638" Name="view">
<Header/>
<LocList/>
<HierarchyLvl HierarchyLvlId="98" HierarchyLvlTypeId="15" Intrnl_Id="639" Name="AppView">
<Header>
<Loc EndOffset="547" SrcFileId="6" StartOffset="527"/>
</Header>
<LocList>
<Loc EndOffset="6038" SrcFileId="6" StartOffset="527"/>
<Loc EndOffset="7125" SrcFileId="6" StartOffset="6243"/>
<Loc EndOffset="7548" SrcFileId="6" StartOffset="7546"/>
</LocList>
<StmntSeq Intrnl_Id="640">
<LocList>
<Loc EndOffset="615" SrcFileId="6" StartOffset="554"/>
</LocList>
<BasicStmnt CovItemId="S1" CovItemPrefix="org.codecover.simplejavaapp.view.AppView.java" Intrnl_Id="641">
<LocList>
<Loc EndOffset="615" SrcFileId="6" StartOffset="554"/>
</LocList>
</BasicStmnt>
</StmntSeq>
<HierarchyLvl HierarchyLvlId="81" HierarchyLvlTypeId="14" Intrnl_Id="642" Name="getInstance">
<Header>
<Loc EndOffset="944" SrcFileId="6" StartOffset="909"/>
</Header>
<LocList>
<Loc EndOffset="1058" SrcFileId="6" StartOffset="909"/>
</LocList>
<StmntSeq Intrnl_Id="643">
<LocList>
<Loc EndOffset="1026" SrcFileId="6" StartOffset="955"/>
<Loc EndOffset="1052" SrcFileId="6" StartOffset="1036"/>
</LocList>
<CondStmnt CovItemId="S2" CovItemPrefix="org.codecover.simplejavaapp.view.AppView.java" Intrnl_Id="644">
<Branch CovItemId="B1" CovItemPrefix="org.codecover.simplejavaapp.view.AppView.java" Implct="false" Intrnl_Id="645">
<Cond/>
<LocList>
<Loc EndOffset="1026" SrcFileId="6" StartOffset="977"/>
</LocList>
<StmntSeq Intrnl_Id="646">
<LocList>
<Loc EndOffset="1016" SrcFileId="6" StartOffset="991"/>
</LocList>
<BasicStmnt CovItemId="S3" CovItemPrefix="org.codecover.simplejavaapp.view.AppView.java" Intrnl_Id="647">
<LocList>
<Loc EndOffset="1016" SrcFileId="6" StartOffset="991"/>
</LocList>
</BasicStmnt>
</StmntSeq>
</Branch>
<Branch CovItemId="B2" CovItemPrefix="org.codecover.simplejavaapp.view.AppView.java" Implct="true" Intrnl_Id="648">
<Cond/>
<LocList/>
<StmntSeq Intrnl_Id="649">
<LocList/>
</StmntSeq>
</Branch>
<Keyword EndOffset="957" SrcFileId="6" StartOffset="955"/>
<LocList>
<Loc EndOffset="1026" SrcFileId="6" StartOffset="955"/>
</LocList>
<RootTerm CovItemId="C1" CovItemPrefix="org.codecover.simplejavaapp.view.AppView.java" Intrnl_Id="650">
<BasicBoolTerm Intrnl_Id="651">
<LocList>
<Loc EndOffset="975" SrcFileId="6" StartOffset="959"/>
</LocList>
</BasicBoolTerm>
</RootTerm>
</CondStmnt>
<BasicStmnt CovItemId="S4" CovItemPrefix="org.codecover.simplejavaapp.view.AppView.java" Intrnl_Id="652">
<LocList>
<Loc EndOffset="1052" SrcFileId="6" StartOffset="1036"/>
</LocList>
</BasicStmnt>
</StmntSeq>
</HierarchyLvl>
<HierarchyLvl HierarchyLvlId="82" HierarchyLvlTypeId="14" Intrnl_Id="653" Name="AppView">
<Header>
<Loc EndOffset="1081" SrcFileId="6" StartOffset="1064"/>
</Header>
<LocList>
<Loc EndOffset="1206" SrcFileId="6" StartOffset="1064"/>
</LocList>
<StmntSeq Intrnl_Id="654">
<LocList>
<Loc EndOffset="1143" SrcFileId="6" StartOffset="1092"/>
<Loc EndOffset="1200" SrcFileId="6" StartOffset="1152"/>
</LocList>
<BasicStmnt CovItemId="S5" CovItemPrefix="org.codecover.simplejavaapp.view.AppView.java" Intrnl_Id="655">
<LocList>
<Loc EndOffset="1143" SrcFileId="6" StartOffset="1092"/>
</LocList>
</BasicStmnt>
<BasicStmnt CovItemId="S6" CovItemPrefix="org.codecover.simplejavaapp.view.AppView.java" Intrnl_Id="656">
<LocList>
<Loc EndOffset="1200" SrcFileId="6" StartOffset="1152"/>
</LocList>
</BasicStmnt>
</StmntSeq>
</HierarchyLvl>
<HierarchyLvl HierarchyLvlId="83" HierarchyLvlTypeId="14" Intrnl_Id="657" Name="notifyViewListener">
<Header>
<Loc EndOffset="1284" SrcFileId="6" StartOffset="1212"/>
</Header>
<LocList>
<Loc EndOffset="1411" SrcFileId="6" StartOffset="1212"/>
</LocList>
<StmntSeq Intrnl_Id="658">
<LocList>
<Loc EndOffset="1405" SrcFileId="6" StartOffset="1295"/>
</LocList>
<LoopStmnt CovItemId="S7" CovItemPrefix="org.codecover.simplejavaapp.view.AppView.java" Intrnl_Id="659" MltplExecId="L1-2" MltplExecPrefix="org.codecover.simplejavaapp.view.AppView.java" NvrExecId="L1-0" NvrExecPrefix="org.codecover.simplejavaapp.view.AppView.java" OnceExecutedId="L1-1" OnceExecutedPrefix="org.codecover.simplejavaapp.view.AppView.java" OptBodyExec="true">
<StmntSeq Intrnl_Id="660">
<LocList>
<Loc EndOffset="1395" SrcFileId="6" StartOffset="1354"/>
</LocList>
<BasicStmnt CovItemId="S8" CovItemPrefix="org.codecover.simplejavaapp.view.AppView.java" Intrnl_Id="661">
<LocList>
<Loc EndOffset="1395" SrcFileId="6" StartOffset="1354"/>
</LocList>
</BasicStmnt>
</StmntSeq>
<Keyword EndOffset="1298" SrcFileId="6" StartOffset="1295"/>
<LocList>
<Loc EndOffset="1405" SrcFileId="6" StartOffset="1295"/>
</LocList>
</LoopStmnt>
</StmntSeq>
</HierarchyLvl>
<HierarchyLvl HierarchyLvlId="84" HierarchyLvlTypeId="14" Intrnl_Id="662" Name="addViewListener">
<Header>
<Loc EndOffset="1632" SrcFileId="6" StartOffset="1582"/>
</Header>
<LocList>
<Loc EndOffset="1678" SrcFileId="6" StartOffset="1582"/>
</LocList>
<StmntSeq Intrnl_Id="663">
<LocList>
<Loc EndOffset="1672" SrcFileId="6" StartOffset="1643"/>
</LocList>
<BasicStmnt CovItemId="S9" CovItemPrefix="org.codecover.simplejavaapp.view.AppView.java" Intrnl_Id="664">
<LocList>
<Loc EndOffset="1672" SrcFileId="6" StartOffset="1643"/>
</LocList>
</BasicStmnt>
</StmntSeq>
</HierarchyLvl>
<HierarchyLvl HierarchyLvlId="85" HierarchyLvlTypeId="14" Intrnl_Id="665" Name="removeViewListener">
<Header>
<Loc EndOffset="1907" SrcFileId="6" StartOffset="1854"/>
</Header>
<LocList>
<Loc EndOffset="1956" SrcFileId="6" StartOffset="1854"/>
</LocList>
<StmntSeq Intrnl_Id="666">
<LocList>
<Loc EndOffset="1950" SrcFileId="6" StartOffset="1918"/>
</LocList>
<BasicStmnt CovItemId="S10" CovItemPrefix="org.codecover.simplejavaapp.view.AppView.java" Intrnl_Id="667">
<LocList>
<Loc EndOffset="1950" SrcFileId="6" StartOffset="1918"/>
</LocList>
</BasicStmnt>
</StmntSeq>
</HierarchyLvl>
<HierarchyLvl HierarchyLvlId="86" HierarchyLvlTypeId="14" Intrnl_Id="668" Name="openWindow">
<Header>
<Loc EndOffset="2196" SrcFileId="6" StartOffset="2159"/>
</Header>
<LocList>
<Loc EndOffset="2371" SrcFileId="6" StartOffset="2159"/>
</LocList>
<StmntSeq Intrnl_Id="669">
<LocList>
<Loc EndOffset="2280" SrcFileId="6" StartOffset="2207"/>
<Loc EndOffset="2329" SrcFileId="6" StartOffset="2290"/>
<Loc EndOffset="2365" SrcFileId="6" StartOffset="2338"/>
</LocList>
<BasicStmnt CovItemId="S11" CovItemPrefix="org.codecover.simplejavaapp.view.AppView.java" Intrnl_Id="670">
<LocList>
<Loc EndOffset="2280" SrcFileId="6" StartOffset="2207"/>
</LocList>
</BasicStmnt>
<BasicStmnt CovItemId="S12" CovItemPrefix="org.codecover.simplejavaapp.view.AppView.java" Intrnl_Id="671">
<LocList>
<Loc EndOffset="2329" SrcFileId="6" StartOffset="2290"/>
</LocList>
</BasicStmnt>
<BasicStmnt CovItemId="S13" CovItemPrefix="org.codecover.simplejavaapp.view.AppView.java" Intrnl_Id="672">
<LocList>
<Loc EndOffset="2365" SrcFileId="6" StartOffset="2338"/>
</LocList>
</BasicStmnt>
</StmntSeq>
</HierarchyLvl>
<HierarchyLvl HierarchyLvlId="87" HierarchyLvlTypeId="14" Intrnl_Id="673" Name="openFileInWindow">
<Header>
<Loc EndOffset="2725" SrcFileId="6" StartOffset="2661"/>
</Header>
<LocList>
<Loc EndOffset="2928" SrcFileId="6" StartOffset="2661"/>
</LocList>
<StmntSeq Intrnl_Id="674">
<LocList>
<Loc EndOffset="2785" SrcFileId="6" StartOffset="2736"/>
<Loc EndOffset="2829" SrcFileId="6" StartOffset="2795"/>
<Loc EndOffset="2881" SrcFileId="6" StartOffset="2839"/>
<Loc EndOffset="2922" SrcFileId="6" StartOffset="2891"/>
</LocList>
<BasicStmnt CovItemId="S14" CovItemPrefix="org.codecover.simplejavaapp.view.AppView.java" Intrnl_Id="675">
<LocList>
<Loc EndOffset="2785" SrcFileId="6" StartOffset="2736"/>
</LocList>
</BasicStmnt>
<BasicStmnt CovItemId="S15" CovItemPrefix="org.codecover.simplejavaapp.view.AppView.java" Intrnl_Id="676">
<LocList>
<Loc EndOffset="2829" SrcFileId="6" StartOffset="2795"/>
</LocList>
</BasicStmnt>
<BasicStmnt CovItemId="S16" CovItemPrefix="org.codecover.simplejavaapp.view.AppView.java" Intrnl_Id="677">
<LocList>
<Loc EndOffset="2881" SrcFileId="6" StartOffset="2839"/>
</LocList>
</BasicStmnt>
<BasicStmnt CovItemId="S17" CovItemPrefix="org.codecover.simplejavaapp.view.AppView.java" Intrnl_Id="678">
<LocList>
<Loc EndOffset="2922" SrcFileId="6" StartOffset="2891"/>
</LocList>
</BasicStmnt>
</StmntSeq>
</HierarchyLvl>
<HierarchyLvl HierarchyLvlId="88" HierarchyLvlTypeId="14" Intrnl_Id="679" Name="closeWindow">
<Header>
<Loc EndOffset="3129" SrcFileId="6" StartOffset="3091"/>
</Header>
<LocList>
<Loc EndOffset="3300" SrcFileId="6" StartOffset="3091"/>
</LocList>
<StmntSeq Intrnl_Id="680">
<LocList>
<Loc EndOffset="3186" SrcFileId="6" StartOffset="3140"/>
<Loc EndOffset="3227" SrcFileId="6" StartOffset="3196"/>
<Loc EndOffset="3265" SrcFileId="6" StartOffset="3237"/>
<Loc EndOffset="3294" SrcFileId="6" StartOffset="3274"/>
</LocList>
<BasicStmnt CovItemId="S18" CovItemPrefix="org.codecover.simplejavaapp.view.AppView.java" Intrnl_Id="681">
<LocList>
<Loc EndOffset="3186" SrcFileId="6" StartOffset="3140"/>
</LocList>
</BasicStmnt>
<BasicStmnt CovItemId="S19" CovItemPrefix="org.codecover.simplejavaapp.view.AppView.java" Intrnl_Id="682">
<LocList>
<Loc EndOffset="3227" SrcFileId="6" StartOffset="3196"/>
</LocList>
</BasicStmnt>
<BasicStmnt CovItemId="S20" CovItemPrefix="org.codecover.simplejavaapp.view.AppView.java" Intrnl_Id="683">
<LocList>
<Loc EndOffset="3265" SrcFileId="6" StartOffset="3237"/>
</LocList>
</BasicStmnt>
<BasicStmnt CovItemId="S21" CovItemPrefix="org.codecover.simplejavaapp.view.AppView.java" Intrnl_Id="684">
<LocList>
<Loc EndOffset="3294" SrcFileId="6" StartOffset="3274"/>
</LocList>
</BasicStmnt>
</StmntSeq>
</HierarchyLvl>
<HierarchyLvl HierarchyLvlId="89" HierarchyLvlTypeId="14" Intrnl_Id="685" Name="showErrorDialog">
<Header>
<Loc EndOffset="3567" SrcFileId="6" StartOffset="3509"/>
</Header>
<LocList>
<Loc EndOffset="3700" SrcFileId="6" StartOffset="3509"/>
</LocList>
<StmntSeq Intrnl_Id="686">
<LocList>
<Loc EndOffset="3694" SrcFileId="6" StartOffset="3578"/>
</LocList>
<BasicStmnt CovItemId="S22" CovItemPrefix="org.codecover.simplejavaapp.view.AppView.java" Intrnl_Id="687">
<LocList>
<Loc EndOffset="3694" SrcFileId="6" StartOffset="3578"/>
</LocList>
</BasicStmnt>
</StmntSeq>
</HierarchyLvl>
<HierarchyLvl HierarchyLvlId="90" HierarchyLvlTypeId="14" Intrnl_Id="688" Name="showConfirmationDialog">
<Header>
<Loc EndOffset="3999" SrcFileId="6" StartOffset="3935"/>
</Header>
<LocList>
<Loc EndOffset="4155" SrcFileId="6" StartOffset="3935"/>
</LocList>
<StmntSeq Intrnl_Id="689">
<LocList>
<Loc EndOffset="4149" SrcFileId="6" StartOffset="4010"/>
</LocList>
<BasicStmnt CovItemId="S23" CovItemPrefix="org.codecover.simplejavaapp.view.AppView.java" Intrnl_Id="690">
<LocList>
<Loc EndOffset="4149" SrcFileId="6" StartOffset="4010"/>
</LocList>
</BasicStmnt>
</StmntSeq>
</HierarchyLvl>
<HierarchyLvl HierarchyLvlId="91" HierarchyLvlTypeId="14" Intrnl_Id="691" Name="showSaveAsDialog">
<Header>
<Loc EndOffset="4444" SrcFileId="6" StartOffset="4399"/>
</Header>
<LocList>
<Loc EndOffset="4860" SrcFileId="6" StartOffset="4399"/>
</LocList>
<StmntSeq Intrnl_Id="692">
<LocList>
<Loc EndOffset="4497" SrcFileId="6" StartOffset="4455"/>
<Loc EndOffset="4554" SrcFileId="6" StartOffset="4506"/>
<Loc EndOffset="4600" SrcFileId="6" StartOffset="4563"/>
<Loc EndOffset="4663" SrcFileId="6" StartOffset="4609"/>
<Loc EndOffset="4832" SrcFileId="6" StartOffset="4673"/>
<Loc EndOffset="4854" SrcFileId="6" StartOffset="4842"/>
</LocList>
<BasicStmnt CovItemId="S24" CovItemPrefix="org.codecover.simplejavaapp.view.AppView.java" Intrnl_Id="693">
<LocList>
<Loc EndOffset="4497" SrcFileId="6" StartOffset="4455"/>
</LocList>
</BasicStmnt>
<BasicStmnt CovItemId="S25" CovItemPrefix="org.codecover.simplejavaapp.view.AppView.java" Intrnl_Id="694">
<LocList>
<Loc EndOffset="4554" SrcFileId="6" StartOffset="4506"/>
</LocList>
</BasicStmnt>
<BasicStmnt CovItemId="S26" CovItemPrefix="org.codecover.simplejavaapp.view.AppView.java" Intrnl_Id="695">
<LocList>
<Loc EndOffset="4600" SrcFileId="6" StartOffset="4563"/>
</LocList>
</BasicStmnt>
<BasicStmnt CovItemId="S27" CovItemPrefix="org.codecover.simplejavaapp.view.AppView.java" Intrnl_Id="696">
<LocList>
<Loc EndOffset="4663" SrcFileId="6" StartOffset="4609"/>
</LocList>
</BasicStmnt>
<CondStmnt CovItemId="S28" CovItemPrefix="org.codecover.simplejavaapp.view.AppView.java" Intrnl_Id="697">
<Branch CovItemId="B3" CovItemPrefix="org.codecover.simplejavaapp.view.AppView.java" Implct="false" Intrnl_Id="698">
<Cond/>
<LocList>
<Loc EndOffset="4832" SrcFileId="6" StartOffset="4757"/>
</LocList>
<StmntSeq Intrnl_Id="699">
<LocList>
<Loc EndOffset="4822" SrcFileId="6" StartOffset="4771"/>
</LocList>
<BasicStmnt CovItemId="S29" CovItemPrefix="org.codecover.simplejavaapp.view.AppView.java" Intrnl_Id="700">
<LocList>
<Loc EndOffset="4822" SrcFileId="6" StartOffset="4771"/>
</LocList>
</BasicStmnt>
</StmntSeq>
</Branch>
<Branch CovItemId="B4" CovItemPrefix="org.codecover.simplejavaapp.view.AppView.java" Implct="true" Intrnl_Id="701">
<Cond/>
<LocList/>
<StmntSeq Intrnl_Id="702">
<LocList/>
</StmntSeq>
</Branch>
<Keyword EndOffset="4675" SrcFileId="6" StartOffset="4673"/>
<LocList>
<Loc EndOffset="4832" SrcFileId="6" StartOffset="4673"/>
</LocList>
<RootTerm CovItemId="C2" CovItemPrefix="org.codecover.simplejavaapp.view.AppView.java" Intrnl_Id="703">
<BasicBoolTerm Intrnl_Id="704">
<LocList>
<Loc EndOffset="4755" SrcFileId="6" StartOffset="4677"/>
</LocList>
</BasicBoolTerm>
</RootTerm>
</CondStmnt>
<BasicStmnt CovItemId="S30" CovItemPrefix="org.codecover.simplejavaapp.view.AppView.java" Intrnl_Id="705">
<LocList>
<Loc EndOffset="4854" SrcFileId="6" StartOffset="4842"/>
</LocList>
</BasicStmnt>
</StmntSeq>
</HierarchyLvl>
<HierarchyLvl HierarchyLvlId="92" HierarchyLvlTypeId="14" Intrnl_Id="706" Name="showOpenDialog">
<Header>
<Loc EndOffset="5141" SrcFileId="6" StartOffset="5098"/>
</Header>
<LocList>
<Loc EndOffset="5551" SrcFileId="6" StartOffset="5098"/>
</LocList>
<StmntSeq Intrnl_Id="707">
<LocList>
<Loc EndOffset="5194" SrcFileId="6" StartOffset="5152"/>
<Loc EndOffset="5251" SrcFileId="6" StartOffset="5203"/>
<Loc EndOffset="5291" SrcFileId="6" StartOffset="5260"/>
<Loc EndOffset="5354" SrcFileId="6" StartOffset="5300"/>
<Loc EndOffset="5523" SrcFileId="6" StartOffset="5364"/>
<Loc EndOffset="5545" SrcFileId="6" StartOffset="5533"/>
</LocList>
<BasicStmnt CovItemId="S31" CovItemPrefix="org.codecover.simplejavaapp.view.AppView.java" Intrnl_Id="708">
<LocList>
<Loc EndOffset="5194" SrcFileId="6" StartOffset="5152"/>
</LocList>
</BasicStmnt>
<BasicStmnt CovItemId="S32" CovItemPrefix="org.codecover.simplejavaapp.view.AppView.java" Intrnl_Id="709">
<LocList>
<Loc EndOffset="5251" SrcFileId="6" StartOffset="5203"/>
</LocList>
</BasicStmnt>
<BasicStmnt CovItemId="S33" CovItemPrefix="org.codecover.simplejavaapp.view.AppView.java" Intrnl_Id="710">
<LocList>
<Loc EndOffset="5291" SrcFileId="6" StartOffset="5260"/>
</LocList>
</BasicStmnt>
<BasicStmnt CovItemId="S34" CovItemPrefix="org.codecover.simplejavaapp.view.AppView.java" Intrnl_Id="711">
<LocList>
<Loc EndOffset="5354" SrcFileId="6" StartOffset="5300"/>
</LocList>
</BasicStmnt>
<CondStmnt CovItemId="S35" CovItemPrefix="org.codecover.simplejavaapp.view.AppView.java" Intrnl_Id="712">
<Branch CovItemId="B5" CovItemPrefix="org.codecover.simplejavaapp.view.AppView.java" Implct="false" Intrnl_Id="713">
<Cond/>
<LocList>
<Loc EndOffset="5523" SrcFileId="6" StartOffset="5448"/>
</LocList>
<StmntSeq Intrnl_Id="714">
<LocList>
<Loc EndOffset="5513" SrcFileId="6" StartOffset="5462"/>
</LocList>
<BasicStmnt CovItemId="S36" CovItemPrefix="org.codecover.simplejavaapp.view.AppView.java" Intrnl_Id="715">
<LocList>
<Loc EndOffset="5513" SrcFileId="6" StartOffset="5462"/>
</LocList>
</BasicStmnt>
</StmntSeq>
</Branch>
<Branch CovItemId="B6" CovItemPrefix="org.codecover.simplejavaapp.view.AppView.java" Implct="true" Intrnl_Id="716">
<Cond/>
<LocList/>
<StmntSeq Intrnl_Id="717">
<LocList/>
</StmntSeq>
</Branch>
<Keyword EndOffset="5366" SrcFileId="6" StartOffset="5364"/>
<LocList>
<Loc EndOffset="5523" SrcFileId="6" StartOffset="5364"/>
</LocList>
<RootTerm CovItemId="C3" CovItemPrefix="org.codecover.simplejavaapp.view.AppView.java" Intrnl_Id="718">
<BasicBoolTerm Intrnl_Id="719">
<LocList>
<Loc EndOffset="5446" SrcFileId="6" StartOffset="5368"/>
</LocList>
</BasicBoolTerm>
</RootTerm>
</CondStmnt>
<BasicStmnt CovItemId="S37" CovItemPrefix="org.codecover.simplejavaapp.view.AppView.java" Intrnl_Id="720">
<LocList>
<Loc EndOffset="5545" SrcFileId="6" StartOffset="5533"/>
</LocList>
</BasicStmnt>
</StmntSeq>
</HierarchyLvl>
<HierarchyLvl HierarchyLvlId="93" HierarchyLvlTypeId="14" Intrnl_Id="721" Name="getWindowFromId">
<Header>
<Loc EndOffset="5605" SrcFileId="6" StartOffset="5557"/>
</Header>
<LocList>
<Loc EndOffset="5657" SrcFileId="6" StartOffset="5557"/>
</LocList>
<StmntSeq Intrnl_Id="722">
<LocList>
<Loc EndOffset="5651" SrcFileId="6" StartOffset="5616"/>
</LocList>
<BasicStmnt CovItemId="S38" CovItemPrefix="org.codecover.simplejavaapp.view.AppView.java" Intrnl_Id="723">
<LocList>
<Loc EndOffset="5651" SrcFileId="6" StartOffset="5616"/>
</LocList>
</BasicStmnt>
</StmntSeq>
</HierarchyLvl>
<HierarchyLvl HierarchyLvlId="94" HierarchyLvlTypeId="14" Intrnl_Id="724" Name="getAllFileIds">
<Header>
<Loc EndOffset="5687" SrcFileId="6" StartOffset="5663"/>
</Header>
<LocList>
<Loc EndOffset="5847" SrcFileId="6" StartOffset="5663"/>
</LocList>
<StmntSeq Intrnl_Id="725">
<LocList>
<Loc EndOffset="5743" SrcFileId="6" StartOffset="5698"/>
<Loc EndOffset="5792" SrcFileId="6" StartOffset="5752"/>
<Loc EndOffset="5820" SrcFileId="6" StartOffset="5801"/>
<Loc EndOffset="5841" SrcFileId="6" StartOffset="5830"/>
</LocList>
<BasicStmnt CovItemId="S39" CovItemPrefix="org.codecover.simplejavaapp.view.AppView.java" Intrnl_Id="726">
<LocList>
<Loc EndOffset="5743" SrcFileId="6" StartOffset="5698"/>
</LocList>
</BasicStmnt>
<BasicStmnt CovItemId="S40" CovItemPrefix="org.codecover.simplejavaapp.view.AppView.java" Intrnl_Id="727">
<LocList>
<Loc EndOffset="5792" SrcFileId="6" StartOffset="5752"/>
</LocList>
</BasicStmnt>
<BasicStmnt CovItemId="S41" CovItemPrefix="org.codecover.simplejavaapp.view.AppView.java" Intrnl_Id="728">
<LocList>
<Loc EndOffset="5820" SrcFileId="6" StartOffset="5801"/>
</LocList>
</BasicStmnt>
<BasicStmnt CovItemId="S42" CovItemPrefix="org.codecover.simplejavaapp.view.AppView.java" Intrnl_Id="729">
<LocList>
<Loc EndOffset="5841" SrcFileId="6" StartOffset="5830"/>
</LocList>
</BasicStmnt>
</StmntSeq>
</HierarchyLvl>
<HierarchyLvl HierarchyLvlId="97" HierarchyLvlTypeId="13" Intrnl_Id="730" Name="ViewListener">
<Header>
<Loc EndOffset="6067" SrcFileId="6" StartOffset="6038"/>
</Header>
<LocList>
<Loc EndOffset="6243" SrcFileId="6" StartOffset="6038"/>
<Loc EndOffset="7546" SrcFileId="6" StartOffset="7125"/>
</LocList>
<HierarchyLvl HierarchyLvlId="95" HierarchyLvlTypeId="10" Intrnl_Id="731" Name="ViewEvent">
<Header>
<Loc EndOffset="6257" SrcFileId="6" StartOffset="6243"/>
</Header>
<LocList>
<Loc EndOffset="7125" SrcFileId="6" StartOffset="6243"/>
</LocList>
</HierarchyLvl>
<HierarchyLvl HierarchyLvlId="96" HierarchyLvlTypeId="14" Intrnl_Id="732" Name="update">
<Header>
<Loc EndOffset="7539" SrcFileId="6" StartOffset="7472"/>
</Header>
<LocList>
<Loc EndOffset="7540" SrcFileId="6" StartOffset="7472"/>
</LocList>
</HierarchyLvl>
</HierarchyLvl>
</HierarchyLvl>
<HierarchyLvl HierarchyLvlId="137" HierarchyLvlTypeId="15" Intrnl_Id="733" Name="FrameMain">
<Header>
<Loc EndOffset="987" SrcFileId="7" StartOffset="922"/>
</Header>
<LocList>
<Loc EndOffset="9591" SrcFileId="7" StartOffset="922"/>
<Loc EndOffset="10339" SrcFileId="7" StartOffset="10333"/>
<Loc EndOffset="13301" SrcFileId="7" StartOffset="13299"/>
</LocList>
<StmntSeq Intrnl_Id="734">
<LocList>
<Loc EndOffset="1232" SrcFileId="7" StartOffset="994"/>
<Loc EndOffset="1299" SrcFileId="7" StartOffset="1238"/>
<Loc EndOffset="1363" SrcFileId="7" StartOffset="1305"/>
<Loc EndOffset="1466" SrcFileId="7" StartOffset="1424"/>
<Loc EndOffset="2020" SrcFileId="7" StartOffset="2019"/>
<Loc EndOffset="2066" SrcFileId="7" StartOffset="2026"/>
<Loc EndOffset="2519" SrcFileId="7" StartOffset="2518"/>
<Loc EndOffset="2569" SrcFileId="7" StartOffset="2525"/>
<Loc EndOffset="2945" SrcFileId="7" StartOffset="2944"/>
<Loc EndOffset="2990" SrcFileId="7" StartOffset="2951"/>
<Loc EndOffset="3406" SrcFileId="7" StartOffset="3405"/>
<Loc EndOffset="3449" SrcFileId="7" StartOffset="3412"/>
<Loc EndOffset="3802" SrcFileId="7" StartOffset="3801"/>
<Loc EndOffset="3845" SrcFileId="7" StartOffset="3808"/>
<Loc EndOffset="4214" SrcFileId="7" StartOffset="4213"/>
<Loc EndOffset="4257" SrcFileId="7" StartOffset="4220"/>
<Loc EndOffset="4622" SrcFileId="7" StartOffset="4621"/>
<Loc EndOffset="4667" SrcFileId="7" StartOffset="4628"/>
<Loc EndOffset="5164" SrcFileId="7" StartOffset="5163"/>
<Loc EndOffset="5224" SrcFileId="7" StartOffset="5170"/>
<Loc EndOffset="5457" SrcFileId="7" StartOffset="5456"/>
</LocList>
<BasicStmnt CovItemId="S1" CovItemPrefix="org.codecover.simplejavaapp.view.FrameMain.java" Intrnl_Id="735">
<LocList>
<Loc EndOffset="1232" SrcFileId="7" StartOffset="994"/>
</LocList>
</BasicStmnt>
<BasicStmnt CovItemId="S2" CovItemPrefix="org.codecover.simplejavaapp.view.FrameMain.java" Intrnl_Id="736">
<LocList>
<Loc EndOffset="1299" SrcFileId="7" StartOffset="1238"/>
</LocList>
</BasicStmnt>
<BasicStmnt CovItemId="S3" CovItemPrefix="org.codecover.simplejavaapp.view.FrameMain.java" Intrnl_Id="737">
<LocList>
<Loc EndOffset="1363" SrcFileId="7" StartOffset="1305"/>
</LocList>
</BasicStmnt>
<BasicStmnt CovItemId="S4" CovItemPrefix="org.codecover.simplejavaapp.view.FrameMain.java" Intrnl_Id="738">
<LocList>
<Loc EndOffset="1466" SrcFileId="7" StartOffset="1424"/>
<Loc EndOffset="2020" SrcFileId="7" StartOffset="2019"/>
</LocList>
</BasicStmnt>
<BasicStmnt CovItemId="S6" CovItemPrefix="org.codecover.simplejavaapp.view.FrameMain.java" Intrnl_Id="739">
<LocList>
<Loc EndOffset="2066" SrcFileId="7" StartOffset="2026"/>
<Loc EndOffset="2519" SrcFileId="7" StartOffset="2518"/>
</LocList>
</BasicStmnt>
<BasicStmnt CovItemId="S8" CovItemPrefix="org.codecover.simplejavaapp.view.FrameMain.java" Intrnl_Id="740">
<LocList>
<Loc EndOffset="2569" SrcFileId="7" StartOffset="2525"/>
<Loc EndOffset="2945" SrcFileId="7" StartOffset="2944"/>
</LocList>
</BasicStmnt>
<BasicStmnt CovItemId="S10" CovItemPrefix="org.codecover.simplejavaapp.view.FrameMain.java" Intrnl_Id="741">
<LocList>
<Loc EndOffset="2990" SrcFileId="7" StartOffset="2951"/>
<Loc EndOffset="3406" SrcFileId="7" StartOffset="3405"/>
</LocList>
</BasicStmnt>
<BasicStmnt CovItemId="S12" CovItemPrefix="org.codecover.simplejavaapp.view.FrameMain.java" Intrnl_Id="742">
<LocList>
<Loc EndOffset="3449" SrcFileId="7" StartOffset="3412"/>
<Loc EndOffset="3802" SrcFileId="7" StartOffset="3801"/>
</LocList>
</BasicStmnt>
<BasicStmnt CovItemId="S14" CovItemPrefix="org.codecover.simplejavaapp.view.FrameMain.java" Intrnl_Id="743">
<LocList>
<Loc EndOffset="3845" SrcFileId="7" StartOffset="3808"/>
<Loc EndOffset="4214" SrcFileId="7" StartOffset="4213"/>
</LocList>
</BasicStmnt>
<BasicStmnt CovItemId="S16" CovItemPrefix="org.codecover.simplejavaapp.view.FrameMain.java" Intrnl_Id="744">
<LocList>
<Loc EndOffset="4257" SrcFileId="7" StartOffset="4220"/>
<Loc EndOffset="4622" SrcFileId="7" StartOffset="4621"/>
</LocList>
</BasicStmnt>
<BasicStmnt CovItemId="S18" CovItemPrefix="org.codecover.simplejavaapp.view.FrameMain.java" Intrnl_Id="745">
<LocList>
<Loc EndOffset="4667" SrcFileId="7" StartOffset="4628"/>
<Loc EndOffset="5164" SrcFileId="7" StartOffset="5163"/>
</LocList>
</BasicStmnt>
<BasicStmnt CovItemId="S20" CovItemPrefix="org.codecover.simplejavaapp.view.FrameMain.java" Intrnl_Id="746">
<LocList>
<Loc EndOffset="5224" SrcFileId="7" StartOffset="5170"/>
<Loc EndOffset="5457" SrcFileId="7" StartOffset="5456"/>
</LocList>
</BasicStmnt>
</StmntSeq>
<HierarchyLvl HierarchyLvlId="100" HierarchyLvlTypeId="12" Intrnl_Id="747" Name="AppAction">
<Header>
<Loc EndOffset="1640" SrcFileId="7" StartOffset="1470"/>
</Header>
<LocList>
<Loc EndOffset="2019" SrcFileId="7" StartOffset="1466"/>
</LocList>
<HierarchyLvl HierarchyLvlId="99" HierarchyLvlTypeId="14" Intrnl_Id="748" Name="actionPerformed">
<Header>
<Loc EndOffset="1845" SrcFileId="7" StartOffset="1803"/>
</Header>
<LocList>
<Loc EndOffset="2013" SrcFileId="7" StartOffset="1803"/>
</LocList>
<StmntSeq Intrnl_Id="749">
<LocList>
<Loc EndOffset="2003" SrcFileId="7" StartOffset="1860"/>
</LocList>
<BasicStmnt CovItemId="S5" CovItemPrefix="org.codecover.simplejavaapp.view.FrameMain.java" Intrnl_Id="750">
<LocList>
<Loc EndOffset="2003" SrcFileId="7" StartOffset="1860"/>
</LocList>
</BasicStmnt>
</StmntSeq>
</HierarchyLvl>
</HierarchyLvl>
<HierarchyLvl HierarchyLvlId="102" HierarchyLvlTypeId="12" Intrnl_Id="751" Name="AppAction">
<Header>
<Loc EndOffset="2292" SrcFileId="7" StartOffset="2070"/>
</Header>
<LocList>
<Loc EndOffset="2518" SrcFileId="7" StartOffset="2066"/>
</LocList>
<HierarchyLvl HierarchyLvlId="101" HierarchyLvlTypeId="14" Intrnl_Id="752" Name="actionPerformed">
<Header>
<Loc EndOffset="2346" SrcFileId="7" StartOffset="2304"/>
</Header>
<LocList>
<Loc EndOffset="2512" SrcFileId="7" StartOffset="2304"/>
</LocList>
<StmntSeq Intrnl_Id="753">
<LocList>
<Loc EndOffset="2502" SrcFileId="7" StartOffset="2361"/>
</LocList>
<BasicStmnt CovItemId="S7" CovItemPrefix="org.codecover.simplejavaapp.view.FrameMain.java" Intrnl_Id="754">
<LocList>
<Loc EndOffset="2502" SrcFileId="7" StartOffset="2361"/>
</LocList>
</BasicStmnt>
</StmntSeq>
</HierarchyLvl>
</HierarchyLvl>
<HierarchyLvl HierarchyLvlId="104" HierarchyLvlTypeId="12" Intrnl_Id="755" Name="AppAction">
<Header>
<Loc EndOffset="2714" SrcFileId="7" StartOffset="2573"/>
</Header>
<LocList>
<Loc EndOffset="2944" SrcFileId="7" StartOffset="2569"/>
</LocList>
<HierarchyLvl HierarchyLvlId="103" HierarchyLvlTypeId="14" Intrnl_Id="756" Name="actionPerformed">
<Header>
<Loc EndOffset="2768" SrcFileId="7" StartOffset="2726"/>
</Header>
<LocList>
<Loc EndOffset="2938" SrcFileId="7" StartOffset="2726"/>
</LocList>
<StmntSeq Intrnl_Id="757">
<LocList>
<Loc EndOffset="2928" SrcFileId="7" StartOffset="2783"/>
</LocList>
<BasicStmnt CovItemId="S9" CovItemPrefix="org.codecover.simplejavaapp.view.FrameMain.java" Intrnl_Id="758">
<LocList>
<Loc EndOffset="2928" SrcFileId="7" StartOffset="2783"/>
</LocList>
</BasicStmnt>
</StmntSeq>
</HierarchyLvl>
</HierarchyLvl>
<HierarchyLvl HierarchyLvlId="106" HierarchyLvlTypeId="12" Intrnl_Id="759" Name="AppAction">
<Header>
<Loc EndOffset="3152" SrcFileId="7" StartOffset="2994"/>
</Header>
<LocList>
<Loc EndOffset="3405" SrcFileId="7" StartOffset="2990"/>
</LocList>
<HierarchyLvl HierarchyLvlId="105" HierarchyLvlTypeId="14" Intrnl_Id="760" Name="actionPerformed">
<Header>
<Loc EndOffset="3206" SrcFileId="7" StartOffset="3164"/>
</Header>
<LocList>
<Loc EndOffset="3399" SrcFileId="7" StartOffset="3164"/>
</LocList>
<StmntSeq Intrnl_Id="761">
<LocList>
<Loc EndOffset="3389" SrcFileId="7" StartOffset="3221"/>
</LocList>
<BasicStmnt CovItemId="S11" CovItemPrefix="org.codecover.simplejavaapp.view.FrameMain.java" Intrnl_Id="762">
<LocList>
<Loc EndOffset="3389" SrcFileId="7" StartOffset="3221"/>
</LocList>
</BasicStmnt>
</StmntSeq>
</HierarchyLvl>
</HierarchyLvl>
<HierarchyLvl HierarchyLvlId="108" HierarchyLvlTypeId="12" Intrnl_Id="763" Name="AppAction">
<Header>
<Loc EndOffset="3600" SrcFileId="7" StartOffset="3453"/>
</Header>
<LocList>
<Loc EndOffset="3801" SrcFileId="7" StartOffset="3449"/>
</LocList>
<HierarchyLvl HierarchyLvlId="107" HierarchyLvlTypeId="14" Intrnl_Id="764" Name="actionPerformed">
<Header>
<Loc EndOffset="3654" SrcFileId="7" StartOffset="3612"/>
</Header>
<LocList>
<Loc EndOffset="3795" SrcFileId="7" StartOffset="3612"/>
</LocList>
<StmntSeq Intrnl_Id="765">
<LocList>
<Loc EndOffset="3785" SrcFileId="7" StartOffset="3669"/>
</LocList>
<BasicStmnt CovItemId="S13" CovItemPrefix="org.codecover.simplejavaapp.view.FrameMain.java" Intrnl_Id="766">
<LocList>
<Loc EndOffset="3785" SrcFileId="7" StartOffset="3669"/>
</LocList>
</BasicStmnt>
</StmntSeq>
</HierarchyLvl>
</HierarchyLvl>
<HierarchyLvl HierarchyLvlId="110" HierarchyLvlTypeId="12" Intrnl_Id="767" Name="AppAction">
<Header>
<Loc EndOffset="3986" SrcFileId="7" StartOffset="3849"/>
</Header>
<LocList>
<Loc EndOffset="4213" SrcFileId="7" StartOffset="3845"/>
</LocList>
<HierarchyLvl HierarchyLvlId="109" HierarchyLvlTypeId="14" Intrnl_Id="768" Name="actionPerformed">
<Header>
<Loc EndOffset="4040" SrcFileId="7" StartOffset="3998"/>
</Header>
<LocList>
<Loc EndOffset="4207" SrcFileId="7" StartOffset="3998"/>
</LocList>
<StmntSeq Intrnl_Id="769">
<LocList>
<Loc EndOffset="4197" SrcFileId="7" StartOffset="4055"/>
</LocList>
<BasicStmnt CovItemId="S15" CovItemPrefix="org.codecover.simplejavaapp.view.FrameMain.java" Intrnl_Id="770">
<LocList>
<Loc EndOffset="4197" SrcFileId="7" StartOffset="4055"/>
</LocList>
</BasicStmnt>
</StmntSeq>
</HierarchyLvl>
</HierarchyLvl>
<HierarchyLvl HierarchyLvlId="112" HierarchyLvlTypeId="12" Intrnl_Id="771" Name="AppAction">
<Header>
<Loc EndOffset="4420" SrcFileId="7" StartOffset="4261"/>
</Header>
<LocList>
<Loc EndOffset="4621" SrcFileId="7" StartOffset="4257"/>
</LocList>
<HierarchyLvl HierarchyLvlId="111" HierarchyLvlTypeId="14" Intrnl_Id="772" Name="actionPerformed">
<Header>
<Loc EndOffset="4474" SrcFileId="7" StartOffset="4432"/>
</Header>
<LocList>
<Loc EndOffset="4615" SrcFileId="7" StartOffset="4432"/>
</LocList>
<StmntSeq Intrnl_Id="773">
<LocList>
<Loc EndOffset="4605" SrcFileId="7" StartOffset="4489"/>
</LocList>
<BasicStmnt CovItemId="S17" CovItemPrefix="org.codecover.simplejavaapp.view.FrameMain.java" Intrnl_Id="774">
<LocList>
<Loc EndOffset="4605" SrcFileId="7" StartOffset="4489"/>
</LocList>
</BasicStmnt>
</StmntSeq>
</HierarchyLvl>
</HierarchyLvl>
<HierarchyLvl HierarchyLvlId="114" HierarchyLvlTypeId="12" Intrnl_Id="775" Name="AppAction">
<Header>
<Loc EndOffset="4938" SrcFileId="7" StartOffset="4671"/>
</Header>
<LocList>
<Loc EndOffset="5163" SrcFileId="7" StartOffset="4667"/>
</LocList>
<HierarchyLvl HierarchyLvlId="113" HierarchyLvlTypeId="14" Intrnl_Id="776" Name="actionPerformed">
<Header>
<Loc EndOffset="4992" SrcFileId="7" StartOffset="4950"/>
</Header>
<LocList>
<Loc EndOffset="5157" SrcFileId="7" StartOffset="4950"/>
</LocList>
<StmntSeq Intrnl_Id="777">
<LocList>
<Loc EndOffset="5147" SrcFileId="7" StartOffset="5007"/>
</LocList>
<BasicStmnt CovItemId="S19" CovItemPrefix="org.codecover.simplejavaapp.view.FrameMain.java" Intrnl_Id="778">
<LocList>
<Loc EndOffset="5147" SrcFileId="7" StartOffset="5007"/>
</LocList>
</BasicStmnt>
</StmntSeq>
</HierarchyLvl>
</HierarchyLvl>
<HierarchyLvl HierarchyLvlId="116" HierarchyLvlTypeId="12" Intrnl_Id="779" Name="AppModelModifyListener">
<Header>
<Loc EndOffset="5252" SrcFileId="7" StartOffset="5228"/>
</Header>
<LocList>
<Loc EndOffset="5456" SrcFileId="7" StartOffset="5224"/>
</LocList>
<HierarchyLvl HierarchyLvlId="115" HierarchyLvlTypeId="14" Intrnl_Id="780" Name="appFileModified">
<Header>
<Loc EndOffset="5323" SrcFileId="7" StartOffset="5263"/>
</Header>
<LocList>
<Loc EndOffset="5450" SrcFileId="7" StartOffset="5263"/>
</LocList>
<StmntSeq Intrnl_Id="781">
<LocList>
<Loc EndOffset="5375" SrcFileId="7" StartOffset="5338"/>
<Loc EndOffset="5440" SrcFileId="7" StartOffset="5388"/>
</LocList>
<BasicStmnt CovItemId="S21" CovItemPrefix="org.codecover.simplejavaapp.view.FrameMain.java" Intrnl_Id="782">
<LocList>
<Loc EndOffset="5375" SrcFileId="7" StartOffset="5338"/>
</LocList>
</BasicStmnt>
<BasicStmnt CovItemId="S22" CovItemPrefix="org.codecover.simplejavaapp.view.FrameMain.java" Intrnl_Id="783">
<LocList>
<Loc EndOffset="5440" SrcFileId="7" StartOffset="5388"/>
</LocList>
</BasicStmnt>
</StmntSeq>
</HierarchyLvl>
</HierarchyLvl>
<HierarchyLvl HierarchyLvlId="119" HierarchyLvlTypeId="14" Intrnl_Id="784" Name="FrameMain">
<Header>
<Loc EndOffset="5501" SrcFileId="7" StartOffset="5463"/>
</Header>
<LocList>
<Loc EndOffset="6088" SrcFileId="7" StartOffset="5463"/>
</LocList>
<StmntSeq Intrnl_Id="785">
<LocList>
<Loc EndOffset="5554" SrcFileId="7" StartOffset="5512"/>
<Loc EndOffset="5614" SrcFileId="7" StartOffset="5563"/>
<Loc EndOffset="5646" SrcFileId="7" StartOffset="5623"/>
<Loc EndOffset="5950" SrcFileId="7" StartOffset="5948"/>
<Loc EndOffset="5980" SrcFileId="7" StartOffset="5959"/>
<Loc EndOffset="6013" SrcFileId="7" StartOffset="5990"/>
<Loc EndOffset="6055" SrcFileId="7" StartOffset="6022"/>
<Loc EndOffset="6082" SrcFileId="7" StartOffset="6065"/>
</LocList>
<BasicStmnt CovItemId="S23" CovItemPrefix="org.codecover.simplejavaapp.view.FrameMain.java" Intrnl_Id="786">
<LocList>
<Loc EndOffset="5554" SrcFileId="7" StartOffset="5512"/>
</LocList>
<QMO CovItemId="Q0" CovItemPrefix="org.codecover.simplejavaapp.view.FrameMain.java" Intrnl_Id="787">
<LocList>
<Loc EndOffset="5531" SrcFileId="7" StartOffset="5518"/>
</LocList>
<QMO_E CovItemId="Q0-0" CovItemPrefix="org.codecover.simplejavaapp.view.FrameMain.java" Intrnl_Id="788">
<LocList>
<Loc EndOffset="5544" SrcFileId="7" StartOffset="5534"/>
</LocList>
</QMO_E>
<QMO_E CovItemId="Q0-1" CovItemPrefix="org.codecover.simplejavaapp.view.FrameMain.java" Intrnl_Id="789">
<LocList>
<Loc EndOffset="5552" SrcFileId="7" StartOffset="5547"/>
</LocList>
</QMO_E>
</QMO>
</BasicStmnt>
<BasicStmnt CovItemId="S24" CovItemPrefix="org.codecover.simplejavaapp.view.FrameMain.java" Intrnl_Id="790">
<LocList>
<Loc EndOffset="5614" SrcFileId="7" StartOffset="5563"/>
</LocList>
</BasicStmnt>
<BasicStmnt CovItemId="S25" CovItemPrefix="org.codecover.simplejavaapp.view.FrameMain.java" Intrnl_Id="791">
<LocList>
<Loc EndOffset="5646" SrcFileId="7" StartOffset="5623"/>
<Loc EndOffset="5950" SrcFileId="7" StartOffset="5948"/>
</LocList>
</BasicStmnt>
<BasicStmnt CovItemId="S27" CovItemPrefix="org.codecover.simplejavaapp.view.FrameMain.java" Intrnl_Id="792">
<LocList>
<Loc EndOffset="5980" SrcFileId="7" StartOffset="5959"/>
</LocList>
</BasicStmnt>
<BasicStmnt CovItemId="S28" CovItemPrefix="org.codecover.simplejavaapp.view.FrameMain.java" Intrnl_Id="793">
<LocList>
<Loc EndOffset="6013" SrcFileId="7" StartOffset="5990"/>
</LocList>
</BasicStmnt>
<BasicStmnt CovItemId="S29" CovItemPrefix="org.codecover.simplejavaapp.view.FrameMain.java" Intrnl_Id="794">
<LocList>
<Loc EndOffset="6055" SrcFileId="7" StartOffset="6022"/>
</LocList>
</BasicStmnt>
<BasicStmnt CovItemId="S30" CovItemPrefix="org.codecover.simplejavaapp.view.FrameMain.java" Intrnl_Id="795">
<LocList>
<Loc EndOffset="6082" SrcFileId="7" StartOffset="6065"/>
</LocList>
</BasicStmnt>
</StmntSeq>
<HierarchyLvl HierarchyLvlId="118" HierarchyLvlTypeId="12" Intrnl_Id="796" Name="WindowAdapter">
<Header>
<Loc EndOffset="5665" SrcFileId="7" StartOffset="5650"/>
</Header>
<LocList>
<Loc EndOffset="5948" SrcFileId="7" StartOffset="5646"/>
</LocList>
<HierarchyLvl HierarchyLvlId="117" HierarchyLvlTypeId="14" Intrnl_Id="797" Name="windowClosing">
<Header>
<Loc EndOffset="5742" SrcFileId="7" StartOffset="5680"/>
</Header>
<LocList>
<Loc EndOffset="5938" SrcFileId="7" StartOffset="5680"/>
</LocList>
<StmntSeq Intrnl_Id="798">
<LocList>
<Loc EndOffset="5924" SrcFileId="7" StartOffset="5761"/>
</LocList>
<BasicStmnt CovItemId="S26" CovItemPrefix="org.codecover.simplejavaapp.view.FrameMain.java" Intrnl_Id="799">
<LocList>
<Loc EndOffset="5924" SrcFileId="7" StartOffset="5761"/>
</LocList>
</BasicStmnt>
</StmntSeq>
</HierarchyLvl>
</HierarchyLvl>
</HierarchyLvl>
<HierarchyLvl HierarchyLvlId="120" HierarchyLvlTypeId="14" Intrnl_Id="800" Name="initComponents">
<Header>
<Loc EndOffset="6129" SrcFileId="7" StartOffset="6094"/>
</Header>
<LocList>
<Loc EndOffset="6598" SrcFileId="7" StartOffset="6094"/>
</LocList>
<StmntSeq Intrnl_Id="801">
<LocList>
<Loc EndOffset="6175" SrcFileId="7" StartOffset="6140"/>
<Loc EndOffset="6201" SrcFileId="7" StartOffset="6185"/>
<Loc EndOffset="6226" SrcFileId="7" StartOffset="6210"/>
<Loc EndOffset="6282" SrcFileId="7" StartOffset="6236"/>
<Loc EndOffset="6320" SrcFileId="7" StartOffset="6291"/>
<Loc EndOffset="6371" SrcFileId="7" StartOffset="6329"/>
<Loc EndOffset="6433" SrcFileId="7" StartOffset="6380"/>
<Loc EndOffset="6485" SrcFileId="7" StartOffset="6443"/>
<Loc EndOffset="6592" SrcFileId="7" StartOffset="6496"/>
</LocList>
<BasicStmnt CovItemId="S31" CovItemPrefix="org.codecover.simplejavaapp.view.FrameMain.java" Intrnl_Id="802">
<LocList>
<Loc EndOffset="6175" SrcFileId="7" StartOffset="6140"/>
</LocList>
</BasicStmnt>
<BasicStmnt CovItemId="S32" CovItemPrefix="org.codecover.simplejavaapp.view.FrameMain.java" Intrnl_Id="803">
<LocList>
<Loc EndOffset="6201" SrcFileId="7" StartOffset="6185"/>
</LocList>
</BasicStmnt>
<BasicStmnt CovItemId="S33" CovItemPrefix="org.codecover.simplejavaapp.view.FrameMain.java" Intrnl_Id="804">
<LocList>
<Loc EndOffset="6226" SrcFileId="7" StartOffset="6210"/>
</LocList>
</BasicStmnt>
<BasicStmnt CovItemId="S34" CovItemPrefix="org.codecover.simplejavaapp.view.FrameMain.java" Intrnl_Id="805">
<LocList>
<Loc EndOffset="6282" SrcFileId="7" StartOffset="6236"/>
</LocList>
</BasicStmnt>
<BasicStmnt CovItemId="S35" CovItemPrefix="org.codecover.simplejavaapp.view.FrameMain.java" Intrnl_Id="806">
<LocList>
<Loc EndOffset="6320" SrcFileId="7" StartOffset="6291"/>
</LocList>
</BasicStmnt>
<BasicStmnt CovItemId="S36" CovItemPrefix="org.codecover.simplejavaapp.view.FrameMain.java" Intrnl_Id="807">
<LocList>
<Loc EndOffset="6371" SrcFileId="7" StartOffset="6329"/>
</LocList>
</BasicStmnt>
<BasicStmnt CovItemId="S37" CovItemPrefix="org.codecover.simplejavaapp.view.FrameMain.java" Intrnl_Id="808">
<LocList>
<Loc EndOffset="6433" SrcFileId="7" StartOffset="6380"/>
</LocList>
</BasicStmnt>
<BasicStmnt CovItemId="S38" CovItemPrefix="org.codecover.simplejavaapp.view.FrameMain.java" Intrnl_Id="809">
<LocList>
<Loc EndOffset="6485" SrcFileId="7" StartOffset="6443"/>
</LocList>
</BasicStmnt>
<BasicStmnt CovItemId="S39" CovItemPrefix="org.codecover.simplejavaapp.view.FrameMain.java" Intrnl_Id="810">
<LocList>
<Loc EndOffset="6592" SrcFileId="7" StartOffset="6496"/>
</LocList>
</BasicStmnt>
</StmntSeq>
</HierarchyLvl>
<HierarchyLvl HierarchyLvlId="121" HierarchyLvlTypeId="14" Intrnl_Id="811" Name="createToolbar">
<Header>
<Loc EndOffset="6638" SrcFileId="7" StartOffset="6604"/>
</Header>
<LocList>
<Loc EndOffset="7269" SrcFileId="7" StartOffset="6604"/>
</LocList>
<StmntSeq Intrnl_Id="812">
<LocList>
<Loc EndOffset="6692" SrcFileId="7" StartOffset="6649"/>
<Loc EndOffset="6729" SrcFileId="7" StartOffset="6701"/>
<Loc EndOffset="6764" SrcFileId="7" StartOffset="6738"/>
<Loc EndOffset="6811" SrcFileId="7" StartOffset="6773"/>
<Loc EndOffset="6885" SrcFileId="7" StartOffset="6821"/>
<Loc EndOffset="6922" SrcFileId="7" StartOffset="6894"/>
<Loc EndOffset="6960" SrcFileId="7" StartOffset="6931"/>
<Loc EndOffset="7026" SrcFileId="7" StartOffset="6970"/>
<Loc EndOffset="7058" SrcFileId="7" StartOffset="7035"/>
<Loc EndOffset="7091" SrcFileId="7" StartOffset="7067"/>
<Loc EndOffset="7124" SrcFileId="7" StartOffset="7101"/>
<Loc EndOffset="7194" SrcFileId="7" StartOffset="7134"/>
<Loc EndOffset="7228" SrcFileId="7" StartOffset="7203"/>
<Loc EndOffset="7263" SrcFileId="7" StartOffset="7237"/>
</LocList>
<BasicStmnt CovItemId="S40" CovItemPrefix="org.codecover.simplejavaapp.view.FrameMain.java" Intrnl_Id="813">
<LocList>
<Loc EndOffset="6692" SrcFileId="7" StartOffset="6649"/>
</LocList>
</BasicStmnt>
<BasicStmnt CovItemId="S41" CovItemPrefix="org.codecover.simplejavaapp.view.FrameMain.java" Intrnl_Id="814">
<LocList>
<Loc EndOffset="6729" SrcFileId="7" StartOffset="6701"/>
</LocList>
</BasicStmnt>
<BasicStmnt CovItemId="S42" CovItemPrefix="org.codecover.simplejavaapp.view.FrameMain.java" Intrnl_Id="815">
<LocList>
<Loc EndOffset="6764" SrcFileId="7" StartOffset="6738"/>
</LocList>
</BasicStmnt>
<BasicStmnt CovItemId="S43" CovItemPrefix="org.codecover.simplejavaapp.view.FrameMain.java" Intrnl_Id="816">
<LocList>
<Loc EndOffset="6811" SrcFileId="7" StartOffset="6773"/>
</LocList>
</BasicStmnt>
<BasicStmnt CovItemId="S44" CovItemPrefix="org.codecover.simplejavaapp.view.FrameMain.java" Intrnl_Id="817">
<LocList>
<Loc EndOffset="6885" SrcFileId="7" StartOffset="6821"/>
</LocList>
</BasicStmnt>
<BasicStmnt CovItemId="S45" CovItemPrefix="org.codecover.simplejavaapp.view.FrameMain.java" Intrnl_Id="818">
<LocList>
<Loc EndOffset="6922" SrcFileId="7" StartOffset="6894"/>
</LocList>
</BasicStmnt>
<BasicStmnt CovItemId="S46" CovItemPrefix="org.codecover.simplejavaapp.view.FrameMain.java" Intrnl_Id="819">
<LocList>
<Loc EndOffset="6960" SrcFileId="7" StartOffset="6931"/>
</LocList>
</BasicStmnt>
<BasicStmnt CovItemId="S47" CovItemPrefix="org.codecover.simplejavaapp.view.FrameMain.java" Intrnl_Id="820">
<LocList>
<Loc EndOffset="7026" SrcFileId="7" StartOffset="6970"/>
</LocList>
</BasicStmnt>
<BasicStmnt CovItemId="S48" CovItemPrefix="org.codecover.simplejavaapp.view.FrameMain.java" Intrnl_Id="821">
<LocList>
<Loc EndOffset="7058" SrcFileId="7" StartOffset="7035"/>
</LocList>
</BasicStmnt>
<BasicStmnt CovItemId="S49" CovItemPrefix="org.codecover.simplejavaapp.view.FrameMain.java" Intrnl_Id="822">
<LocList>
<Loc EndOffset="7091" SrcFileId="7" StartOffset="7067"/>
</LocList>
</BasicStmnt>
<BasicStmnt CovItemId="S50" CovItemPrefix="org.codecover.simplejavaapp.view.FrameMain.java" Intrnl_Id="823">
<LocList>
<Loc EndOffset="7124" SrcFileId="7" StartOffset="7101"/>
</LocList>
</BasicStmnt>
<BasicStmnt CovItemId="S51" CovItemPrefix="org.codecover.simplejavaapp.view.FrameMain.java" Intrnl_Id="824">
<LocList>
<Loc EndOffset="7194" SrcFileId="7" StartOffset="7134"/>
</LocList>
</BasicStmnt>
<BasicStmnt CovItemId="S52" CovItemPrefix="org.codecover.simplejavaapp.view.FrameMain.java" Intrnl_Id="825">
<LocList>
<Loc EndOffset="7228" SrcFileId="7" StartOffset="7203"/>
</LocList>
</BasicStmnt>
<BasicStmnt CovItemId="S53" CovItemPrefix="org.codecover.simplejavaapp.view.FrameMain.java" Intrnl_Id="826">
<LocList>
<Loc EndOffset="7263" SrcFileId="7" StartOffset="7237"/>
</LocList>
</BasicStmnt>
</StmntSeq>
</HierarchyLvl>
<HierarchyLvl HierarchyLvlId="122" HierarchyLvlTypeId="14" Intrnl_Id="827" Name="createMenuBar">
<Header>
<Loc EndOffset="7309" SrcFileId="7" StartOffset="7275"/>
</Header>
<LocList>
<Loc EndOffset="8399" SrcFileId="7" StartOffset="7275"/>
</LocList>
<StmntSeq Intrnl_Id="828">
<LocList>
<Loc EndOffset="7354" SrcFileId="7" StartOffset="7320"/>
<Loc EndOffset="7389" SrcFileId="7" StartOffset="7363"/>
<Loc EndOffset="7434" SrcFileId="7" StartOffset="7399"/>
<Loc EndOffset="7465" SrcFileId="7" StartOffset="7443"/>
<Loc EndOffset="7524" SrcFileId="7" StartOffset="7474"/>
<Loc EndOffset="7598" SrcFileId="7" StartOffset="7534"/>
<Loc EndOffset="7633" SrcFileId="7" StartOffset="7607"/>
<Loc EndOffset="7668" SrcFileId="7" StartOffset="7642"/>
<Loc EndOffset="7723" SrcFileId="7" StartOffset="7678"/>
<Loc EndOffset="7784" SrcFileId="7" StartOffset="7732"/>
<Loc EndOffset="7817" SrcFileId="7" StartOffset="7793"/>
<Loc EndOffset="7885" SrcFileId="7" StartOffset="7827"/>
<Loc EndOffset="7917" SrcFileId="7" StartOffset="7894"/>
<Loc EndOffset="7949" SrcFileId="7" StartOffset="7926"/>
<Loc EndOffset="8021" SrcFileId="7" StartOffset="7959"/>
<Loc EndOffset="8055" SrcFileId="7" StartOffset="8030"/>
<Loc EndOffset="8089" SrcFileId="7" StartOffset="8064"/>
<Loc EndOffset="8123" SrcFileId="7" StartOffset="8099"/>
<Loc EndOffset="8177" SrcFileId="7" StartOffset="8132"/>
<Loc EndOffset="8222" SrcFileId="7" StartOffset="8187"/>
<Loc EndOffset="8253" SrcFileId="7" StartOffset="8231"/>
<Loc EndOffset="8325" SrcFileId="7" StartOffset="8263"/>
<Loc EndOffset="8359" SrcFileId="7" StartOffset="8334"/>
<Loc EndOffset="8393" SrcFileId="7" StartOffset="8368"/>
</LocList>
<BasicStmnt CovItemId="S54" CovItemPrefix="org.codecover.simplejavaapp.view.FrameMain.java" Intrnl_Id="829">
<LocList>
<Loc EndOffset="7354" SrcFileId="7" StartOffset="7320"/>
</LocList>
</BasicStmnt>
<BasicStmnt CovItemId="S55" CovItemPrefix="org.codecover.simplejavaapp.view.FrameMain.java" Intrnl_Id="830">
<LocList>
<Loc EndOffset="7389" SrcFileId="7" StartOffset="7363"/>
</LocList>
</BasicStmnt>
<BasicStmnt CovItemId="S56" CovItemPrefix="org.codecover.simplejavaapp.view.FrameMain.java" Intrnl_Id="831">
<LocList>
<Loc EndOffset="7434" SrcFileId="7" StartOffset="7399"/>
</LocList>
</BasicStmnt>
<BasicStmnt CovItemId="S57" CovItemPrefix="org.codecover.simplejavaapp.view.FrameMain.java" Intrnl_Id="832">
<LocList>
<Loc EndOffset="7465" SrcFileId="7" StartOffset="7443"/>
</LocList>
</BasicStmnt>
<BasicStmnt CovItemId="S58" CovItemPrefix="org.codecover.simplejavaapp.view.FrameMain.java" Intrnl_Id="833">
<LocList>
<Loc EndOffset="7524" SrcFileId="7" StartOffset="7474"/>
</LocList>
</BasicStmnt>
<BasicStmnt CovItemId="S59" CovItemPrefix="org.codecover.simplejavaapp.view.FrameMain.java" Intrnl_Id="834">
<LocList>
<Loc EndOffset="7598" SrcFileId="7" StartOffset="7534"/>
</LocList>
</BasicStmnt>
<BasicStmnt CovItemId="S60" CovItemPrefix="org.codecover.simplejavaapp.view.FrameMain.java" Intrnl_Id="835">
<LocList>
<Loc EndOffset="7633" SrcFileId="7" StartOffset="7607"/>
</LocList>
</BasicStmnt>
<BasicStmnt CovItemId="S61" CovItemPrefix="org.codecover.simplejavaapp.view.FrameMain.java" Intrnl_Id="836">
<LocList>
<Loc EndOffset="7668" SrcFileId="7" StartOffset="7642"/>
</LocList>
</BasicStmnt>
<BasicStmnt CovItemId="S62" CovItemPrefix="org.codecover.simplejavaapp.view.FrameMain.java" Intrnl_Id="837">
<LocList>
<Loc EndOffset="7723" SrcFileId="7" StartOffset="7678"/>
</LocList>
</BasicStmnt>
<BasicStmnt CovItemId="S63" CovItemPrefix="org.codecover.simplejavaapp.view.FrameMain.java" Intrnl_Id="838">
<LocList>
<Loc EndOffset="7784" SrcFileId="7" StartOffset="7732"/>
</LocList>
</BasicStmnt>
<BasicStmnt CovItemId="S64" CovItemPrefix="org.codecover.simplejavaapp.view.FrameMain.java" Intrnl_Id="839">
<LocList>
<Loc EndOffset="7817" SrcFileId="7" StartOffset="7793"/>
</LocList>
</BasicStmnt>
<BasicStmnt CovItemId="S65" CovItemPrefix="org.codecover.simplejavaapp.view.FrameMain.java" Intrnl_Id="840">
<LocList>
<Loc EndOffset="7885" SrcFileId="7" StartOffset="7827"/>
</LocList>
</BasicStmnt>
<BasicStmnt CovItemId="S66" CovItemPrefix="org.codecover.simplejavaapp.view.FrameMain.java" Intrnl_Id="841">
<LocList>
<Loc EndOffset="7917" SrcFileId="7" StartOffset="7894"/>
</LocList>
</BasicStmnt>
<BasicStmnt CovItemId="S67" CovItemPrefix="org.codecover.simplejavaapp.view.FrameMain.java" Intrnl_Id="842">
<LocList>
<Loc EndOffset="7949" SrcFileId="7" StartOffset="7926"/>
</LocList>
</BasicStmnt>
<BasicStmnt CovItemId="S68" CovItemPrefix="org.codecover.simplejavaapp.view.FrameMain.java" Intrnl_Id="843">
<LocList>
<Loc EndOffset="8021" SrcFileId="7" StartOffset="7959"/>
</LocList>
</BasicStmnt>
<BasicStmnt CovItemId="S69" CovItemPrefix="org.codecover.simplejavaapp.view.FrameMain.java" Intrnl_Id="844">
<LocList>
<Loc EndOffset="8055" SrcFileId="7" StartOffset="8030"/>
</LocList>
</BasicStmnt>
<BasicStmnt CovItemId="S70" CovItemPrefix="org.codecover.simplejavaapp.view.FrameMain.java" Intrnl_Id="845">
<LocList>
<Loc EndOffset="8089" SrcFileId="7" StartOffset="8064"/>
</LocList>
</BasicStmnt>
<BasicStmnt CovItemId="S71" CovItemPrefix="org.codecover.simplejavaapp.view.FrameMain.java" Intrnl_Id="846">
<LocList>
<Loc EndOffset="8123" SrcFileId="7" StartOffset="8099"/>
</LocList>
</BasicStmnt>
<BasicStmnt CovItemId="S72" CovItemPrefix="org.codecover.simplejavaapp.view.FrameMain.java" Intrnl_Id="847">
<LocList>
<Loc EndOffset="8177" SrcFileId="7" StartOffset="8132"/>
</LocList>
</BasicStmnt>
<BasicStmnt CovItemId="S73" CovItemPrefix="org.codecover.simplejavaapp.view.FrameMain.java" Intrnl_Id="848">
<LocList>
<Loc EndOffset="8222" SrcFileId="7" StartOffset="8187"/>
</LocList>
</BasicStmnt>
<BasicStmnt CovItemId="S74" CovItemPrefix="org.codecover.simplejavaapp.view.FrameMain.java" Intrnl_Id="849">
<LocList>
<Loc EndOffset="8253" SrcFileId="7" StartOffset="8231"/>
</LocList>
</BasicStmnt>
<BasicStmnt CovItemId="S75" CovItemPrefix="org.codecover.simplejavaapp.view.FrameMain.java" Intrnl_Id="850">
<LocList>
<Loc EndOffset="8325" SrcFileId="7" StartOffset="8263"/>
</LocList>
</BasicStmnt>
<BasicStmnt CovItemId="S76" CovItemPrefix="org.codecover.simplejavaapp.view.FrameMain.java" Intrnl_Id="851">
<LocList>
<Loc EndOffset="8359" SrcFileId="7" StartOffset="8334"/>
</LocList>
</BasicStmnt>
<BasicStmnt CovItemId="S77" CovItemPrefix="org.codecover.simplejavaapp.view.FrameMain.java" Intrnl_Id="852">
<LocList>
<Loc EndOffset="8393" SrcFileId="7" StartOffset="8368"/>
</LocList>
</BasicStmnt>
</StmntSeq>
</HierarchyLvl>
<HierarchyLvl HierarchyLvlId="123" HierarchyLvlTypeId="14" Intrnl_Id="853" Name="getBookList">
<Header>
<Loc EndOffset="8437" SrcFileId="7" StartOffset="8405"/>
</Header>
<LocList>
<Loc EndOffset="8505" SrcFileId="7" StartOffset="8405"/>
</LocList>
<StmntSeq Intrnl_Id="854">
<LocList>
<Loc EndOffset="8499" SrcFileId="7" StartOffset="8448"/>
</LocList>
<BasicStmnt CovItemId="S78" CovItemPrefix="org.codecover.simplejavaapp.view.FrameMain.java" Intrnl_Id="855">
<LocList>
<Loc EndOffset="8499" SrcFileId="7" StartOffset="8448"/>
</LocList>
</BasicStmnt>
</StmntSeq>
</HierarchyLvl>
<HierarchyLvl HierarchyLvlId="124" HierarchyLvlTypeId="14" Intrnl_Id="856" Name="getSelectedBooks">
<Header>
<Loc EndOffset="8546" SrcFileId="7" StartOffset="8511"/>
</Header>
<LocList>
<Loc EndOffset="8853" SrcFileId="7" StartOffset="8511"/>
</LocList>
<StmntSeq Intrnl_Id="857">
<LocList>
<Loc EndOffset="8593" SrcFileId="7" StartOffset="8557"/>
<Loc EndOffset="8647" SrcFileId="7" StartOffset="8602"/>
<Loc EndOffset="8702" SrcFileId="7" StartOffset="8656"/>
<Loc EndOffset="8822" SrcFileId="7" StartOffset="8711"/>
<Loc EndOffset="8847" SrcFileId="7" StartOffset="8832"/>
</LocList>
<BasicStmnt CovItemId="S79" CovItemPrefix="org.codecover.simplejavaapp.view.FrameMain.java" Intrnl_Id="858">
<LocList>
<Loc EndOffset="8593" SrcFileId="7" StartOffset="8557"/>
</LocList>
</BasicStmnt>
<BasicStmnt CovItemId="S80" CovItemPrefix="org.codecover.simplejavaapp.view.FrameMain.java" Intrnl_Id="859">
<LocList>
<Loc EndOffset="8647" SrcFileId="7" StartOffset="8602"/>
</LocList>
</BasicStmnt>
<BasicStmnt CovItemId="S81" CovItemPrefix="org.codecover.simplejavaapp.view.FrameMain.java" Intrnl_Id="860">
<LocList>
<Loc EndOffset="8702" SrcFileId="7" StartOffset="8656"/>
</LocList>
</BasicStmnt>
<LoopStmnt CovItemId="S82" CovItemPrefix="org.codecover.simplejavaapp.view.FrameMain.java" Intrnl_Id="861" MltplExecId="L1-2" MltplExecPrefix="org.codecover.simplejavaapp.view.FrameMain.java" NvrExecId="L1-0" NvrExecPrefix="org.codecover.simplejavaapp.view.FrameMain.java" OnceExecutedId="L1-1" OnceExecutedPrefix="org.codecover.simplejavaapp.view.FrameMain.java" OptBodyExec="true">
<StmntSeq Intrnl_Id="862">
<LocList>
<Loc EndOffset="8812" SrcFileId="7" StartOffset="8766"/>
</LocList>
<BasicStmnt CovItemId="S83" CovItemPrefix="org.codecover.simplejavaapp.view.FrameMain.java" Intrnl_Id="863">
<LocList>
<Loc EndOffset="8812" SrcFileId="7" StartOffset="8766"/>
</LocList>
</BasicStmnt>
</StmntSeq>
<Keyword EndOffset="8714" SrcFileId="7" StartOffset="8711"/>
<LocList>
<Loc EndOffset="8822" SrcFileId="7" StartOffset="8711"/>
</LocList>
<RootTerm CovItemId="C1" CovItemPrefix="org.codecover.simplejavaapp.view.FrameMain.java" Intrnl_Id="864">
<BasicBoolTerm Intrnl_Id="865">
<LocList>
<Loc EndOffset="8745" SrcFileId="7" StartOffset="8727"/>
</LocList>
</BasicBoolTerm>
</RootTerm>
</LoopStmnt>
<BasicStmnt CovItemId="S84" CovItemPrefix="org.codecover.simplejavaapp.view.FrameMain.java" Intrnl_Id="866">
<LocList>
<Loc EndOffset="8847" SrcFileId="7" StartOffset="8832"/>
</LocList>
</BasicStmnt>
</StmntSeq>
</HierarchyLvl>
<HierarchyLvl HierarchyLvlId="125" HierarchyLvlTypeId="14" Intrnl_Id="867" Name="updateTitle">
<Header>
<Loc EndOffset="8901" SrcFileId="7" StartOffset="8859"/>
</Header>
<LocList>
<Loc EndOffset="9127" SrcFileId="7" StartOffset="8859"/>
</LocList>
<StmntSeq Intrnl_Id="868">
<LocList>
<Loc EndOffset="9034" SrcFileId="7" StartOffset="8912"/>
<Loc EndOffset="9095" SrcFileId="7" StartOffset="9044"/>
<Loc EndOffset="9121" SrcFileId="7" StartOffset="9105"/>
</LocList>
<BasicStmnt CovItemId="S85" CovItemPrefix="org.codecover.simplejavaapp.view.FrameMain.java" Intrnl_Id="869">
<LocList>
<Loc EndOffset="9034" SrcFileId="7" StartOffset="8912"/>
</LocList>
<QMO CovItemId="Q1" CovItemPrefix="org.codecover.simplejavaapp.view.FrameMain.java" Intrnl_Id="870">
<LocList>
<Loc EndOffset="8968" SrcFileId="7" StartOffset="8928"/>
</LocList>
<QMO_E CovItemId="Q1-0" CovItemPrefix="org.codecover.simplejavaapp.view.FrameMain.java" Intrnl_Id="871">
<LocList>
<Loc EndOffset="8981" SrcFileId="7" StartOffset="8971"/>
</LocList>
</QMO_E>
<QMO_E CovItemId="Q1-1" CovItemPrefix="org.codecover.simplejavaapp.view.FrameMain.java" Intrnl_Id="872">
<LocList>
<Loc EndOffset="9032" SrcFileId="7" StartOffset="9000"/>
</LocList>
</QMO_E>
</QMO>
</BasicStmnt>
<CondStmnt CovItemId="S86" CovItemPrefix="org.codecover.simplejavaapp.view.FrameMain.java" Intrnl_Id="873">
<Branch CovItemId="B1" CovItemPrefix="org.codecover.simplejavaapp.view.FrameMain.java" Implct="false" Intrnl_Id="874">
<Cond/>
<LocList>
<Loc EndOffset="9095" SrcFileId="7" StartOffset="9058"/>
</LocList>
<StmntSeq Intrnl_Id="875">
<LocList>
<Loc EndOffset="9085" SrcFileId="7" StartOffset="9072"/>
</LocList>
<BasicStmnt CovItemId="S87" CovItemPrefix="org.codecover.simplejavaapp.view.FrameMain.java" Intrnl_Id="876">
<LocList>
<Loc EndOffset="9085" SrcFileId="7" StartOffset="9072"/>
</LocList>
</BasicStmnt>
</StmntSeq>
</Branch>
<Branch CovItemId="B2" CovItemPrefix="org.codecover.simplejavaapp.view.FrameMain.java" Implct="true" Intrnl_Id="877">
<Cond/>
<LocList/>
<StmntSeq Intrnl_Id="878">
<LocList/>
</StmntSeq>
</Branch>
<Keyword EndOffset="9046" SrcFileId="7" StartOffset="9044"/>
<LocList>
<Loc EndOffset="9095" SrcFileId="7" StartOffset="9044"/>
</LocList>
<RootTerm CovItemId="C2" CovItemPrefix="org.codecover.simplejavaapp.view.FrameMain.java" Intrnl_Id="879">
<BasicBoolTerm Intrnl_Id="880">
<LocList>
<Loc EndOffset="9056" SrcFileId="7" StartOffset="9048"/>
</LocList>
</BasicBoolTerm>
</RootTerm>
</CondStmnt>
<BasicStmnt CovItemId="S88" CovItemPrefix="org.codecover.simplejavaapp.view.FrameMain.java" Intrnl_Id="881">
<LocList>
<Loc EndOffset="9121" SrcFileId="7" StartOffset="9105"/>
</LocList>
</BasicStmnt>
</StmntSeq>
</HierarchyLvl>
<HierarchyLvl HierarchyLvlId="126" HierarchyLvlTypeId="14" Intrnl_Id="882" Name="setFileId">
<Header>
<Loc EndOffset="9276" SrcFileId="7" StartOffset="9240"/>
</Header>
<LocList>
<Loc EndOffset="9585" SrcFileId="7" StartOffset="9240"/>
</LocList>
<StmntSeq Intrnl_Id="883">
<LocList>
<Loc EndOffset="9380" SrcFileId="7" StartOffset="9287"/>
<Loc EndOffset="9410" SrcFileId="7" StartOffset="9389"/>
<Loc EndOffset="9515" SrcFileId="7" StartOffset="9419"/>
<Loc EndOffset="9548" SrcFileId="7" StartOffset="9524"/>
<Loc EndOffset="9579" SrcFileId="7" StartOffset="9557"/>
</LocList>
<BasicStmnt CovItemId="S89" CovItemPrefix="org.codecover.simplejavaapp.view.FrameMain.java" Intrnl_Id="884">
<LocList>
<Loc EndOffset="9380" SrcFileId="7" StartOffset="9287"/>
</LocList>
</BasicStmnt>
<BasicStmnt CovItemId="S90" CovItemPrefix="org.codecover.simplejavaapp.view.FrameMain.java" Intrnl_Id="885">
<LocList>
<Loc EndOffset="9410" SrcFileId="7" StartOffset="9389"/>
</LocList>
</BasicStmnt>
<BasicStmnt CovItemId="S91" CovItemPrefix="org.codecover.simplejavaapp.view.FrameMain.java" Intrnl_Id="886">
<LocList>
<Loc EndOffset="9515" SrcFileId="7" StartOffset="9419"/>
</LocList>
</BasicStmnt>
<BasicStmnt CovItemId="S92" CovItemPrefix="org.codecover.simplejavaapp.view.FrameMain.java" Intrnl_Id="887">
<LocList>
<Loc EndOffset="9548" SrcFileId="7" StartOffset="9524"/>
</LocList>
</BasicStmnt>
<BasicStmnt CovItemId="S93" CovItemPrefix="org.codecover.simplejavaapp.view.FrameMain.java" Intrnl_Id="888">
<LocList>
<Loc EndOffset="9579" SrcFileId="7" StartOffset="9557"/>
</LocList>
</BasicStmnt>
</StmntSeq>
</HierarchyLvl>
<HierarchyLvl HierarchyLvlId="128" HierarchyLvlTypeId="15" Intrnl_Id="889" Name="AppAction">
<Header>
<Loc EndOffset="9646" SrcFileId="7" StartOffset="9591"/>
</Header>
<LocList>
<Loc EndOffset="10333" SrcFileId="7" StartOffset="9591"/>
</LocList>
<HierarchyLvl HierarchyLvlId="127" HierarchyLvlTypeId="14" Intrnl_Id="890" Name="AppAction">
<Header>
<Loc EndOffset="10108" SrcFileId="7" StartOffset="10010"/>
</Header>
<LocList>
<Loc EndOffset="10327" SrcFileId="7" StartOffset="10010"/>
</LocList>
<StmntSeq Intrnl_Id="891">
<LocList>
<Loc EndOffset="10141" SrcFileId="7" StartOffset="10123"/>
<Loc EndOffset="10200" SrcFileId="7" StartOffset="10154"/>
<Loc EndOffset="10317" SrcFileId="7" StartOffset="10213"/>
</LocList>
<BasicStmnt CovItemId="S94" CovItemPrefix="org.codecover.simplejavaapp.view.FrameMain.java" Intrnl_Id="892">
<LocList>
<Loc EndOffset="10141" SrcFileId="7" StartOffset="10123"/>
</LocList>
</BasicStmnt>
<BasicStmnt CovItemId="S95" CovItemPrefix="org.codecover.simplejavaapp.view.FrameMain.java" Intrnl_Id="893">
<LocList>
<Loc EndOffset="10200" SrcFileId="7" StartOffset="10154"/>
</LocList>
</BasicStmnt>
<CondStmnt CovItemId="S96" CovItemPrefix="org.codecover.simplejavaapp.view.FrameMain.java" Intrnl_Id="894">
<Branch CovItemId="B3" CovItemPrefix="org.codecover.simplejavaapp.view.FrameMain.java" Implct="false" Intrnl_Id="895">
<Cond/>
<LocList>
<Loc EndOffset="10317" SrcFileId="7" StartOffset="10236"/>
</LocList>
<StmntSeq Intrnl_Id="896">
<LocList>
<Loc EndOffset="10303" SrcFileId="7" StartOffset="10254"/>
</LocList>
<BasicStmnt CovItemId="S97" CovItemPrefix="org.codecover.simplejavaapp.view.FrameMain.java" Intrnl_Id="897">
<LocList>
<Loc EndOffset="10303" SrcFileId="7" StartOffset="10254"/>
</LocList>
</BasicStmnt>
</StmntSeq>
</Branch>
<Branch CovItemId="B4" CovItemPrefix="org.codecover.simplejavaapp.view.FrameMain.java" Implct="true" Intrnl_Id="898">
<Cond/>
<LocList/>
<StmntSeq Intrnl_Id="899">
<LocList/>
</StmntSeq>
</Branch>
<Keyword EndOffset="10215" SrcFileId="7" StartOffset="10213"/>
<LocList>
<Loc EndOffset="10317" SrcFileId="7" StartOffset="10213"/>
</LocList>
<RootTerm CovItemId="C3" CovItemPrefix="org.codecover.simplejavaapp.view.FrameMain.java" Intrnl_Id="900">
<BasicBoolTerm Intrnl_Id="901">
<LocList>
<Loc EndOffset="10234" SrcFileId="7" StartOffset="10217"/>
</LocList>
</BasicBoolTerm>
</RootTerm>
</CondStmnt>
</StmntSeq>
</HierarchyLvl>
</HierarchyLvl>
<HierarchyLvl HierarchyLvlId="136" HierarchyLvlTypeId="15" Intrnl_Id="902" Name="BookTableModel">
<Header>
<Loc EndOffset="10400" SrcFileId="7" StartOffset="10339"/>
</Header>
<LocList>
<Loc EndOffset="13299" SrcFileId="7" StartOffset="10339"/>
</LocList>
<HierarchyLvl HierarchyLvlId="129" HierarchyLvlTypeId="14" Intrnl_Id="903" Name="getColumnClass">
<Header>
<Loc EndOffset="10603" SrcFileId="7" StartOffset="10538"/>
</Header>
<LocList>
<Loc EndOffset="10950" SrcFileId="7" StartOffset="10538"/>
</LocList>
<StmntSeq Intrnl_Id="904">
<LocList>
<Loc EndOffset="10915" SrcFileId="7" StartOffset="10618"/>
<Loc EndOffset="10940" SrcFileId="7" StartOffset="10928"/>
</LocList>
<CondStmnt CovItemId="S98" CovItemPrefix="org.codecover.simplejavaapp.view.FrameMain.java" Intrnl_Id="905">
<Branch CovItemId="B5" CovItemPrefix="org.codecover.simplejavaapp.view.FrameMain.java" Implct="false" Intrnl_Id="906">
<Cond>
<Loc EndOffset="10663" SrcFileId="7" StartOffset="10657"/>
</Cond>
<LocList>
<Loc EndOffset="10705" SrcFileId="7" StartOffset="10685"/>
</LocList>
<StmntSeq Intrnl_Id="907">
<LocList>
<Loc EndOffset="10705" SrcFileId="7" StartOffset="10685"/>
</LocList>
<BasicStmnt CovItemId="S99" CovItemPrefix="org.codecover.simplejavaapp.view.FrameMain.java" Intrnl_Id="908">
<LocList>
<Loc EndOffset="10705" SrcFileId="7" StartOffset="10685"/>
</LocList>
</BasicStmnt>
</StmntSeq>
</Branch>
<Branch CovItemId="B6" CovItemPrefix="org.codecover.simplejavaapp.view.FrameMain.java" Implct="false" Intrnl_Id="909">
<Cond>
<Loc EndOffset="10728" SrcFileId="7" StartOffset="10722"/>
</Cond>
<LocList>
<Loc EndOffset="10770" SrcFileId="7" StartOffset="10750"/>
</LocList>
<StmntSeq Intrnl_Id="910">
<LocList>
<Loc EndOffset="10770" SrcFileId="7" StartOffset="10750"/>
</LocList>
<BasicStmnt CovItemId="S100" CovItemPrefix="org.codecover.simplejavaapp.view.FrameMain.java" Intrnl_Id="911">
<LocList>
<Loc EndOffset="10770" SrcFileId="7" StartOffset="10750"/>
</LocList>
</BasicStmnt>
</StmntSeq>
</Branch>
<Branch CovItemId="B7" CovItemPrefix="org.codecover.simplejavaapp.view.FrameMain.java" Implct="false" Intrnl_Id="912">
<Cond>
<Loc EndOffset="10793" SrcFileId="7" StartOffset="10787"/>
</Cond>
<LocList>
<Loc EndOffset="10836" SrcFileId="7" StartOffset="10815"/>
</LocList>
<StmntSeq Intrnl_Id="913">
<LocList>
<Loc EndOffset="10836" SrcFileId="7" StartOffset="10815"/>
</LocList>
<BasicStmnt CovItemId="S101" CovItemPrefix="org.codecover.simplejavaapp.view.FrameMain.java" Intrnl_Id="914">
<LocList>
<Loc EndOffset="10836" SrcFileId="7" StartOffset="10815"/>
</LocList>
</BasicStmnt>
</StmntSeq>
</Branch>
<Branch CovItemId="B8" CovItemPrefix="org.codecover.simplejavaapp.view.FrameMain.java" Implct="false" Intrnl_Id="915">
<Cond>
<Loc EndOffset="10859" SrcFileId="7" StartOffset="10853"/>
</Cond>
<LocList>
<Loc EndOffset="10901" SrcFileId="7" StartOffset="10881"/>
</LocList>
<StmntSeq Intrnl_Id="916">
<LocList>
<Loc EndOffset="10901" SrcFileId="7" StartOffset="10881"/>
</LocList>
<BasicStmnt CovItemId="S102" CovItemPrefix="org.codecover.simplejavaapp.view.FrameMain.java" Intrnl_Id="917">
<LocList>
<Loc EndOffset="10901" SrcFileId="7" StartOffset="10881"/>
</LocList>
</BasicStmnt>
</StmntSeq>
</Branch>
<Branch CovItemId="B9" CovItemPrefix="org.codecover.simplejavaapp.view.FrameMain.java" Implct="true" Intrnl_Id="918">
<Cond/>
<LocList/>
<StmntSeq Intrnl_Id="919">
<LocList/>
</StmntSeq>
</Branch>
<Keyword EndOffset="10624" SrcFileId="7" StartOffset="10618"/>
<LocList>
<Loc EndOffset="10915" SrcFileId="7" StartOffset="10618"/>
</LocList>
</CondStmnt>
<BasicStmnt CovItemId="S103" CovItemPrefix="org.codecover.simplejavaapp.view.FrameMain.java" Intrnl_Id="920">
<LocList>
<Loc EndOffset="10940" SrcFileId="7" StartOffset="10928"/>
</LocList>
</BasicStmnt>
</StmntSeq>
</HierarchyLvl>
<HierarchyLvl HierarchyLvlId="130" HierarchyLvlTypeId="14" Intrnl_Id="921" Name="getColumnName">
<Header>
<Loc EndOffset="11150" SrcFileId="7" StartOffset="11093"/>
</Header>
<LocList>
<Loc EndOffset="11214" SrcFileId="7" StartOffset="11093"/>
</LocList>
<StmntSeq Intrnl_Id="922">
<LocList>
<Loc EndOffset="11204" SrcFileId="7" StartOffset="11165"/>
</LocList>
<BasicStmnt CovItemId="S104" CovItemPrefix="org.codecover.simplejavaapp.view.FrameMain.java" Intrnl_Id="923">
<LocList>
<Loc EndOffset="11204" SrcFileId="7" StartOffset="11165"/>
</LocList>
</BasicStmnt>
</StmntSeq>
</HierarchyLvl>
<HierarchyLvl HierarchyLvlId="131" HierarchyLvlTypeId="14" Intrnl_Id="924" Name="getColumnCount">
<Header>
<Loc EndOffset="11374" SrcFileId="7" StartOffset="11347"/>
</Header>
<LocList>
<Loc EndOffset="11437" SrcFileId="7" StartOffset="11347"/>
</LocList>
<StmntSeq Intrnl_Id="925">
<LocList>
<Loc EndOffset="11427" SrcFileId="7" StartOffset="11389"/>
</LocList>
<BasicStmnt CovItemId="S105" CovItemPrefix="org.codecover.simplejavaapp.view.FrameMain.java" Intrnl_Id="926">
<LocList>
<Loc EndOffset="11427" SrcFileId="7" StartOffset="11389"/>
</LocList>
</BasicStmnt>
</StmntSeq>
</HierarchyLvl>
<HierarchyLvl HierarchyLvlId="132" HierarchyLvlTypeId="14" Intrnl_Id="927" Name="getRowCount">
<Header>
<Loc EndOffset="11591" SrcFileId="7" StartOffset="11567"/>
</Header>
<LocList>
<Loc EndOffset="11644" SrcFileId="7" StartOffset="11567"/>
</LocList>
<StmntSeq Intrnl_Id="928">
<LocList>
<Loc EndOffset="11634" SrcFileId="7" StartOffset="11606"/>
</LocList>
<BasicStmnt CovItemId="S106" CovItemPrefix="org.codecover.simplejavaapp.view.FrameMain.java" Intrnl_Id="929">
<LocList>
<Loc EndOffset="11634" SrcFileId="7" StartOffset="11606"/>
</LocList>
</BasicStmnt>
</StmntSeq>
</HierarchyLvl>
<HierarchyLvl HierarchyLvlId="133" HierarchyLvlTypeId="14" Intrnl_Id="930" Name="getValueAt">
<Header>
<Loc EndOffset="11836" SrcFileId="7" StartOffset="11781"/>
</Header>
<LocList>
<Loc EndOffset="12246" SrcFileId="7" StartOffset="11781"/>
</LocList>
<StmntSeq Intrnl_Id="931">
<LocList>
<Loc EndOffset="11891" SrcFileId="7" StartOffset="11851"/>
<Loc EndOffset="12211" SrcFileId="7" StartOffset="11905"/>
<Loc EndOffset="12236" SrcFileId="7" StartOffset="12224"/>
</LocList>
<BasicStmnt CovItemId="S107" CovItemPrefix="org.codecover.simplejavaapp.view.FrameMain.java" Intrnl_Id="932">
<LocList>
<Loc EndOffset="11891" SrcFileId="7" StartOffset="11851"/>
</LocList>
</BasicStmnt>
<CondStmnt CovItemId="S108" CovItemPrefix="org.codecover.simplejavaapp.view.FrameMain.java" Intrnl_Id="933">
<Branch CovItemId="B10" CovItemPrefix="org.codecover.simplejavaapp.view.FrameMain.java" Implct="false" Intrnl_Id="934">
<Cond>
<Loc EndOffset="11950" SrcFileId="7" StartOffset="11944"/>
</Cond>
<LocList>
<Loc EndOffset="11996" SrcFileId="7" StartOffset="11972"/>
</LocList>
<StmntSeq Intrnl_Id="935">
<LocList>
<Loc EndOffset="11996" SrcFileId="7" StartOffset="11972"/>
</LocList>
<BasicStmnt CovItemId="S109" CovItemPrefix="org.codecover.simplejavaapp.view.FrameMain.java" Intrnl_Id="936">
<LocList>
<Loc EndOffset="11996" SrcFileId="7" StartOffset="11972"/>
</LocList>
</BasicStmnt>
</StmntSeq>
</Branch>
<Branch CovItemId="B11" CovItemPrefix="org.codecover.simplejavaapp.view.FrameMain.java" Implct="false" Intrnl_Id="937">
<Cond>
<Loc EndOffset="12019" SrcFileId="7" StartOffset="12013"/>
</Cond>
<LocList>
<Loc EndOffset="12063" SrcFileId="7" StartOffset="12041"/>
</LocList>
<StmntSeq Intrnl_Id="938">
<LocList>
<Loc EndOffset="12063" SrcFileId="7" StartOffset="12041"/>
</LocList>
<BasicStmnt CovItemId="S110" CovItemPrefix="org.codecover.simplejavaapp.view.FrameMain.java" Intrnl_Id="939">
<LocList>
<Loc EndOffset="12063" SrcFileId="7" StartOffset="12041"/>
</LocList>
</BasicStmnt>
</StmntSeq>
</Branch>
<Branch CovItemId="B12" CovItemPrefix="org.codecover.simplejavaapp.view.FrameMain.java" Implct="false" Intrnl_Id="940">
<Cond>
<Loc EndOffset="12086" SrcFileId="7" StartOffset="12080"/>
</Cond>
<LocList>
<Loc EndOffset="12130" SrcFileId="7" StartOffset="12108"/>
</LocList>
<StmntSeq Intrnl_Id="941">
<LocList>
<Loc EndOffset="12130" SrcFileId="7" StartOffset="12108"/>
</LocList>
<BasicStmnt CovItemId="S111" CovItemPrefix="org.codecover.simplejavaapp.view.FrameMain.java" Intrnl_Id="942">
<LocList>
<Loc EndOffset="12130" SrcFileId="7" StartOffset="12108"/>
</LocList>
</BasicStmnt>
</StmntSeq>
</Branch>
<Branch CovItemId="B13" CovItemPrefix="org.codecover.simplejavaapp.view.FrameMain.java" Implct="false" Intrnl_Id="943">
<Cond>
<Loc EndOffset="12153" SrcFileId="7" StartOffset="12147"/>
</Cond>
<LocList>
<Loc EndOffset="12197" SrcFileId="7" StartOffset="12175"/>
</LocList>
<StmntSeq Intrnl_Id="944">
<LocList>
<Loc EndOffset="12197" SrcFileId="7" StartOffset="12175"/>
</LocList>
<BasicStmnt CovItemId="S112" CovItemPrefix="org.codecover.simplejavaapp.view.FrameMain.java" Intrnl_Id="945">
<LocList>
<Loc EndOffset="12197" SrcFileId="7" StartOffset="12175"/>
</LocList>
</BasicStmnt>
</StmntSeq>
</Branch>
<Branch CovItemId="B14" CovItemPrefix="org.codecover.simplejavaapp.view.FrameMain.java" Implct="true" Intrnl_Id="946">
<Cond/>
<LocList/>
<StmntSeq Intrnl_Id="947">
<LocList/>
</StmntSeq>
</Branch>
<Keyword EndOffset="11911" SrcFileId="7" StartOffset="11905"/>
<LocList>
<Loc EndOffset="12211" SrcFileId="7" StartOffset="11905"/>
</LocList>
</CondStmnt>
<BasicStmnt CovItemId="S113" CovItemPrefix="org.codecover.simplejavaapp.view.FrameMain.java" Intrnl_Id="948">
<LocList>
<Loc EndOffset="12236" SrcFileId="7" StartOffset="12224"/>
</LocList>
</BasicStmnt>
</StmntSeq>
</HierarchyLvl>
<HierarchyLvl HierarchyLvlId="134" HierarchyLvlTypeId="14" Intrnl_Id="949" Name="isCellEditable">
<Header>
<Loc EndOffset="12465" SrcFileId="7" StartOffset="12387"/>
</Header>
<LocList>
<Loc EndOffset="12502" SrcFileId="7" StartOffset="12387"/>
</LocList>
<StmntSeq Intrnl_Id="950">
<LocList>
<Loc EndOffset="12492" SrcFileId="7" StartOffset="12480"/>
</LocList>
<BasicStmnt CovItemId="S114" CovItemPrefix="org.codecover.simplejavaapp.view.FrameMain.java" Intrnl_Id="951">
<LocList>
<Loc EndOffset="12492" SrcFileId="7" StartOffset="12480"/>
</LocList>
</BasicStmnt>
</StmntSeq>
</HierarchyLvl>
<HierarchyLvl HierarchyLvlId="135" HierarchyLvlTypeId="14" Intrnl_Id="952" Name="setValueAt">
<Header>
<Loc EndOffset="12758" SrcFileId="7" StartOffset="12673"/>
</Header>
<LocList>
<Loc EndOffset="13293" SrcFileId="7" StartOffset="12673"/>
</LocList>
<StmntSeq Intrnl_Id="953">
<LocList>
<Loc EndOffset="12813" SrcFileId="7" StartOffset="12773"/>
<Loc EndOffset="13283" SrcFileId="7" StartOffset="12827"/>
</LocList>
<BasicStmnt CovItemId="S115" CovItemPrefix="org.codecover.simplejavaapp.view.FrameMain.java" Intrnl_Id="954">
<LocList>
<Loc EndOffset="12813" SrcFileId="7" StartOffset="12773"/>
</LocList>
</BasicStmnt>
<CondStmnt CovItemId="S116" CovItemPrefix="org.codecover.simplejavaapp.view.FrameMain.java" Intrnl_Id="955">
<Branch CovItemId="B15" CovItemPrefix="org.codecover.simplejavaapp.view.FrameMain.java" Implct="false" Intrnl_Id="956">
<Cond>
<Loc EndOffset="12872" SrcFileId="7" StartOffset="12866"/>
</Cond>
<LocList>
<Loc EndOffset="12952" SrcFileId="7" StartOffset="12894"/>
</LocList>
<StmntSeq Intrnl_Id="957">
<LocList>
<Loc EndOffset="12925" SrcFileId="7" StartOffset="12894"/>
<Loc EndOffset="12952" SrcFileId="7" StartOffset="12946"/>
</LocList>
<BasicStmnt CovItemId="S117" CovItemPrefix="org.codecover.simplejavaapp.view.FrameMain.java" Intrnl_Id="958">
<LocList>
<Loc EndOffset="12925" SrcFileId="7" StartOffset="12894"/>
</LocList>
</BasicStmnt>
<BasicStmnt CovItemId="S118" CovItemPrefix="org.codecover.simplejavaapp.view.FrameMain.java" Intrnl_Id="959">
<LocList>
<Loc EndOffset="12952" SrcFileId="7" StartOffset="12946"/>
</LocList>
</BasicStmnt>
</StmntSeq>
</Branch>
<Branch CovItemId="B16" CovItemPrefix="org.codecover.simplejavaapp.view.FrameMain.java" Implct="false" Intrnl_Id="960">
<Cond>
<Loc EndOffset="12975" SrcFileId="7" StartOffset="12969"/>
</Cond>
<LocList>
<Loc EndOffset="13053" SrcFileId="7" StartOffset="12997"/>
</LocList>
<StmntSeq Intrnl_Id="961">
<LocList>
<Loc EndOffset="13026" SrcFileId="7" StartOffset="12997"/>
<Loc EndOffset="13053" SrcFileId="7" StartOffset="13047"/>
</LocList>
<BasicStmnt CovItemId="S119" CovItemPrefix="org.codecover.simplejavaapp.view.FrameMain.java" Intrnl_Id="962">
<LocList>
<Loc EndOffset="13026" SrcFileId="7" StartOffset="12997"/>
</LocList>
</BasicStmnt>
<BasicStmnt CovItemId="S120" CovItemPrefix="org.codecover.simplejavaapp.view.FrameMain.java" Intrnl_Id="963">
<LocList>
<Loc EndOffset="13053" SrcFileId="7" StartOffset="13047"/>
</LocList>
</BasicStmnt>
</StmntSeq>
</Branch>
<Branch CovItemId="B17" CovItemPrefix="org.codecover.simplejavaapp.view.FrameMain.java" Implct="false" Intrnl_Id="964">
<Cond>
<Loc EndOffset="13076" SrcFileId="7" StartOffset="13070"/>
</Cond>
<LocList>
<Loc EndOffset="13168" SrcFileId="7" StartOffset="13098"/>
</LocList>
<StmntSeq Intrnl_Id="965">
<LocList>
<Loc EndOffset="13141" SrcFileId="7" StartOffset="13098"/>
<Loc EndOffset="13168" SrcFileId="7" StartOffset="13162"/>
</LocList>
<BasicStmnt CovItemId="S121" CovItemPrefix="org.codecover.simplejavaapp.view.FrameMain.java" Intrnl_Id="966">
<LocList>
<Loc EndOffset="13141" SrcFileId="7" StartOffset="13098"/>
</LocList>
</BasicStmnt>
<BasicStmnt CovItemId="S122" CovItemPrefix="org.codecover.simplejavaapp.view.FrameMain.java" Intrnl_Id="967">
<LocList>
<Loc EndOffset="13168" SrcFileId="7" StartOffset="13162"/>
</LocList>
</BasicStmnt>
</StmntSeq>
</Branch>
<Branch CovItemId="B18" CovItemPrefix="org.codecover.simplejavaapp.view.FrameMain.java" Implct="false" Intrnl_Id="968">
<Cond>
<Loc EndOffset="13191" SrcFileId="7" StartOffset="13185"/>
</Cond>
<LocList>
<Loc EndOffset="13269" SrcFileId="7" StartOffset="13213"/>
</LocList>
<StmntSeq Intrnl_Id="969">
<LocList>
<Loc EndOffset="13242" SrcFileId="7" StartOffset="13213"/>
<Loc EndOffset="13269" SrcFileId="7" StartOffset="13263"/>
</LocList>
<BasicStmnt CovItemId="S123" CovItemPrefix="org.codecover.simplejavaapp.view.FrameMain.java" Intrnl_Id="970">
<LocList>
<Loc EndOffset="13242" SrcFileId="7" StartOffset="13213"/>
</LocList>
</BasicStmnt>
<BasicStmnt CovItemId="S124" CovItemPrefix="org.codecover.simplejavaapp.view.FrameMain.java" Intrnl_Id="971">
<LocList>
<Loc EndOffset="13269" SrcFileId="7" StartOffset="13263"/>
</LocList>
</BasicStmnt>
</StmntSeq>
</Branch>
<Branch CovItemId="B19" CovItemPrefix="org.codecover.simplejavaapp.view.FrameMain.java" Implct="true" Intrnl_Id="972">
<Cond/>
<LocList/>
<StmntSeq Intrnl_Id="973">
<LocList/>
</StmntSeq>
</Branch>
<Keyword EndOffset="12833" SrcFileId="7" StartOffset="12827"/>
<LocList>
<Loc EndOffset="13283" SrcFileId="7" StartOffset="12827"/>
</LocList>
</CondStmnt>
</StmntSeq>
</HierarchyLvl>
</HierarchyLvl>
</HierarchyLvl>
</HierarchyLvl>
<HierarchyLvl HierarchyLvlId="4" HierarchyLvlTypeId="15" Intrnl_Id="974" Name="SimpleJavaApp">
<Header>
<Loc EndOffset="186" SrcFileId="1" StartOffset="160"/>
</Header>
<LocList>
<Loc EndOffset="509" SrcFileId="1" StartOffset="160"/>
</LocList>
<StmntSeq Intrnl_Id="975">
<LocList>
<Loc EndOffset="269" SrcFileId="1" StartOffset="193"/>
</LocList>
<BasicStmnt CovItemId="S1" CovItemPrefix="org.codecover.simplejavaapp.SimpleJavaApp.java" Intrnl_Id="976">
<LocList>
<Loc EndOffset="269" SrcFileId="1" StartOffset="193"/>
</LocList>
</BasicStmnt>
</StmntSeq>
<HierarchyLvl HierarchyLvlId="3" HierarchyLvlTypeId="14" Intrnl_Id="977" Name="main">
<Header>
<Loc EndOffset="348" SrcFileId="1" StartOffset="310"/>
</Header>
<LocList>
<Loc EndOffset="507" SrcFileId="1" StartOffset="310"/>
</LocList>
<StmntSeq Intrnl_Id="978">
<LocList>
<Loc EndOffset="456" SrcFileId="1" StartOffset="359"/>
<Loc EndOffset="501" SrcFileId="1" StartOffset="474"/>
</LocList>
<CondStmnt CovItemId="S2" CovItemPrefix="org.codecover.simplejavaapp.SimpleJavaApp.java" Intrnl_Id="979">
<Branch CovItemId="B1" CovItemPrefix="org.codecover.simplejavaapp.SimpleJavaApp.java" Implct="false" Intrnl_Id="980">
<Cond/>
<LocList>
<Loc EndOffset="456" SrcFileId="1" StartOffset="375"/>
</LocList>
<StmntSeq Intrnl_Id="981">
<LocList>
<Loc EndOffset="446" SrcFileId="1" StartOffset="389"/>
</LocList>
<BasicStmnt CovItemId="S3" CovItemPrefix="org.codecover.simplejavaapp.SimpleJavaApp.java" Intrnl_Id="982">
<LocList>
<Loc EndOffset="446" SrcFileId="1" StartOffset="389"/>
</LocList>
</BasicStmnt>
</StmntSeq>
</Branch>
<Branch CovItemId="B2" CovItemPrefix="org.codecover.simplejavaapp.SimpleJavaApp.java" Implct="true" Intrnl_Id="983">
<Cond/>
<LocList/>
<StmntSeq Intrnl_Id="984">
<LocList/>
</StmntSeq>
</Branch>
<Keyword EndOffset="361" SrcFileId="1" StartOffset="359"/>
<LocList>
<Loc EndOffset="456" SrcFileId="1" StartOffset="359"/>
</LocList>
<RootTerm CovItemId="C1" CovItemPrefix="org.codecover.simplejavaapp.SimpleJavaApp.java" Intrnl_Id="985">
<BasicBoolTerm Intrnl_Id="986">
<LocList>
<Loc EndOffset="373" SrcFileId="1" StartOffset="363"/>
</LocList>
</BasicBoolTerm>
</RootTerm>
</CondStmnt>
<BasicStmnt CovItemId="S4" CovItemPrefix="org.codecover.simplejavaapp.SimpleJavaApp.java" Intrnl_Id="987">
<LocList>
<Loc EndOffset="501" SrcFileId="1" StartOffset="474"/>
</LocList>
</BasicStmnt>
</StmntSeq>
</HierarchyLvl>
</HierarchyLvl>
</HierarchyLvl>
</HierarchyLvl>
</HierarchyLvl>
</HierarchyLvl>
</MASTRoot>
<TestSession Comment="" Date="1558361942512" Name="May 20, 2019 7:48:59 PM">
<TestCase Comment="This is a test case containing all coverage results cause no startTestCase methods where captured." Date="1558328458283" Name="UNNAMED TESTCASE">
<CovList>
<CovPrefix CovItemPrefix="org.codecover.simplejavaapp.SimpleJavaApp.java">
<Cov CovItemId="B2" Value="1"/>
<Cov CovItemId="S1" Value="1"/>
<Cov CovItemId="S2" Value="1"/>
<Cov CovItemId="S4" Value="1"/>
</CovPrefix>
<CovPrefix CovItemPrefix="org.codecover.simplejavaapp.controller.AppController.java">
<Cov CovItemId="B1" Value="1"/>
<Cov CovItemId="B33" Value="1"/>
<Cov CovItemId="B36" Value="1"/>
<Cov CovItemId="B37" Value="1"/>
<Cov CovItemId="B4" Value="2"/>
<Cov CovItemId="B41" Value="2"/>
<Cov CovItemId="B43" Value="1"/>
<Cov CovItemId="B44" Value="1"/>
<Cov CovItemId="B47" Value="1"/>
<Cov CovItemId="S1" Value="1"/>
<Cov CovItemId="S10" Value="2"/>
<Cov CovItemId="S11" Value="1"/>
<Cov CovItemId="S12" Value="1"/>
<Cov CovItemId="S13" Value="2"/>
<Cov CovItemId="S2" Value="1"/>
<Cov CovItemId="S21" Value="2"/>
<Cov CovItemId="S22" Value="2"/>
<Cov CovItemId="S23" Value="2"/>
<Cov CovItemId="S3" Value="1"/>
<Cov CovItemId="S4" Value="1"/>
<Cov CovItemId="S5" Value="1"/>
<Cov CovItemId="S53" Value="1"/>
<Cov CovItemId="S54" Value="1"/>
<Cov CovItemId="S55" Value="1"/>
<Cov CovItemId="S58" Value="1"/>
<Cov CovItemId="S59" Value="1"/>
<Cov CovItemId="S6" Value="1"/>
<Cov CovItemId="S61" Value="1"/>
<Cov CovItemId="S62" Value="1"/>
<Cov CovItemId="S63" Value="1"/>
<Cov CovItemId="S64" Value="1"/>
<Cov CovItemId="S68" Value="5"/>
<Cov CovItemId="S69" Value="2"/>
<Cov CovItemId="S7" Value="1"/>
<Cov CovItemId="S70" Value="2"/>
<Cov CovItemId="S73" Value="1"/>
<Cov CovItemId="S74" Value="1"/>
<Cov CovItemId="S75" Value="1"/>
<Cov CovItemId="S76" Value="1"/>
<Cov CovItemId="S8" Value="1"/>
<Cov CovItemId="S81" Value="1"/>
<Cov CovItemId="S82" Value="1"/>
<Cov CovItemId="S9" Value="2"/>
</CovPrefix>
<CovPrefix CovItemPrefix="org.codecover.simplejavaapp.model.AppFile.java">
<Cov CovItemId="B1" Value="1"/>
<Cov CovItemId="B3" Value="1"/>
<Cov CovItemId="L1-1" Value="5"/>
<Cov CovItemId="L2-1" Value="1"/>
<Cov CovItemId="S1" Value="2"/>
<Cov CovItemId="S10" Value="1"/>
<Cov CovItemId="S11" Value="1"/>
<Cov CovItemId="S12" Value="1"/>
<Cov CovItemId="S15" Value="9"/>
<Cov CovItemId="S16" Value="9"/>
<Cov CovItemId="S17" Value="4"/>
<Cov CovItemId="S18" Value="4"/>
<Cov CovItemId="S19" Value="2"/>
<Cov CovItemId="S2" Value="2"/>
<Cov CovItemId="S21" Value="5"/>
<Cov CovItemId="S22" Value="5"/>
<Cov CovItemId="S23" Value="1"/>
<Cov CovItemId="S24" Value="1"/>
<Cov CovItemId="S25" Value="9"/>
<Cov CovItemId="S26" Value="1"/>
<Cov CovItemId="S27" Value="1"/>
<Cov CovItemId="S28" Value="1"/>
<Cov CovItemId="S29" Value="1"/>
<Cov CovItemId="S3" Value="2"/>
<Cov CovItemId="S30" Value="1"/>
<Cov CovItemId="S31" Value="1"/>
<Cov CovItemId="S32" Value="1"/>
<Cov CovItemId="S33" Value="1"/>
<Cov CovItemId="S34" Value="1"/>
<Cov CovItemId="S35" Value="1"/>
<Cov CovItemId="S36" Value="1"/>
<Cov CovItemId="S37" Value="1"/>
<Cov CovItemId="S38" Value="1"/>
<Cov CovItemId="S39" Value="1"/>
<Cov CovItemId="S4" Value="2"/>
<Cov CovItemId="S40" Value="1"/>
<Cov CovItemId="S41" Value="1"/>
<Cov CovItemId="S42" Value="1"/>
<Cov CovItemId="S43" Value="1"/>
<Cov CovItemId="S44" Value="1"/>
<Cov CovItemId="S45" Value="1"/>
<Cov CovItemId="S46" Value="1"/>
<Cov CovItemId="S47" Value="1"/>
<Cov CovItemId="S48" Value="1"/>
<Cov CovItemId="S49" Value="1"/>
<Cov CovItemId="S5" Value="1"/>
<Cov CovItemId="S50" Value="1"/>
<Cov CovItemId="S6" Value="2"/>
<Cov CovItemId="S68" Value="2"/>
<Cov CovItemId="S7" Value="2"/>
<Cov CovItemId="S8" Value="300"/>
</CovPrefix>
<CovPrefix CovItemPrefix="org.codecover.simplejavaapp.model.AppModel.java">
<Cov CovItemId="B1" Value="1"/>
<Cov CovItemId="B12" Value="1"/>
<Cov CovItemId="B16" Value="2"/>
<Cov CovItemId="B2" Value="2"/>
<Cov CovItemId="B20" Value="316"/>
<Cov CovItemId="B22" Value="316"/>
<Cov CovItemId="B6" Value="1"/>
<Cov CovItemId="B8" Value="2"/>
<Cov CovItemId="S1" Value="3"/>
<Cov CovItemId="S13" Value="1"/>
<Cov CovItemId="S15" Value="1"/>
<Cov CovItemId="S16" Value="1"/>
<Cov CovItemId="S17" Value="2"/>
<Cov CovItemId="S19" Value="2"/>
<Cov CovItemId="S2" Value="1"/>
<Cov CovItemId="S20" Value="2"/>
<Cov CovItemId="S21" Value="2"/>
<Cov CovItemId="S22" Value="299"/>
<Cov CovItemId="S23" Value="299"/>
<Cov CovItemId="S28" Value="1"/>
<Cov CovItemId="S3" Value="3"/>
<Cov CovItemId="S30" Value="1"/>
<Cov CovItemId="S31" Value="1"/>
<Cov CovItemId="S36" Value="4"/>
<Cov CovItemId="S37" Value="4"/>
<Cov CovItemId="S38" Value="9"/>
<Cov CovItemId="S39" Value="9"/>
<Cov CovItemId="S4" Value="1"/>
<Cov CovItemId="S40" Value="2"/>
<Cov CovItemId="S42" Value="2"/>
<Cov CovItemId="S43" Value="2"/>
<Cov CovItemId="S48" Value="316"/>
<Cov CovItemId="S5" Value="2"/>
<Cov CovItemId="S50" Value="316"/>
<Cov CovItemId="S51" Value="316"/>
<Cov CovItemId="S53" Value="316"/>
<Cov CovItemId="S6" Value="2"/>
<Cov CovItemId="S7" Value="2"/>
</CovPrefix>
<CovPrefix CovItemPrefix="org.codecover.simplejavaapp.model.Book.java">
<Cov CovItemId="B2" Value="2"/>
<Cov CovItemId="B4" Value="1"/>
<Cov CovItemId="S1" Value="1"/>
<Cov CovItemId="S10" Value="1"/>
<Cov CovItemId="S11" Value="1"/>
<Cov CovItemId="S12" Value="2"/>
<Cov CovItemId="S13" Value="9"/>
<Cov CovItemId="S14" Value="9"/>
<Cov CovItemId="S15" Value="9"/>
<Cov CovItemId="S16" Value="10"/>
<Cov CovItemId="S17" Value="1"/>
<Cov CovItemId="S18" Value="1"/>
<Cov CovItemId="S19" Value="1"/>
<Cov CovItemId="S2" Value="1"/>
<Cov CovItemId="S20" Value="1"/>
<Cov CovItemId="S25" Value="2"/>
<Cov CovItemId="S27" Value="2"/>
<Cov CovItemId="S28" Value="1"/>
<Cov CovItemId="S29" Value="1"/>
<Cov CovItemId="S3" Value="1"/>
<Cov CovItemId="S31" Value="1"/>
<Cov CovItemId="S32" Value="1"/>
<Cov CovItemId="S33" Value="1"/>
<Cov CovItemId="S34" Value="1"/>
<Cov CovItemId="S35" Value="1"/>
<Cov CovItemId="S36" Value="1"/>
<Cov CovItemId="S37" Value="1"/>
<Cov CovItemId="S4" Value="1"/>
<Cov CovItemId="S5" Value="1"/>
<Cov CovItemId="S6" Value="1"/>
<Cov CovItemId="S7" Value="1"/>
<Cov CovItemId="S8" Value="1"/>
<Cov CovItemId="S9" Value="1"/>
</CovPrefix>
<CovPrefix CovItemPrefix="org.codecover.simplejavaapp.view.AppView.java">
<Cov CovItemId="B1" Value="1"/>
<Cov CovItemId="B2" Value="1"/>
<Cov CovItemId="B3" Value="1"/>
<Cov CovItemId="L1-1" Value="5"/>
<Cov CovItemId="S1" Value="1"/>
<Cov CovItemId="S11" Value="2"/>
<Cov CovItemId="S12" Value="2"/>
<Cov CovItemId="S13" Value="2"/>
<Cov CovItemId="S18" Value="2"/>
<Cov CovItemId="S19" Value="2"/>
<Cov CovItemId="S2" Value="2"/>
<Cov CovItemId="S20" Value="2"/>
<Cov CovItemId="S21" Value="2"/>
<Cov CovItemId="S24" Value="1"/>
<Cov CovItemId="S25" Value="1"/>
<Cov CovItemId="S26" Value="1"/>
<Cov CovItemId="S27" Value="1"/>
<Cov CovItemId="S28" Value="1"/>
<Cov CovItemId="S29" Value="1"/>
<Cov CovItemId="S3" Value="1"/>
<Cov CovItemId="S38" Value="3"/>
<Cov CovItemId="S4" Value="2"/>
<Cov CovItemId="S5" Value="1"/>
<Cov CovItemId="S6" Value="1"/>
<Cov CovItemId="S7" Value="5"/>
<Cov CovItemId="S8" Value="5"/>
<Cov CovItemId="S9" Value="1"/>
</CovPrefix>
<CovPrefix CovItemPrefix="org.codecover.simplejavaapp.view.FrameMain.java">
<Cov CovItemId="B1" Value="3"/>
<Cov CovItemId="B10" Value="8"/>
<Cov CovItemId="B11" Value="8"/>
<Cov CovItemId="B12" Value="8"/>
<Cov CovItemId="B13" Value="9"/>
<Cov CovItemId="B15" Value="1"/>
<Cov CovItemId="B16" Value="1"/>
<Cov CovItemId="B2" Value="2"/>
<Cov CovItemId="B3" Value="16"/>
<Cov CovItemId="B5" Value="10"/>
<Cov CovItemId="B6" Value="9"/>
<Cov CovItemId="B7" Value="8"/>
<Cov CovItemId="B8" Value="11"/>
<Cov CovItemId="Q0-0" Value="2"/>
<Cov CovItemId="Q1-0" Value="4"/>
<Cov CovItemId="Q1-1" Value="1"/>
<Cov CovItemId="S1" Value="2"/>
<Cov CovItemId="S10" Value="2"/>
<Cov CovItemId="S100" Value="9"/>
<Cov CovItemId="S101" Value="8"/>
<Cov CovItemId="S102" Value="11"/>
<Cov CovItemId="S104" Value="28"/>
<Cov CovItemId="S105" Value="35"/>
<Cov CovItemId="S106" Value="264"/>
<Cov CovItemId="S107" Value="33"/>
<Cov CovItemId="S108" Value="33"/>
<Cov CovItemId="S109" Value="8"/>
<Cov CovItemId="S110" Value="8"/>
<Cov CovItemId="S111" Value="8"/>
<Cov CovItemId="S112" Value="9"/>
<Cov CovItemId="S114" Value="5"/>
<Cov CovItemId="S115" Value="2"/>
<Cov CovItemId="S116" Value="2"/>
<Cov CovItemId="S117" Value="1"/>
<Cov CovItemId="S118" Value="1"/>
<Cov CovItemId="S119" Value="1"/>
<Cov CovItemId="S12" Value="2"/>
<Cov CovItemId="S120" Value="1"/>
<Cov CovItemId="S14" Value="2"/>
<Cov CovItemId="S16" Value="2"/>
<Cov CovItemId="S17" Value="1"/>
<Cov CovItemId="S18" Value="2"/>
<Cov CovItemId="S2" Value="1"/>
<Cov CovItemId="S20" Value="2"/>
<Cov CovItemId="S21" Value="5"/>
<Cov CovItemId="S22" Value="5"/>
<Cov CovItemId="S23" Value="2"/>
<Cov CovItemId="S24" Value="2"/>
<Cov CovItemId="S25" Value="2"/>
<Cov CovItemId="S26" Value="2"/>
<Cov CovItemId="S27" Value="2"/>
<Cov CovItemId="S28" Value="2"/>
<Cov CovItemId="S29" Value="2"/>
<Cov CovItemId="S3" Value="1"/>
<Cov CovItemId="S30" Value="2"/>
<Cov CovItemId="S31" Value="2"/>
<Cov CovItemId="S32" Value="2"/>
<Cov CovItemId="S33" Value="2"/>
<Cov CovItemId="S34" Value="2"/>
<Cov CovItemId="S35" Value="2"/>
<Cov CovItemId="S36" Value="2"/>
<Cov CovItemId="S37" Value="2"/>
<Cov CovItemId="S38" Value="2"/>
<Cov CovItemId="S39" Value="2"/>
<Cov CovItemId="S4" Value="2"/>
<Cov CovItemId="S40" Value="2"/>
<Cov CovItemId="S41" Value="2"/>
<Cov CovItemId="S42" Value="2"/>
<Cov CovItemId="S43" Value="2"/>
<Cov CovItemId="S44" Value="2"/>
<Cov CovItemId="S45" Value="2"/>
<Cov CovItemId="S46" Value="2"/>
<Cov CovItemId="S47" Value="2"/>
<Cov CovItemId="S48" Value="2"/>
<Cov CovItemId="S49" Value="2"/>
<Cov CovItemId="S5" Value="1"/>
<Cov CovItemId="S50" Value="2"/>
<Cov CovItemId="S51" Value="2"/>
<Cov CovItemId="S52" Value="2"/>
<Cov CovItemId="S53" Value="2"/>
<Cov CovItemId="S54" Value="2"/>
<Cov CovItemId="S55" Value="2"/>
<Cov CovItemId="S56" Value="2"/>
<Cov CovItemId="S57" Value="2"/>
<Cov CovItemId="S58" Value="2"/>
<Cov CovItemId="S59" Value="2"/>
<Cov CovItemId="S6" Value="2"/>
<Cov CovItemId="S60" Value="2"/>
<Cov CovItemId="S61" Value="2"/>
<Cov CovItemId="S62" Value="2"/>
<Cov CovItemId="S63" Value="2"/>
<Cov CovItemId="S64" Value="2"/>
<Cov CovItemId="S65" Value="2"/>
<Cov CovItemId="S66" Value="2"/>
<Cov CovItemId="S67" Value="2"/>
<Cov CovItemId="S68" Value="2"/>
<Cov CovItemId="S69" Value="2"/>
<Cov CovItemId="S7" Value="1"/>
<Cov CovItemId="S70" Value="2"/>
<Cov CovItemId="S71" Value="2"/>
<Cov CovItemId="S72" Value="2"/>
<Cov CovItemId="S73" Value="2"/>
<Cov CovItemId="S74" Value="2"/>
<Cov CovItemId="S75" Value="2"/>
<Cov CovItemId="S76" Value="2"/>
<Cov CovItemId="S77" Value="2"/>
<Cov CovItemId="S78" Value="299"/>
<Cov CovItemId="S8" Value="2"/>
<Cov CovItemId="S85" Value="5"/>
<Cov CovItemId="S86" Value="5"/>
<Cov CovItemId="S87" Value="3"/>
<Cov CovItemId="S88" Value="5"/>
<Cov CovItemId="S94" Value="16"/>
<Cov CovItemId="S95" Value="16"/>
<Cov CovItemId="S96" Value="16"/>
<Cov CovItemId="S97" Value="16"/>
<Cov CovItemId="S98" Value="38"/>
<Cov CovItemId="S99" Value="10"/>
</CovPrefix>
</CovList>
<AssgnmntList>
<AssgnmntPrefix RootTermCovItemPrefix="org.codecover.simplejavaapp.SimpleJavaApp.java">
<AssgnmntListEntry Length="1" RootTermCovItemId="C1">
<MapEntry BoolAssgnmnt="0" Value="1"/>
</AssgnmntListEntry>
</AssgnmntPrefix>
<AssgnmntPrefix RootTermCovItemPrefix="org.codecover.simplejavaapp.controller.AppController.java">
<AssgnmntListEntry Length="1" RootTermCovItemId="C1">
<MapEntry BoolAssgnmnt="1" Value="1"/>
</AssgnmntListEntry>
<AssgnmntListEntry Length="1" RootTermCovItemId="C10">
<MapEntry BoolAssgnmnt="0" Value="1"/>
</AssgnmntListEntry>
<AssgnmntListEntry Length="1" RootTermCovItemId="C2">
<MapEntry BoolAssgnmnt="0" Value="2"/>
</AssgnmntListEntry>
<AssgnmntListEntry Length="1" RootTermCovItemId="C9">
<MapEntry BoolAssgnmnt="1" Value="1"/>
</AssgnmntListEntry>
</AssgnmntPrefix>
<AssgnmntPrefix RootTermCovItemPrefix="org.codecover.simplejavaapp.model.AppFile.java">
<AssgnmntListEntry Length="1" RootTermCovItemId="C1">
<MapEntry BoolAssgnmnt="1" Value="1"/>
</AssgnmntListEntry>
</AssgnmntPrefix>
<AssgnmntPrefix RootTermCovItemPrefix="org.codecover.simplejavaapp.model.AppModel.java">
<AssgnmntListEntry Length="1" RootTermCovItemId="C1">
<MapEntry BoolAssgnmnt="0" Value="2"/>
<MapEntry BoolAssgnmnt="1" Value="1"/>
</AssgnmntListEntry>
<AssgnmntListEntry Length="1" RootTermCovItemId="C10">
<MapEntry BoolAssgnmnt="0" Value="316"/>
</AssgnmntListEntry>
<AssgnmntListEntry Length="1" RootTermCovItemId="C11">
<MapEntry BoolAssgnmnt="0" Value="316"/>
</AssgnmntListEntry>
<AssgnmntListEntry Length="1" RootTermCovItemId="C3">
<MapEntry BoolAssgnmnt="0" Value="1"/>
</AssgnmntListEntry>
<AssgnmntListEntry Length="2" RootTermCovItemId="C4">
<MapEntry BoolAssgnmnt="02" Value="2"/>
</AssgnmntListEntry>
<AssgnmntListEntry Length="1" RootTermCovItemId="C6">
<MapEntry BoolAssgnmnt="0" Value="1"/>
</AssgnmntListEntry>
<AssgnmntListEntry Length="1" RootTermCovItemId="C8">
<MapEntry BoolAssgnmnt="0" Value="2"/>
</AssgnmntListEntry>
</AssgnmntPrefix>
<AssgnmntPrefix RootTermCovItemPrefix="org.codecover.simplejavaapp.model.Book.java">
<AssgnmntListEntry Length="1" RootTermCovItemId="C1">
<MapEntry BoolAssgnmnt="0" Value="2"/>
</AssgnmntListEntry>
<AssgnmntListEntry Length="1" RootTermCovItemId="C2">
<MapEntry BoolAssgnmnt="0" Value="1"/>
</AssgnmntListEntry>
</AssgnmntPrefix>
<AssgnmntPrefix RootTermCovItemPrefix="org.codecover.simplejavaapp.view.AppView.java">
<AssgnmntListEntry Length="1" RootTermCovItemId="C1">
<MapEntry BoolAssgnmnt="0" Value="1"/>
<MapEntry BoolAssgnmnt="1" Value="1"/>
</AssgnmntListEntry>
<AssgnmntListEntry Length="1" RootTermCovItemId="C2">
<MapEntry BoolAssgnmnt="1" Value="1"/>
</AssgnmntListEntry>
</AssgnmntPrefix>
<AssgnmntPrefix RootTermCovItemPrefix="org.codecover.simplejavaapp.view.FrameMain.java">
<AssgnmntListEntry Length="1" RootTermCovItemId="C2">
<MapEntry BoolAssgnmnt="0" Value="2"/>
<MapEntry BoolAssgnmnt="1" Value="3"/>
</AssgnmntListEntry>
<AssgnmntListEntry Length="1" RootTermCovItemId="C3">
<MapEntry BoolAssgnmnt="1" Value="16"/>
</AssgnmntListEntry>
</AssgnmntPrefix>
</AssgnmntList>
<ObjMetaDataList/>
<MetaDataList/>
</TestCase>
<MetaDataList/>
</TestSession>
</TestSessionContainer>
